<?xml version="1.0" encoding="UTF-8"?>
<!-- Generated by org.testng.reporters.JUnitXMLReporter -->
<testsuite ignored="0" hostname="iamPoatan" failures="1" tests="3" name="Default test" time="94.985" errors="0" timestamp="2024-03-01T10:51:47 IST">
  <testcase classname="io.cucumber.testng.AbstractTestNGCucumberTests" name="runScenario" time="36.538">
    <failure type="java.lang.AssertionError" message="Scenario failed - Some products do not have the &amp;apos;Add to Cart&amp;apos; button.">
      <![CDATA[java.lang.AssertionError: Scenario failed - Some products do not have the 'Add to Cart' button.
at org.testng.Assert.fail(Assert.java:110)
at Steps.Cart.validateCartButtonForAllBooks(Cart.java:89)
at âœ½.User validates whether all books have addtocart button(file:///D:/demowebshop.tricentis.com/src/test/java/Features/CartFeature.feature:10)
]]>
    </failure>
  </testcase> <!-- runScenario -->
  <testcase classname="io.cucumber.testng.AbstractTestNGCucumberTests" name="runScenario" time="24.665"/>
  <testcase classname="io.cucumber.testng.AbstractTestNGCucumberTests" name="runScenario" time="27.994"/>
</testsuite> <!-- Default test -->
