<?xml version="1.0" encoding="UTF-8"?>
<testng-results ignored="0" total="3" passed="2" failed="1" skipped="0">
  <reporter-output>
  </reporter-output>
  <suite started-at="2024-03-01T10:50:12 IST" name="Default suite" finished-at="2024-03-01T10:51:47 IST" duration-ms="94985">
    <groups>
      <group name="cucumber">
        <method signature="AbstractTestNGCucumberTests.runScenario(io.cucumber.testng.PickleWrapper,io.cucumber.testng.FeatureWrapper)[pri:0, instance:Runner.Cart@4bb33f74]" name="runScenario" class="io.cucumber.testng.AbstractTestNGCucumberTests"/>
      </group> <!-- cucumber -->
    </groups>
    <test started-at="2024-03-01T10:50:12 IST" name="Default test" finished-at="2024-03-01T10:51:47 IST" duration-ms="94985">
      <class name="Runner.Cart">
        <test-method is-config="true" signature="setUpClass(org.testng.ITestContext)[pri:0, instance:Runner.Cart@4bb33f74]" started-at="2024-03-01T10:50:12 IST" name="setUpClass" finished-at="2024-03-01T10:50:13 IST" duration-ms="993" status="PASS">
          <params>
            <param index="0">
              <value>
                <![CDATA[org.testng.TestRunner@6334c0d8]]>
              </value>
            </param>
          </params>
          <reporter-output>
          </reporter-output>
        </test-method> <!-- setUpClass -->
        <test-method signature="runScenario(io.cucumber.testng.PickleWrapper,io.cucumber.testng.FeatureWrapper)[pri:0, instance:Runner.Cart@4bb33f74]" started-at="2024-03-01T10:50:13 IST" name="runScenario" description="Runs Cucumber Scenarios" data-provider="scenarios" finished-at="2024-03-01T10:50:50 IST" duration-ms="36538" status="FAIL">
          <params>
            <param index="0">
              <value>
                <![CDATA["User confirms all books with "AddToCart" button"]]>
              </value>
            </param>
            <param index="1">
              <value>
                <![CDATA["To Test DemowebShop Add/Remove from cart functionality"]]>
              </value>
            </param>
          </params>
          <exception class="java.lang.AssertionError">
            <message>
              <![CDATA[Scenario failed - Some products do not have the 'Add to Cart' button.]]>
            </message>
            <full-stacktrace>
              <![CDATA[java.lang.AssertionError: Scenario failed - Some products do not have the 'Add to Cart' button.
at org.testng.Assert.fail(Assert.java:110)
at Steps.Cart.validateCartButtonForAllBooks(Cart.java:89)
at âœ½.User validates whether all books have addtocart button(file:///D:/demowebshop.tricentis.com/src/test/java/Features/CartFeature.feature:10)
]]>
            </full-stacktrace>
          </exception> <!-- java.lang.AssertionError -->
          <reporter-output>
          </reporter-output>
        </test-method> <!-- runScenario -->
        <test-method signature="runScenario(io.cucumber.testng.PickleWrapper,io.cucumber.testng.FeatureWrapper)[pri:0, instance:Runner.Cart@4bb33f74]" started-at="2024-03-01T10:50:50 IST" name="runScenario" description="Runs Cucumber Scenarios" data-provider="scenarios" finished-at="2024-03-01T10:51:15 IST" duration-ms="24665" status="PASS">
          <params>
            <param index="0">
              <value>
                <![CDATA["User adds the third book to the cart"]]>
              </value>
            </param>
            <param index="1">
              <value>
                <![CDATA["To Test DemowebShop Add/Remove from cart functionality"]]>
              </value>
            </param>
          </params>
          <reporter-output>
          </reporter-output>
        </test-method> <!-- runScenario -->
        <test-method signature="runScenario(io.cucumber.testng.PickleWrapper,io.cucumber.testng.FeatureWrapper)[pri:0, instance:Runner.Cart@4bb33f74]" started-at="2024-03-01T10:51:15 IST" name="runScenario" description="Runs Cucumber Scenarios" data-provider="scenarios" finished-at="2024-03-01T10:51:43 IST" duration-ms="27994" status="PASS">
          <params>
            <param index="0">
              <value>
                <![CDATA["User adds and deletes products from the cart"]]>
              </value>
            </param>
            <param index="1">
              <value>
                <![CDATA["To Test DemowebShop Add/Remove from cart functionality"]]>
              </value>
            </param>
          </params>
          <reporter-output>
          </reporter-output>
        </test-method> <!-- runScenario -->
        <test-method is-config="true" signature="tearDownClass()[pri:0, instance:Runner.Cart@4bb33f74]" started-at="2024-03-01T10:51:43 IST" name="tearDownClass" finished-at="2024-03-01T10:51:47 IST" duration-ms="4734" status="PASS">
          <reporter-output>
          </reporter-output>
        </test-method> <!-- tearDownClass -->
      </class> <!-- Runner.Cart -->
    </test> <!-- Default test -->
  </suite> <!-- Default suite -->
</testng-results>
