<html>
<head>
<title>TestNG:  CucumberTest</title>
<link href="../testng.css" rel="stylesheet" type="text/css" />
<link href="../my-testng.css" rel="stylesheet" type="text/css" />

<style type="text/css">
.log { display: none;} 
.stack-trace { display: none;} 
</style>
<script type="text/javascript">
<!--
function flip(e) {
  current = e.style.display;
  if (current == 'block') {
    e.style.display = 'none';
    return 0;
  }
  else {
    e.style.display = 'block';
    return 1;
  }
}

function toggleBox(szDivId, elem, msg1, msg2)
{
  var res = -1;  if (document.getElementById) {
    res = flip(document.getElementById(szDivId));
  }
  else if (document.all) {
    // this is the way old msie versions work
    res = flip(document.all[szDivId]);
  }
  if(elem) {
    if(res == 0) elem.innerHTML = msg1; else elem.innerHTML = msg2;
  }

}

function toggleAllBoxes() {
  if (document.getElementsByTagName) {
    d = document.getElementsByTagName('div');
    for (i = 0; i < d.length; i++) {
      if (d[i].className == 'log') {
        flip(d[i]);
      }
    }
  }
}

// -->
</script>

</head>
<body>
<h2 align='center'>CucumberTest</h2><table border='1' align="center">
<tr>
<td>Tests passed/Failed/Skipped:</td><td>10/12/12</td>
</tr><tr>
<td>Started on:</td><td>Thu Feb 29 04:32:20 IST 2024</td>
</tr>
<tr><td>Total time:</td><td>685 seconds (685552 ms)</td>
</tr><tr>
<td>Included groups:</td><td></td>
</tr><tr>
<td>Excluded groups:</td><td></td>
</tr>
</table><p/>
<small><i>(Hover the method name to see the test class name)</i></small><p/>
<table width='100%' border='1' class='invocation-failed'>
<tr><td colspan='4' align='center'><b>FAILED TESTS</b></td></tr>
<tr><td><b>Test method</b></td>
<td><b>Attribute(s)</b></td>
<td width="30%"><b>Exception</b></td>
<td width="10%"><b>Time (seconds)</b></td>
<td><b>Instance</b></td>
</tr>
<tr>
<td title='Runner.Login.runScenario()'><b>runScenario</b><br>Test class: Runner.Login<br>Test method: Runs Cucumber Scenarios<br>Parameters: "User login with different credentials", "To Test DemoWebShop Login functionality"</td>
<td><div><pre>org.openqa.selenium.InvalidElementStateException: invalid element state
  (Session info: chrome=122.0.6261.70)
Build info: version: &apos;4.11.0&apos;, revision: &apos;040bc5406b&apos;
System info: os.name: &apos;Windows 11&apos;, os.arch: &apos;amd64&apos;, os.version: &apos;10.0&apos;, java.version: &apos;21.0.1&apos;
Driver info: org.openqa.selenium.chrome.ChromeDriver
Command: [ef27ba1cfe218cef7985155435303517, clearElement {id=f.6F89DC9DE8EB4B04ED2AA3088F929333.d.345884A278FE16B0584F65FC4669DF1C.e.78}]
Capabilities {acceptInsecureCerts: false, browserName: chrome, browserVersion: 122.0.6261.70, chrome: {chromedriverVersion: 122.0.6261.94 (880dbf29479c..., userDataDir: C:\Users\shiva\AppData\Loca...}, fedcm:accounts: true, goog:chromeOptions: {debuggerAddress: localhost:57788}, networkConnectionEnabled: false, pageLoadStrategy: normal, platformName: windows, proxy: Proxy(), se:cdp: ws://localhost:57788/devtoo..., se:cdpVersion: 122.0.6261.70, setWindowRect: true, strictFileInteractability: false, timeouts: {implicit: 0, pageLoad: 300000, script: 30000}, unhandledPromptBehavior: dismiss and notify, webauthn:extension:credBlob: true, webauthn:extension:largeBlob: true, webauthn:extension:minPinLength: true, webauthn:extension:prf: true, webauthn:virtualAuthenticators: true}
Element: [[ChromeDriver: chrome on windows (ef27ba1cfe218cef7985155435303517)] -&gt; xpath: //a[@href=&apos;/login&apos;]]
Session ID: ef27ba1cfe218cef7985155435303517
	at org.openqa.selenium.remote.codec.w3c.W3CHttpResponseCodec.createException(W3CHttpResponseCodec.java:200)
	at org.openqa.selenium.remote.codec.w3c.W3CHttpResponseCodec.decode(W3CHttpResponseCodec.java:133)
	at org.openqa.selenium.remote.codec.w3c.W3CHttpResponseCodec.decode(W3CHttpResponseCodec.java:52)
	at org.openqa.selenium.remote.HttpCommandExecutor.execute(HttpCommandExecutor.java:191)
	at org.openqa.selenium.remote.service.DriverCommandExecutor.invokeExecute(DriverCommandExecutor.java:196)
	at org.openqa.selenium.remote.service.DriverCommandExecutor.execute(DriverCommandExecutor.java:171)
	at org.openqa.selenium.remote.RemoteWebDriver.execute(RemoteWebDriver.java:518)
	at org.openqa.selenium.remote.RemoteWebElement.execute(RemoteWebElement.java:224)
	at org.openqa.selenium.remote.RemoteWebElement.clear(RemoteWebElement.java:130)
	at Steps.Login.messageShouldBeDisplayed(Login.java:77)
	at ✽.Message Should Be Displayed &apos;incorrect email or Password&apos;(file:///D:/demowebshop.tricentis.com/src/test/java/Features/LoginFeature.feature:8)
... Removed 3 stack frames</pre></div><a href='#' onClick='toggleBox("stack-trace2100060293", this, "Click to show all stack frames", "Click to hide stack frames")'>Click to show all stack frames</a>
<div class='stack-trace' id='stack-trace2100060293'><pre>org.openqa.selenium.InvalidElementStateException: invalid element state
  (Session info: chrome=122.0.6261.70)
Build info: version: &apos;4.11.0&apos;, revision: &apos;040bc5406b&apos;
System info: os.name: &apos;Windows 11&apos;, os.arch: &apos;amd64&apos;, os.version: &apos;10.0&apos;, java.version: &apos;21.0.1&apos;
Driver info: org.openqa.selenium.chrome.ChromeDriver
Command: [ef27ba1cfe218cef7985155435303517, clearElement {id=f.6F89DC9DE8EB4B04ED2AA3088F929333.d.345884A278FE16B0584F65FC4669DF1C.e.78}]
Capabilities {acceptInsecureCerts: false, browserName: chrome, browserVersion: 122.0.6261.70, chrome: {chromedriverVersion: 122.0.6261.94 (880dbf29479c..., userDataDir: C:\Users\shiva\AppData\Loca...}, fedcm:accounts: true, goog:chromeOptions: {debuggerAddress: localhost:57788}, networkConnectionEnabled: false, pageLoadStrategy: normal, platformName: windows, proxy: Proxy(), se:cdp: ws://localhost:57788/devtoo..., se:cdpVersion: 122.0.6261.70, setWindowRect: true, strictFileInteractability: false, timeouts: {implicit: 0, pageLoad: 300000, script: 30000}, unhandledPromptBehavior: dismiss and notify, webauthn:extension:credBlob: true, webauthn:extension:largeBlob: true, webauthn:extension:minPinLength: true, webauthn:extension:prf: true, webauthn:virtualAuthenticators: true}
Element: [[ChromeDriver: chrome on windows (ef27ba1cfe218cef7985155435303517)] -&gt; xpath: //a[@href=&apos;/login&apos;]]
Session ID: ef27ba1cfe218cef7985155435303517
	at java.base/jdk.internal.reflect.DirectConstructorHandleAccessor.newInstance(DirectConstructorHandleAccessor.java:62)
	at java.base/java.lang.reflect.Constructor.newInstanceWithCaller(Constructor.java:502)
	at java.base/java.lang.reflect.Constructor.newInstance(Constructor.java:486)
	at org.openqa.selenium.remote.codec.w3c.W3CHttpResponseCodec.createException(W3CHttpResponseCodec.java:200)
	at org.openqa.selenium.remote.codec.w3c.W3CHttpResponseCodec.decode(W3CHttpResponseCodec.java:133)
	at org.openqa.selenium.remote.codec.w3c.W3CHttpResponseCodec.decode(W3CHttpResponseCodec.java:52)
	at org.openqa.selenium.remote.HttpCommandExecutor.execute(HttpCommandExecutor.java:191)
	at org.openqa.selenium.remote.service.DriverCommandExecutor.invokeExecute(DriverCommandExecutor.java:196)
	at org.openqa.selenium.remote.service.DriverCommandExecutor.execute(DriverCommandExecutor.java:171)
	at org.openqa.selenium.remote.RemoteWebDriver.execute(RemoteWebDriver.java:518)
	at org.openqa.selenium.remote.RemoteWebElement.execute(RemoteWebElement.java:224)
	at org.openqa.selenium.remote.RemoteWebElement.clear(RemoteWebElement.java:130)
	at Steps.Login.messageShouldBeDisplayed(Login.java:77)
	at ✽.Message Should Be Displayed &apos;incorrect email or Password&apos;(file:///D:/demowebshop.tricentis.com/src/test/java/Features/LoginFeature.feature:8)
</pre></div></td>
<td>17</td>
<td>Runner.Login@4d5b6aac</td></tr>
<tr>
<td title='Runner.Login.runScenario()'><b>runScenario</b><br>Test class: Runner.Login<br>Test method: Runs Cucumber Scenarios<br>Parameters: "User login with different credentials", "To Test DemoWebShop Login functionality"</td>
<td><div><pre>org.openqa.selenium.InvalidElementStateException: invalid element state
  (Session info: chrome=122.0.6261.70)
Build info: version: &apos;4.11.0&apos;, revision: &apos;040bc5406b&apos;
System info: os.name: &apos;Windows 11&apos;, os.arch: &apos;amd64&apos;, os.version: &apos;10.0&apos;, java.version: &apos;21.0.1&apos;
Driver info: org.openqa.selenium.chrome.ChromeDriver
Command: [46d7cd1a751938e0994c956312b40216, clearElement {id=f.45C575CD5C6A6D0D33E662B585EA15A5.d.31758742615E960056EBB12E69003A63.e.77}]
Capabilities {acceptInsecureCerts: false, browserName: chrome, browserVersion: 122.0.6261.70, chrome: {chromedriverVersion: 122.0.6261.94 (880dbf29479c..., userDataDir: C:\Users\shiva\AppData\Loca...}, fedcm:accounts: true, goog:chromeOptions: {debuggerAddress: localhost:57447}, networkConnectionEnabled: false, pageLoadStrategy: normal, platformName: windows, proxy: Proxy(), se:cdp: ws://localhost:57447/devtoo..., se:cdpVersion: 122.0.6261.70, setWindowRect: true, strictFileInteractability: false, timeouts: {implicit: 0, pageLoad: 300000, script: 30000}, unhandledPromptBehavior: dismiss and notify, webauthn:extension:credBlob: true, webauthn:extension:largeBlob: true, webauthn:extension:minPinLength: true, webauthn:extension:prf: true, webauthn:virtualAuthenticators: true}
Element: [[ChromeDriver: chrome on windows (46d7cd1a751938e0994c956312b40216)] -&gt; xpath: //a[@href=&apos;/login&apos;]]
Session ID: 46d7cd1a751938e0994c956312b40216
	at org.openqa.selenium.remote.codec.w3c.W3CHttpResponseCodec.createException(W3CHttpResponseCodec.java:200)
	at org.openqa.selenium.remote.codec.w3c.W3CHttpResponseCodec.decode(W3CHttpResponseCodec.java:133)
	at org.openqa.selenium.remote.codec.w3c.W3CHttpResponseCodec.decode(W3CHttpResponseCodec.java:52)
	at org.openqa.selenium.remote.HttpCommandExecutor.execute(HttpCommandExecutor.java:191)
	at org.openqa.selenium.remote.service.DriverCommandExecutor.invokeExecute(DriverCommandExecutor.java:196)
	at org.openqa.selenium.remote.service.DriverCommandExecutor.execute(DriverCommandExecutor.java:171)
	at org.openqa.selenium.remote.RemoteWebDriver.execute(RemoteWebDriver.java:518)
	at org.openqa.selenium.remote.RemoteWebElement.execute(RemoteWebElement.java:224)
	at org.openqa.selenium.remote.RemoteWebElement.clear(RemoteWebElement.java:130)
	at Steps.Login.messageShouldBeDisplayed(Login.java:77)
	at ✽.Message Should Be Displayed &apos;incorrect email or Password&apos;(file:///D:/demowebshop.tricentis.com/src/test/java/Features/LoginFeature.feature:8)
... Removed 3 stack frames</pre></div><a href='#' onClick='toggleBox("stack-trace1804766329", this, "Click to show all stack frames", "Click to hide stack frames")'>Click to show all stack frames</a>
<div class='stack-trace' id='stack-trace1804766329'><pre>org.openqa.selenium.InvalidElementStateException: invalid element state
  (Session info: chrome=122.0.6261.70)
Build info: version: &apos;4.11.0&apos;, revision: &apos;040bc5406b&apos;
System info: os.name: &apos;Windows 11&apos;, os.arch: &apos;amd64&apos;, os.version: &apos;10.0&apos;, java.version: &apos;21.0.1&apos;
Driver info: org.openqa.selenium.chrome.ChromeDriver
Command: [46d7cd1a751938e0994c956312b40216, clearElement {id=f.45C575CD5C6A6D0D33E662B585EA15A5.d.31758742615E960056EBB12E69003A63.e.77}]
Capabilities {acceptInsecureCerts: false, browserName: chrome, browserVersion: 122.0.6261.70, chrome: {chromedriverVersion: 122.0.6261.94 (880dbf29479c..., userDataDir: C:\Users\shiva\AppData\Loca...}, fedcm:accounts: true, goog:chromeOptions: {debuggerAddress: localhost:57447}, networkConnectionEnabled: false, pageLoadStrategy: normal, platformName: windows, proxy: Proxy(), se:cdp: ws://localhost:57447/devtoo..., se:cdpVersion: 122.0.6261.70, setWindowRect: true, strictFileInteractability: false, timeouts: {implicit: 0, pageLoad: 300000, script: 30000}, unhandledPromptBehavior: dismiss and notify, webauthn:extension:credBlob: true, webauthn:extension:largeBlob: true, webauthn:extension:minPinLength: true, webauthn:extension:prf: true, webauthn:virtualAuthenticators: true}
Element: [[ChromeDriver: chrome on windows (46d7cd1a751938e0994c956312b40216)] -&gt; xpath: //a[@href=&apos;/login&apos;]]
Session ID: 46d7cd1a751938e0994c956312b40216
	at java.base/jdk.internal.reflect.DirectConstructorHandleAccessor.newInstance(DirectConstructorHandleAccessor.java:62)
	at java.base/java.lang.reflect.Constructor.newInstanceWithCaller(Constructor.java:502)
	at java.base/java.lang.reflect.Constructor.newInstance(Constructor.java:486)
	at org.openqa.selenium.remote.codec.w3c.W3CHttpResponseCodec.createException(W3CHttpResponseCodec.java:200)
	at org.openqa.selenium.remote.codec.w3c.W3CHttpResponseCodec.decode(W3CHttpResponseCodec.java:133)
	at org.openqa.selenium.remote.codec.w3c.W3CHttpResponseCodec.decode(W3CHttpResponseCodec.java:52)
	at org.openqa.selenium.remote.HttpCommandExecutor.execute(HttpCommandExecutor.java:191)
	at org.openqa.selenium.remote.service.DriverCommandExecutor.invokeExecute(DriverCommandExecutor.java:196)
	at org.openqa.selenium.remote.service.DriverCommandExecutor.execute(DriverCommandExecutor.java:171)
	at org.openqa.selenium.remote.RemoteWebDriver.execute(RemoteWebDriver.java:518)
	at org.openqa.selenium.remote.RemoteWebElement.execute(RemoteWebElement.java:224)
	at org.openqa.selenium.remote.RemoteWebElement.clear(RemoteWebElement.java:130)
	at Steps.Login.messageShouldBeDisplayed(Login.java:77)
	at ✽.Message Should Be Displayed &apos;incorrect email or Password&apos;(file:///D:/demowebshop.tricentis.com/src/test/java/Features/LoginFeature.feature:8)
</pre></div></td>
<td>17</td>
<td>Runner.Login@4d5b6aac</td></tr>
<tr>
<td title='Runner.Registration.runScenario()'><b>runScenario</b><br>Test class: Runner.Registration<br>Test method: Runs Cucumber Scenarios<br>Parameters: "Register user with different data", "To Test the DemoWebShop Register functionality"</td>
<td><div><pre>java.lang.AssertionError: Failure got to catch block
	at Steps.Registration.the_user_clicks_on_register(Registration.java:123)
	at ✽.the user clicks on register(file:///D:/demowebshop.tricentis.com/src/test/java/Features/RegistrationFeature.feature:13)
... Removed 1 stack frames</pre></div><a href='#' onClick='toggleBox("stack-trace372124065", this, "Click to show all stack frames", "Click to hide stack frames")'>Click to show all stack frames</a>
<div class='stack-trace' id='stack-trace372124065'><pre>java.lang.AssertionError: Failure got to catch block
	at org.testng.Assert.fail(Assert.java:110)
	at Steps.Registration.the_user_clicks_on_register(Registration.java:123)
	at ✽.the user clicks on register(file:///D:/demowebshop.tricentis.com/src/test/java/Features/RegistrationFeature.feature:13)
</pre></div></td>
<td>11</td>
<td>Runner.Registration@2053d869</td></tr>
<tr>
<td title='Runner.Poll.runScenario()'><b>runScenario</b><br>Test class: Runner.Poll<br>Test method: Runs Cucumber Scenarios<br>Parameters: "User to poll with login", "To Test DemoWebshop Community Poll Functionality"</td>
<td><div><pre>java.lang.AssertionError: 7521 vote(s)...
	at org.junit.Assert.fail(Assert.java:89)
	at org.junit.Assert.assertTrue(Assert.java:42)
	at org.junit.Assert.assertFalse(Assert.java:65)
	at Steps.Poll.user_select_one_option_from_poll_and_vote(Poll.java:90)
	at ✽.User select one option from poll and vote(file:///D:/demowebshop.tricentis.com/src/test/java/Features/PollFeature.feature:15)
</pre></div><a href='#' onClick='toggleBox("stack-trace1127043676", this, "Click to show all stack frames", "Click to hide stack frames")'>Click to show all stack frames</a>
<div class='stack-trace' id='stack-trace1127043676'><pre>java.lang.AssertionError: 7521 vote(s)...
	at org.junit.Assert.fail(Assert.java:89)
	at org.junit.Assert.assertTrue(Assert.java:42)
	at org.junit.Assert.assertFalse(Assert.java:65)
	at Steps.Poll.user_select_one_option_from_poll_and_vote(Poll.java:90)
	at ✽.User select one option from poll and vote(file:///D:/demowebshop.tricentis.com/src/test/java/Features/PollFeature.feature:15)
</pre></div></td>
<td>12</td>
<td>Runner.Poll@483f6d77</td></tr>
<tr>
<td title='Runner.Subscription.runScenario()'><b>runScenario</b><br>Test class: Runner.Subscription<br>Test method: Runs Cucumber Scenarios<br>Parameters: "Testing of News Letter Subscription Page", "To Test DemoWebshop NewsLetter Subscription Functionality"</td>
<td><div><pre>org.openqa.selenium.NoSuchSessionException: Session ID is null. Using WebDriver after calling quit()?
Build info: version: &apos;4.11.0&apos;, revision: &apos;040bc5406b&apos;
System info: os.name: &apos;Windows 11&apos;, os.arch: &apos;amd64&apos;, os.version: &apos;10.0&apos;, java.version: &apos;21.0.1&apos;
Driver info: org.openqa.selenium.chrome.ChromeDriver
Command: [null, findElement {using=xpath, value=//a[@class=&apos;ico-logout&apos;]}]
Capabilities {acceptInsecureCerts: false, browserName: chrome, browserVersion: 122.0.6261.70, chrome: {chromedriverVersion: 122.0.6261.94 (880dbf29479c..., userDataDir: C:\Users\shiva\AppData\Loca...}, fedcm:accounts: true, goog:chromeOptions: {debuggerAddress: localhost:59349}, networkConnectionEnabled: false, pageLoadStrategy: normal, platformName: windows, proxy: Proxy(), se:cdp: ws://localhost:59349/devtoo..., se:cdpVersion: 122.0.6261.70, setWindowRect: true, strictFileInteractability: false, timeouts: {implicit: 0, pageLoad: 300000, script: 30000}, unhandledPromptBehavior: dismiss and notify, webauthn:extension:credBlob: true, webauthn:extension:largeBlob: true, webauthn:extension:minPinLength: true, webauthn:extension:prf: true, webauthn:virtualAuthenticators: true}
	at org.openqa.selenium.remote.HttpCommandExecutor.execute(HttpCommandExecutor.java:152)
	at org.openqa.selenium.remote.service.DriverCommandExecutor.invokeExecute(DriverCommandExecutor.java:196)
	at org.openqa.selenium.remote.service.DriverCommandExecutor.execute(DriverCommandExecutor.java:171)
	at org.openqa.selenium.remote.RemoteWebDriver.execute(RemoteWebDriver.java:518)
	at org.openqa.selenium.remote.ElementLocation$ElementFinder$2.findElement(ElementLocation.java:165)
	at org.openqa.selenium.remote.ElementLocation.findElement(ElementLocation.java:59)
	at org.openqa.selenium.remote.RemoteWebDriver.findElement(RemoteWebDriver.java:355)
	at org.openqa.selenium.remote.RemoteWebDriver.findElement(RemoteWebDriver.java:349)
	at org.openqa.selenium.support.pagefactory.DefaultElementLocator.findElement(DefaultElementLocator.java:68)
	at org.openqa.selenium.support.pagefactory.internal.LocatingElementHandler.invoke(LocatingElementHandler.java:38)
	at jdk.proxy2/jdk.proxy2.$Proxy49.click(Unknown Source)
	at Pages.SubscriptionPage.Click_Logout(SubscriptionPage.java:87)
	at Steps.Subscription.i_logout(Subscription.java:107)
	at ✽.I logout(file:///D:/demowebshop.tricentis.com/src/test/java/Features/SubscriptionFeature.feature:14)
</pre></div><a href='#' onClick='toggleBox("stack-trace1061612404", this, "Click to show all stack frames", "Click to hide stack frames")'>Click to show all stack frames</a>
<div class='stack-trace' id='stack-trace1061612404'><pre>org.openqa.selenium.NoSuchSessionException: Session ID is null. Using WebDriver after calling quit()?
Build info: version: &apos;4.11.0&apos;, revision: &apos;040bc5406b&apos;
System info: os.name: &apos;Windows 11&apos;, os.arch: &apos;amd64&apos;, os.version: &apos;10.0&apos;, java.version: &apos;21.0.1&apos;
Driver info: org.openqa.selenium.chrome.ChromeDriver
Command: [null, findElement {using=xpath, value=//a[@class=&apos;ico-logout&apos;]}]
Capabilities {acceptInsecureCerts: false, browserName: chrome, browserVersion: 122.0.6261.70, chrome: {chromedriverVersion: 122.0.6261.94 (880dbf29479c..., userDataDir: C:\Users\shiva\AppData\Loca...}, fedcm:accounts: true, goog:chromeOptions: {debuggerAddress: localhost:59349}, networkConnectionEnabled: false, pageLoadStrategy: normal, platformName: windows, proxy: Proxy(), se:cdp: ws://localhost:59349/devtoo..., se:cdpVersion: 122.0.6261.70, setWindowRect: true, strictFileInteractability: false, timeouts: {implicit: 0, pageLoad: 300000, script: 30000}, unhandledPromptBehavior: dismiss and notify, webauthn:extension:credBlob: true, webauthn:extension:largeBlob: true, webauthn:extension:minPinLength: true, webauthn:extension:prf: true, webauthn:virtualAuthenticators: true}
	at org.openqa.selenium.remote.HttpCommandExecutor.execute(HttpCommandExecutor.java:152)
	at org.openqa.selenium.remote.service.DriverCommandExecutor.invokeExecute(DriverCommandExecutor.java:196)
	at org.openqa.selenium.remote.service.DriverCommandExecutor.execute(DriverCommandExecutor.java:171)
	at org.openqa.selenium.remote.RemoteWebDriver.execute(RemoteWebDriver.java:518)
	at org.openqa.selenium.remote.ElementLocation$ElementFinder$2.findElement(ElementLocation.java:165)
	at org.openqa.selenium.remote.ElementLocation.findElement(ElementLocation.java:59)
	at org.openqa.selenium.remote.RemoteWebDriver.findElement(RemoteWebDriver.java:355)
	at org.openqa.selenium.remote.RemoteWebDriver.findElement(RemoteWebDriver.java:349)
	at org.openqa.selenium.support.pagefactory.DefaultElementLocator.findElement(DefaultElementLocator.java:68)
	at org.openqa.selenium.support.pagefactory.internal.LocatingElementHandler.invoke(LocatingElementHandler.java:38)
	at jdk.proxy2/jdk.proxy2.$Proxy49.click(Unknown Source)
	at Pages.SubscriptionPage.Click_Logout(SubscriptionPage.java:87)
	at Steps.Subscription.i_logout(Subscription.java:107)
	at ✽.I logout(file:///D:/demowebshop.tricentis.com/src/test/java/Features/SubscriptionFeature.feature:14)
</pre></div></td>
<td>52</td>
<td>Runner.Subscription@7e5afaa6</td></tr>
<tr>
<td title='Runner.Registration.runScenario()'><b>runScenario</b><br>Test class: Runner.Registration<br>Test method: Runs Cucumber Scenarios<br>Parameters: "Register user with different data", "To Test the DemoWebShop Register functionality"</td>
<td><div><pre>java.lang.AssertionError: Failure got to catch block
	at Steps.Registration.the_user_clicks_on_register(Registration.java:123)
	at ✽.the user clicks on register(file:///D:/demowebshop.tricentis.com/src/test/java/Features/RegistrationFeature.feature:13)
... Removed 1 stack frames</pre></div><a href='#' onClick='toggleBox("stack-trace531068784", this, "Click to show all stack frames", "Click to hide stack frames")'>Click to show all stack frames</a>
<div class='stack-trace' id='stack-trace531068784'><pre>java.lang.AssertionError: Failure got to catch block
	at org.testng.Assert.fail(Assert.java:110)
	at Steps.Registration.the_user_clicks_on_register(Registration.java:123)
	at ✽.the user clicks on register(file:///D:/demowebshop.tricentis.com/src/test/java/Features/RegistrationFeature.feature:13)
</pre></div></td>
<td>11</td>
<td>Runner.Registration@2053d869</td></tr>
<tr>
<td title='Runner.Login.runScenario()'><b>runScenario</b><br>Test class: Runner.Login<br>Test method: Runs Cucumber Scenarios<br>Parameters: "User login with different credentials", "To Test DemoWebShop Login functionality"</td>
<td><div><pre>org.openqa.selenium.InvalidElementStateException: invalid element state
  (Session info: chrome=122.0.6261.70)
Build info: version: &apos;4.11.0&apos;, revision: &apos;040bc5406b&apos;
System info: os.name: &apos;Windows 11&apos;, os.arch: &apos;amd64&apos;, os.version: &apos;10.0&apos;, java.version: &apos;21.0.1&apos;
Driver info: org.openqa.selenium.chrome.ChromeDriver
Command: [8eb462955bd4b8561acadad0e20475cf, clearElement {id=f.3AC6172C996258FE3842FCC1C408C5B2.d.62183053B7AB5FC211AE3770FB7F6083.e.78}]
Capabilities {acceptInsecureCerts: false, browserName: chrome, browserVersion: 122.0.6261.70, chrome: {chromedriverVersion: 122.0.6261.94 (880dbf29479c..., userDataDir: C:\Users\shiva\AppData\Loca...}, fedcm:accounts: true, goog:chromeOptions: {debuggerAddress: localhost:57617}, networkConnectionEnabled: false, pageLoadStrategy: normal, platformName: windows, proxy: Proxy(), se:cdp: ws://localhost:57617/devtoo..., se:cdpVersion: 122.0.6261.70, setWindowRect: true, strictFileInteractability: false, timeouts: {implicit: 0, pageLoad: 300000, script: 30000}, unhandledPromptBehavior: dismiss and notify, webauthn:extension:credBlob: true, webauthn:extension:largeBlob: true, webauthn:extension:minPinLength: true, webauthn:extension:prf: true, webauthn:virtualAuthenticators: true}
Element: [[ChromeDriver: chrome on windows (8eb462955bd4b8561acadad0e20475cf)] -&gt; xpath: //a[@href=&apos;/login&apos;]]
Session ID: 8eb462955bd4b8561acadad0e20475cf
	at org.openqa.selenium.remote.codec.w3c.W3CHttpResponseCodec.createException(W3CHttpResponseCodec.java:200)
	at org.openqa.selenium.remote.codec.w3c.W3CHttpResponseCodec.decode(W3CHttpResponseCodec.java:133)
	at org.openqa.selenium.remote.codec.w3c.W3CHttpResponseCodec.decode(W3CHttpResponseCodec.java:52)
	at org.openqa.selenium.remote.HttpCommandExecutor.execute(HttpCommandExecutor.java:191)
	at org.openqa.selenium.remote.service.DriverCommandExecutor.invokeExecute(DriverCommandExecutor.java:196)
	at org.openqa.selenium.remote.service.DriverCommandExecutor.execute(DriverCommandExecutor.java:171)
	at org.openqa.selenium.remote.RemoteWebDriver.execute(RemoteWebDriver.java:518)
	at org.openqa.selenium.remote.RemoteWebElement.execute(RemoteWebElement.java:224)
	at org.openqa.selenium.remote.RemoteWebElement.clear(RemoteWebElement.java:130)
	at Steps.Login.messageShouldBeDisplayed(Login.java:77)
	at ✽.Message Should Be Displayed &apos;incorrect email or Password&apos;(file:///D:/demowebshop.tricentis.com/src/test/java/Features/LoginFeature.feature:8)
... Removed 3 stack frames</pre></div><a href='#' onClick='toggleBox("stack-trace411082168", this, "Click to show all stack frames", "Click to hide stack frames")'>Click to show all stack frames</a>
<div class='stack-trace' id='stack-trace411082168'><pre>org.openqa.selenium.InvalidElementStateException: invalid element state
  (Session info: chrome=122.0.6261.70)
Build info: version: &apos;4.11.0&apos;, revision: &apos;040bc5406b&apos;
System info: os.name: &apos;Windows 11&apos;, os.arch: &apos;amd64&apos;, os.version: &apos;10.0&apos;, java.version: &apos;21.0.1&apos;
Driver info: org.openqa.selenium.chrome.ChromeDriver
Command: [8eb462955bd4b8561acadad0e20475cf, clearElement {id=f.3AC6172C996258FE3842FCC1C408C5B2.d.62183053B7AB5FC211AE3770FB7F6083.e.78}]
Capabilities {acceptInsecureCerts: false, browserName: chrome, browserVersion: 122.0.6261.70, chrome: {chromedriverVersion: 122.0.6261.94 (880dbf29479c..., userDataDir: C:\Users\shiva\AppData\Loca...}, fedcm:accounts: true, goog:chromeOptions: {debuggerAddress: localhost:57617}, networkConnectionEnabled: false, pageLoadStrategy: normal, platformName: windows, proxy: Proxy(), se:cdp: ws://localhost:57617/devtoo..., se:cdpVersion: 122.0.6261.70, setWindowRect: true, strictFileInteractability: false, timeouts: {implicit: 0, pageLoad: 300000, script: 30000}, unhandledPromptBehavior: dismiss and notify, webauthn:extension:credBlob: true, webauthn:extension:largeBlob: true, webauthn:extension:minPinLength: true, webauthn:extension:prf: true, webauthn:virtualAuthenticators: true}
Element: [[ChromeDriver: chrome on windows (8eb462955bd4b8561acadad0e20475cf)] -&gt; xpath: //a[@href=&apos;/login&apos;]]
Session ID: 8eb462955bd4b8561acadad0e20475cf
	at java.base/jdk.internal.reflect.DirectConstructorHandleAccessor.newInstance(DirectConstructorHandleAccessor.java:62)
	at java.base/java.lang.reflect.Constructor.newInstanceWithCaller(Constructor.java:502)
	at java.base/java.lang.reflect.Constructor.newInstance(Constructor.java:486)
	at org.openqa.selenium.remote.codec.w3c.W3CHttpResponseCodec.createException(W3CHttpResponseCodec.java:200)
	at org.openqa.selenium.remote.codec.w3c.W3CHttpResponseCodec.decode(W3CHttpResponseCodec.java:133)
	at org.openqa.selenium.remote.codec.w3c.W3CHttpResponseCodec.decode(W3CHttpResponseCodec.java:52)
	at org.openqa.selenium.remote.HttpCommandExecutor.execute(HttpCommandExecutor.java:191)
	at org.openqa.selenium.remote.service.DriverCommandExecutor.invokeExecute(DriverCommandExecutor.java:196)
	at org.openqa.selenium.remote.service.DriverCommandExecutor.execute(DriverCommandExecutor.java:171)
	at org.openqa.selenium.remote.RemoteWebDriver.execute(RemoteWebDriver.java:518)
	at org.openqa.selenium.remote.RemoteWebElement.execute(RemoteWebElement.java:224)
	at org.openqa.selenium.remote.RemoteWebElement.clear(RemoteWebElement.java:130)
	at Steps.Login.messageShouldBeDisplayed(Login.java:77)
	at ✽.Message Should Be Displayed &apos;incorrect email or Password&apos;(file:///D:/demowebshop.tricentis.com/src/test/java/Features/LoginFeature.feature:8)
</pre></div></td>
<td>17</td>
<td>Runner.Login@4d5b6aac</td></tr>
<tr>
<td title='Runner.Registration.runScenario()'><b>runScenario</b><br>Test class: Runner.Registration<br>Test method: Runs Cucumber Scenarios<br>Parameters: "Register user with different data", "To Test the DemoWebShop Register functionality"</td>
<td><div><pre>java.lang.AssertionError: Failure got to catch block
	at Steps.Registration.the_user_clicks_on_register(Registration.java:123)
	at ✽.the user clicks on register(file:///D:/demowebshop.tricentis.com/src/test/java/Features/RegistrationFeature.feature:13)
... Removed 1 stack frames</pre></div><a href='#' onClick='toggleBox("stack-trace2017890623", this, "Click to show all stack frames", "Click to hide stack frames")'>Click to show all stack frames</a>
<div class='stack-trace' id='stack-trace2017890623'><pre>java.lang.AssertionError: Failure got to catch block
	at org.testng.Assert.fail(Assert.java:110)
	at Steps.Registration.the_user_clicks_on_register(Registration.java:123)
	at ✽.the user clicks on register(file:///D:/demowebshop.tricentis.com/src/test/java/Features/RegistrationFeature.feature:13)
</pre></div></td>
<td>14</td>
<td>Runner.Registration@2053d869</td></tr>
<tr>
<td title='Runner.Registration.runScenario()'><b>runScenario</b><br>Test class: Runner.Registration<br>Test method: Runs Cucumber Scenarios<br>Parameters: "Register user with different data", "To Test the DemoWebShop Register functionality"</td>
<td><div><pre>java.lang.AssertionError: Failure got to catch block
	at Steps.Registration.the_user_clicks_on_register(Registration.java:123)
	at ✽.the user clicks on register(file:///D:/demowebshop.tricentis.com/src/test/java/Features/RegistrationFeature.feature:13)
... Removed 1 stack frames</pre></div><a href='#' onClick='toggleBox("stack-trace1382685521", this, "Click to show all stack frames", "Click to hide stack frames")'>Click to show all stack frames</a>
<div class='stack-trace' id='stack-trace1382685521'><pre>java.lang.AssertionError: Failure got to catch block
	at org.testng.Assert.fail(Assert.java:110)
	at Steps.Registration.the_user_clicks_on_register(Registration.java:123)
	at ✽.the user clicks on register(file:///D:/demowebshop.tricentis.com/src/test/java/Features/RegistrationFeature.feature:13)
</pre></div></td>
<td>12</td>
<td>Runner.Registration@2053d869</td></tr>
<tr>
<td title='Runner.Poll.runScenario()'><b>runScenario</b><br>Test class: Runner.Poll<br>Test method: Runs Cucumber Scenarios<br>Parameters: "User to poll without Login", "To Test DemoWebshop Community Poll Functionality"</td>
<td><div><pre>java.lang.AssertionError: Only registered users can vote.
	at org.junit.Assert.fail(Assert.java:89)
	at org.junit.Assert.assertTrue(Assert.java:42)
	at org.junit.Assert.assertFalse(Assert.java:65)
	at Steps.Poll.click_on_vote_button(Poll.java:66)
	at ✽.Click on vote button(file:///D:/demowebshop.tricentis.com/src/test/java/Features/PollFeature.feature:11)
</pre></div><a href='#' onClick='toggleBox("stack-trace309591784", this, "Click to show all stack frames", "Click to hide stack frames")'>Click to show all stack frames</a>
<div class='stack-trace' id='stack-trace309591784'><pre>java.lang.AssertionError: Only registered users can vote.
	at org.junit.Assert.fail(Assert.java:89)
	at org.junit.Assert.assertTrue(Assert.java:42)
	at org.junit.Assert.assertFalse(Assert.java:65)
	at Steps.Poll.click_on_vote_button(Poll.java:66)
	at ✽.Click on vote button(file:///D:/demowebshop.tricentis.com/src/test/java/Features/PollFeature.feature:11)
</pre></div></td>
<td>12</td>
<td>Runner.Poll@483f6d77</td></tr>
<tr>
<td title='Runner.Cart.runScenario()'><b>runScenario</b><br>Test class: Runner.Cart<br>Test method: Runs Cucumber Scenarios<br>Parameters: "User confirms all books with "AddToCart" button", "To Test DemowebShop Add/Remove from cart functionality"</td>
<td><div><pre>java.lang.AssertionError: Scenario failed - Some products do not have the &apos;Add to Cart&apos; button.
	at Steps.Cart.validateCartButtonForAllBooks(Cart.java:89)
	at ✽.User validates whether all books have addtocart button(file:///D:/demowebshop.tricentis.com/src/test/java/Features/CartFeature.feature:10)
... Removed 1 stack frames</pre></div><a href='#' onClick='toggleBox("stack-trace910119139", this, "Click to show all stack frames", "Click to hide stack frames")'>Click to show all stack frames</a>
<div class='stack-trace' id='stack-trace910119139'><pre>java.lang.AssertionError: Scenario failed - Some products do not have the &apos;Add to Cart&apos; button.
	at org.testng.Assert.fail(Assert.java:110)
	at Steps.Cart.validateCartButtonForAllBooks(Cart.java:89)
	at ✽.User validates whether all books have addtocart button(file:///D:/demowebshop.tricentis.com/src/test/java/Features/CartFeature.feature:10)
</pre></div></td>
<td>21</td>
<td>Runner.Cart@3e84448c</td></tr>
<tr>
<td title='Runner.Registration.runScenario()'><b>runScenario</b><br>Test class: Runner.Registration<br>Test method: Runs Cucumber Scenarios<br>Parameters: "Register user with different data", "To Test the DemoWebShop Register functionality"</td>
<td><div><pre>java.lang.AssertionError: Failure got to catch block
	at Steps.Registration.the_user_clicks_on_register(Registration.java:123)
	at ✽.the user clicks on register(file:///D:/demowebshop.tricentis.com/src/test/java/Features/RegistrationFeature.feature:13)
... Removed 1 stack frames</pre></div><a href='#' onClick='toggleBox("stack-trace159427615", this, "Click to show all stack frames", "Click to hide stack frames")'>Click to show all stack frames</a>
<div class='stack-trace' id='stack-trace159427615'><pre>java.lang.AssertionError: Failure got to catch block
	at org.testng.Assert.fail(Assert.java:110)
	at Steps.Registration.the_user_clicks_on_register(Registration.java:123)
	at ✽.the user clicks on register(file:///D:/demowebshop.tricentis.com/src/test/java/Features/RegistrationFeature.feature:13)
</pre></div></td>
<td>12</td>
<td>Runner.Registration@2053d869</td></tr>
</table><p>
<table width='100%' border='1' class='invocation-passed'>
<tr><td colspan='4' align='center'><b>PASSED TESTS</b></td></tr>
<tr><td><b>Test method</b></td>
<td><b>Attribute(s)</b></td>
<td width="30%"><b>Exception</b></td>
<td width="10%"><b>Time (seconds)</b></td>
<td><b>Instance</b></td>
</tr>
<tr>
<td title='Runner.Checkout.runScenario()'><b>runScenario</b><br>Test class: Runner.Checkout<br>Test method: Runs Cucumber Scenarios<br>Parameters: "User completes the successful checkout using COD", "To Test DemoWebshop Checkout Functionality"</td>
<td></td>
<td>58</td>
<td>Runner.Checkout@429bffaa</td></tr>
<tr>
<td title='Runner.Search.runScenario()'><b>runScenario</b><br>Test class: Runner.Search<br>Test method: Runs Cucumber Scenarios<br>Parameters: "Handle Pop-up", "To Test DemoWebshop Search Functionality"</td>
<td></td>
<td>13</td>
<td>Runner.Search@5403f35f</td></tr>
<tr>
<td title='Runner.Search.runScenario()'><b>runScenario</b><br>Test class: Runner.Search<br>Test method: Runs Cucumber Scenarios<br>Parameters: "Perform Search", "To Test DemoWebshop Search Functionality"</td>
<td></td>
<td>20</td>
<td>Runner.Search@5403f35f</td></tr>
<tr>
<td title='Runner.Login.runScenario()'><b>runScenario</b><br>Test class: Runner.Login<br>Test method: Runs Cucumber Scenarios<br>Parameters: "User login with different credentials", "To Test DemoWebShop Login functionality"</td>
<td></td>
<td>17</td>
<td>Runner.Login@4d5b6aac</td></tr>
<tr>
<td title='Runner.Cart.runScenario()'><b>runScenario</b><br>Test class: Runner.Cart<br>Test method: Runs Cucumber Scenarios<br>Parameters: "User adds the third book to the cart", "To Test DemowebShop Add/Remove from cart functionality"</td>
<td></td>
<td>22</td>
<td>Runner.Cart@3e84448c</td></tr>
<tr>
<td title='Runner.Poll.runScenario()'><b>runScenario</b><br>Test class: Runner.Poll<br>Test method: Runs Cucumber Scenarios<br>Parameters: "User to poll with login", "To Test DemoWebshop Community Poll Functionality"</td>
<td></td>
<td>12</td>
<td>Runner.Poll@483f6d77</td></tr>
<tr>
<td title='Runner.Cart.runScenario()'><b>runScenario</b><br>Test class: Runner.Cart<br>Test method: Runs Cucumber Scenarios<br>Parameters: "User adds and deletes products from the cart", "To Test DemowebShop Add/Remove from cart functionality"</td>
<td></td>
<td>24</td>
<td>Runner.Cart@3e84448c</td></tr>
<tr>
<td title='Runner.WishList.runScenario()'><b>runScenario</b><br>Test class: Runner.WishList<br>Test method: Runs Cucumber Scenarios<br>Parameters: "User can add and remove products from the wishlist", "To Test DemoWebShop Wishlist Functionality"</td>
<td></td>
<td>33</td>
<td>Runner.WishList@4a7f959b</td></tr>
<tr>
<td title='Runner.Subscription.runScenario()'><b>runScenario</b><br>Test class: Runner.Subscription<br>Test method: Runs Cucumber Scenarios<br>Parameters: "Testing of News Letter Subscription Page", "To Test DemoWebshop NewsLetter Subscription Functionality"</td>
<td></td>
<td>34</td>
<td>Runner.Subscription@7e5afaa6</td></tr>
<tr>
<td title='Runner.Poll.runScenario()'><b>runScenario</b><br>Test class: Runner.Poll<br>Test method: Runs Cucumber Scenarios<br>Parameters: "User to poll without selecting anything", "To Test DemoWebshop Community Poll Functionality"</td>
<td></td>
<td>10</td>
<td>Runner.Poll@483f6d77</td></tr>
</table><p>
<table width='100%' border='1' class='invocation-skipped'>
<tr><td colspan='4' align='center'><b>SKIPPED TESTS</b></td></tr>
<tr><td><b>Test method</b></td>
<td><b>Attribute(s)</b></td>
<td width="30%"><b>Exception</b></td>
<td width="10%"><b>Time (seconds)</b></td>
<td><b>Instance</b></td>
</tr>
<tr>
<td title='Runner.Registration.runScenario()'><b>runScenario</b><br>Test class: Runner.Registration<br>Test method: Runs Cucumber Scenarios<br>Parameters: "Register user with different data", "To Test the DemoWebShop Register functionality"</td>
<td><div><pre>java.lang.AssertionError: Failure got to catch block
	at Steps.Registration.the_user_clicks_on_register(Registration.java:123)
	at ✽.the user clicks on register(file:///D:/demowebshop.tricentis.com/src/test/java/Features/RegistrationFeature.feature:13)
... Removed 1 stack frames</pre></div><a href='#' onClick='toggleBox("stack-trace375019897", this, "Click to show all stack frames", "Click to hide stack frames")'>Click to show all stack frames</a>
<div class='stack-trace' id='stack-trace375019897'><pre>java.lang.AssertionError: Failure got to catch block
	at org.testng.Assert.fail(Assert.java:110)
	at Steps.Registration.the_user_clicks_on_register(Registration.java:123)
	at ✽.the user clicks on register(file:///D:/demowebshop.tricentis.com/src/test/java/Features/RegistrationFeature.feature:13)
</pre></div></td>
<td>11</td>
<td>Runner.Registration@2053d869</td></tr>
<tr>
<td title='Runner.Registration.runScenario()'><b>runScenario</b><br>Test class: Runner.Registration<br>Test method: Runs Cucumber Scenarios<br>Parameters: "Register user with different data", "To Test the DemoWebShop Register functionality"</td>
<td><div><pre>java.lang.AssertionError: Failure got to catch block
	at Steps.Registration.the_user_clicks_on_register(Registration.java:123)
	at ✽.the user clicks on register(file:///D:/demowebshop.tricentis.com/src/test/java/Features/RegistrationFeature.feature:13)
... Removed 1 stack frames</pre></div><a href='#' onClick='toggleBox("stack-trace161510409", this, "Click to show all stack frames", "Click to hide stack frames")'>Click to show all stack frames</a>
<div class='stack-trace' id='stack-trace161510409'><pre>java.lang.AssertionError: Failure got to catch block
	at org.testng.Assert.fail(Assert.java:110)
	at Steps.Registration.the_user_clicks_on_register(Registration.java:123)
	at ✽.the user clicks on register(file:///D:/demowebshop.tricentis.com/src/test/java/Features/RegistrationFeature.feature:13)
</pre></div></td>
<td>11</td>
<td>Runner.Registration@2053d869</td></tr>
<tr>
<td title='Runner.Login.runScenario()'><b>runScenario</b><br>Test class: Runner.Login<br>Test method: Runs Cucumber Scenarios<br>Parameters: "User login with different credentials", "To Test DemoWebShop Login functionality"</td>
<td><div><pre>org.openqa.selenium.InvalidElementStateException: invalid element state
  (Session info: chrome=122.0.6261.70)
Build info: version: &apos;4.11.0&apos;, revision: &apos;040bc5406b&apos;
System info: os.name: &apos;Windows 11&apos;, os.arch: &apos;amd64&apos;, os.version: &apos;10.0&apos;, java.version: &apos;21.0.1&apos;
Driver info: org.openqa.selenium.chrome.ChromeDriver
Command: [49d1ae937e0f602de9325e19a4941661, clearElement {id=f.408B90F6645A782221ACE9E48CBDA2D6.d.FAE232B1F0F8019083790366CB71D95C.e.78}]
Capabilities {acceptInsecureCerts: false, browserName: chrome, browserVersion: 122.0.6261.70, chrome: {chromedriverVersion: 122.0.6261.94 (880dbf29479c..., userDataDir: C:\Users\shiva\AppData\Loca...}, fedcm:accounts: true, goog:chromeOptions: {debuggerAddress: localhost:57703}, networkConnectionEnabled: false, pageLoadStrategy: normal, platformName: windows, proxy: Proxy(), se:cdp: ws://localhost:57703/devtoo..., se:cdpVersion: 122.0.6261.70, setWindowRect: true, strictFileInteractability: false, timeouts: {implicit: 0, pageLoad: 300000, script: 30000}, unhandledPromptBehavior: dismiss and notify, webauthn:extension:credBlob: true, webauthn:extension:largeBlob: true, webauthn:extension:minPinLength: true, webauthn:extension:prf: true, webauthn:virtualAuthenticators: true}
Element: [[ChromeDriver: chrome on windows (49d1ae937e0f602de9325e19a4941661)] -&gt; xpath: //a[@href=&apos;/login&apos;]]
Session ID: 49d1ae937e0f602de9325e19a4941661
	at org.openqa.selenium.remote.codec.w3c.W3CHttpResponseCodec.createException(W3CHttpResponseCodec.java:200)
	at org.openqa.selenium.remote.codec.w3c.W3CHttpResponseCodec.decode(W3CHttpResponseCodec.java:133)
	at org.openqa.selenium.remote.codec.w3c.W3CHttpResponseCodec.decode(W3CHttpResponseCodec.java:52)
	at org.openqa.selenium.remote.HttpCommandExecutor.execute(HttpCommandExecutor.java:191)
	at org.openqa.selenium.remote.service.DriverCommandExecutor.invokeExecute(DriverCommandExecutor.java:196)
	at org.openqa.selenium.remote.service.DriverCommandExecutor.execute(DriverCommandExecutor.java:171)
	at org.openqa.selenium.remote.RemoteWebDriver.execute(RemoteWebDriver.java:518)
	at org.openqa.selenium.remote.RemoteWebElement.execute(RemoteWebElement.java:224)
	at org.openqa.selenium.remote.RemoteWebElement.clear(RemoteWebElement.java:130)
	at Steps.Login.messageShouldBeDisplayed(Login.java:77)
	at ✽.Message Should Be Displayed &apos;incorrect email or Password&apos;(file:///D:/demowebshop.tricentis.com/src/test/java/Features/LoginFeature.feature:8)
... Removed 3 stack frames</pre></div><a href='#' onClick='toggleBox("stack-trace1545548275", this, "Click to show all stack frames", "Click to hide stack frames")'>Click to show all stack frames</a>
<div class='stack-trace' id='stack-trace1545548275'><pre>org.openqa.selenium.InvalidElementStateException: invalid element state
  (Session info: chrome=122.0.6261.70)
Build info: version: &apos;4.11.0&apos;, revision: &apos;040bc5406b&apos;
System info: os.name: &apos;Windows 11&apos;, os.arch: &apos;amd64&apos;, os.version: &apos;10.0&apos;, java.version: &apos;21.0.1&apos;
Driver info: org.openqa.selenium.chrome.ChromeDriver
Command: [49d1ae937e0f602de9325e19a4941661, clearElement {id=f.408B90F6645A782221ACE9E48CBDA2D6.d.FAE232B1F0F8019083790366CB71D95C.e.78}]
Capabilities {acceptInsecureCerts: false, browserName: chrome, browserVersion: 122.0.6261.70, chrome: {chromedriverVersion: 122.0.6261.94 (880dbf29479c..., userDataDir: C:\Users\shiva\AppData\Loca...}, fedcm:accounts: true, goog:chromeOptions: {debuggerAddress: localhost:57703}, networkConnectionEnabled: false, pageLoadStrategy: normal, platformName: windows, proxy: Proxy(), se:cdp: ws://localhost:57703/devtoo..., se:cdpVersion: 122.0.6261.70, setWindowRect: true, strictFileInteractability: false, timeouts: {implicit: 0, pageLoad: 300000, script: 30000}, unhandledPromptBehavior: dismiss and notify, webauthn:extension:credBlob: true, webauthn:extension:largeBlob: true, webauthn:extension:minPinLength: true, webauthn:extension:prf: true, webauthn:virtualAuthenticators: true}
Element: [[ChromeDriver: chrome on windows (49d1ae937e0f602de9325e19a4941661)] -&gt; xpath: //a[@href=&apos;/login&apos;]]
Session ID: 49d1ae937e0f602de9325e19a4941661
	at java.base/jdk.internal.reflect.DirectConstructorHandleAccessor.newInstance(DirectConstructorHandleAccessor.java:62)
	at java.base/java.lang.reflect.Constructor.newInstanceWithCaller(Constructor.java:502)
	at java.base/java.lang.reflect.Constructor.newInstance(Constructor.java:486)
	at org.openqa.selenium.remote.codec.w3c.W3CHttpResponseCodec.createException(W3CHttpResponseCodec.java:200)
	at org.openqa.selenium.remote.codec.w3c.W3CHttpResponseCodec.decode(W3CHttpResponseCodec.java:133)
	at org.openqa.selenium.remote.codec.w3c.W3CHttpResponseCodec.decode(W3CHttpResponseCodec.java:52)
	at org.openqa.selenium.remote.HttpCommandExecutor.execute(HttpCommandExecutor.java:191)
	at org.openqa.selenium.remote.service.DriverCommandExecutor.invokeExecute(DriverCommandExecutor.java:196)
	at org.openqa.selenium.remote.service.DriverCommandExecutor.execute(DriverCommandExecutor.java:171)
	at org.openqa.selenium.remote.RemoteWebDriver.execute(RemoteWebDriver.java:518)
	at org.openqa.selenium.remote.RemoteWebElement.execute(RemoteWebElement.java:224)
	at org.openqa.selenium.remote.RemoteWebElement.clear(RemoteWebElement.java:130)
	at Steps.Login.messageShouldBeDisplayed(Login.java:77)
	at ✽.Message Should Be Displayed &apos;incorrect email or Password&apos;(file:///D:/demowebshop.tricentis.com/src/test/java/Features/LoginFeature.feature:8)
</pre></div></td>
<td>17</td>
<td>Runner.Login@4d5b6aac</td></tr>
<tr>
<td title='Runner.Poll.runScenario()'><b>runScenario</b><br>Test class: Runner.Poll<br>Test method: Runs Cucumber Scenarios<br>Parameters: "User to poll without Login", "To Test DemoWebshop Community Poll Functionality"</td>
<td><div><pre>java.lang.AssertionError: Only registered users can vote.
	at org.junit.Assert.fail(Assert.java:89)
	at org.junit.Assert.assertTrue(Assert.java:42)
	at org.junit.Assert.assertFalse(Assert.java:65)
	at Steps.Poll.click_on_vote_button(Poll.java:66)
	at ✽.Click on vote button(file:///D:/demowebshop.tricentis.com/src/test/java/Features/PollFeature.feature:11)
</pre></div><a href='#' onClick='toggleBox("stack-trace1250851008", this, "Click to show all stack frames", "Click to hide stack frames")'>Click to show all stack frames</a>
<div class='stack-trace' id='stack-trace1250851008'><pre>java.lang.AssertionError: Only registered users can vote.
	at org.junit.Assert.fail(Assert.java:89)
	at org.junit.Assert.assertTrue(Assert.java:42)
	at org.junit.Assert.assertFalse(Assert.java:65)
	at Steps.Poll.click_on_vote_button(Poll.java:66)
	at ✽.Click on vote button(file:///D:/demowebshop.tricentis.com/src/test/java/Features/PollFeature.feature:11)
</pre></div></td>
<td>11</td>
<td>Runner.Poll@483f6d77</td></tr>
<tr>
<td title='Runner.Login.runScenario()'><b>runScenario</b><br>Test class: Runner.Login<br>Test method: Runs Cucumber Scenarios<br>Parameters: "User login with different credentials", "To Test DemoWebShop Login functionality"</td>
<td><div><pre>org.openqa.selenium.InvalidElementStateException: invalid element state
  (Session info: chrome=122.0.6261.70)
Build info: version: &apos;4.11.0&apos;, revision: &apos;040bc5406b&apos;
System info: os.name: &apos;Windows 11&apos;, os.arch: &apos;amd64&apos;, os.version: &apos;10.0&apos;, java.version: &apos;21.0.1&apos;
Driver info: org.openqa.selenium.chrome.ChromeDriver
Command: [f2c4fd1a7986960c501b4d23df326857, clearElement {id=f.6C2B590360B4F9A5023765AF44F53BD4.d.4AB3A876DF35626E6DD8E7668CBEA85E.e.78}]
Capabilities {acceptInsecureCerts: false, browserName: chrome, browserVersion: 122.0.6261.70, chrome: {chromedriverVersion: 122.0.6261.94 (880dbf29479c..., userDataDir: C:\Users\shiva\AppData\Loca...}, fedcm:accounts: true, goog:chromeOptions: {debuggerAddress: localhost:57361}, networkConnectionEnabled: false, pageLoadStrategy: normal, platformName: windows, proxy: Proxy(), se:cdp: ws://localhost:57361/devtoo..., se:cdpVersion: 122.0.6261.70, setWindowRect: true, strictFileInteractability: false, timeouts: {implicit: 0, pageLoad: 300000, script: 30000}, unhandledPromptBehavior: dismiss and notify, webauthn:extension:credBlob: true, webauthn:extension:largeBlob: true, webauthn:extension:minPinLength: true, webauthn:extension:prf: true, webauthn:virtualAuthenticators: true}
Element: [[ChromeDriver: chrome on windows (f2c4fd1a7986960c501b4d23df326857)] -&gt; xpath: //a[@href=&apos;/login&apos;]]
Session ID: f2c4fd1a7986960c501b4d23df326857
	at org.openqa.selenium.remote.codec.w3c.W3CHttpResponseCodec.createException(W3CHttpResponseCodec.java:200)
	at org.openqa.selenium.remote.codec.w3c.W3CHttpResponseCodec.decode(W3CHttpResponseCodec.java:133)
	at org.openqa.selenium.remote.codec.w3c.W3CHttpResponseCodec.decode(W3CHttpResponseCodec.java:52)
	at org.openqa.selenium.remote.HttpCommandExecutor.execute(HttpCommandExecutor.java:191)
	at org.openqa.selenium.remote.service.DriverCommandExecutor.invokeExecute(DriverCommandExecutor.java:196)
	at org.openqa.selenium.remote.service.DriverCommandExecutor.execute(DriverCommandExecutor.java:171)
	at org.openqa.selenium.remote.RemoteWebDriver.execute(RemoteWebDriver.java:518)
	at org.openqa.selenium.remote.RemoteWebElement.execute(RemoteWebElement.java:224)
	at org.openqa.selenium.remote.RemoteWebElement.clear(RemoteWebElement.java:130)
	at Steps.Login.messageShouldBeDisplayed(Login.java:77)
	at ✽.Message Should Be Displayed &apos;incorrect email or Password&apos;(file:///D:/demowebshop.tricentis.com/src/test/java/Features/LoginFeature.feature:8)
... Removed 3 stack frames</pre></div><a href='#' onClick='toggleBox("stack-trace366623977", this, "Click to show all stack frames", "Click to hide stack frames")'>Click to show all stack frames</a>
<div class='stack-trace' id='stack-trace366623977'><pre>org.openqa.selenium.InvalidElementStateException: invalid element state
  (Session info: chrome=122.0.6261.70)
Build info: version: &apos;4.11.0&apos;, revision: &apos;040bc5406b&apos;
System info: os.name: &apos;Windows 11&apos;, os.arch: &apos;amd64&apos;, os.version: &apos;10.0&apos;, java.version: &apos;21.0.1&apos;
Driver info: org.openqa.selenium.chrome.ChromeDriver
Command: [f2c4fd1a7986960c501b4d23df326857, clearElement {id=f.6C2B590360B4F9A5023765AF44F53BD4.d.4AB3A876DF35626E6DD8E7668CBEA85E.e.78}]
Capabilities {acceptInsecureCerts: false, browserName: chrome, browserVersion: 122.0.6261.70, chrome: {chromedriverVersion: 122.0.6261.94 (880dbf29479c..., userDataDir: C:\Users\shiva\AppData\Loca...}, fedcm:accounts: true, goog:chromeOptions: {debuggerAddress: localhost:57361}, networkConnectionEnabled: false, pageLoadStrategy: normal, platformName: windows, proxy: Proxy(), se:cdp: ws://localhost:57361/devtoo..., se:cdpVersion: 122.0.6261.70, setWindowRect: true, strictFileInteractability: false, timeouts: {implicit: 0, pageLoad: 300000, script: 30000}, unhandledPromptBehavior: dismiss and notify, webauthn:extension:credBlob: true, webauthn:extension:largeBlob: true, webauthn:extension:minPinLength: true, webauthn:extension:prf: true, webauthn:virtualAuthenticators: true}
Element: [[ChromeDriver: chrome on windows (f2c4fd1a7986960c501b4d23df326857)] -&gt; xpath: //a[@href=&apos;/login&apos;]]
Session ID: f2c4fd1a7986960c501b4d23df326857
	at java.base/jdk.internal.reflect.DirectConstructorHandleAccessor.newInstance(DirectConstructorHandleAccessor.java:62)
	at java.base/java.lang.reflect.Constructor.newInstanceWithCaller(Constructor.java:502)
	at java.base/java.lang.reflect.Constructor.newInstance(Constructor.java:486)
	at org.openqa.selenium.remote.codec.w3c.W3CHttpResponseCodec.createException(W3CHttpResponseCodec.java:200)
	at org.openqa.selenium.remote.codec.w3c.W3CHttpResponseCodec.decode(W3CHttpResponseCodec.java:133)
	at org.openqa.selenium.remote.codec.w3c.W3CHttpResponseCodec.decode(W3CHttpResponseCodec.java:52)
	at org.openqa.selenium.remote.HttpCommandExecutor.execute(HttpCommandExecutor.java:191)
	at org.openqa.selenium.remote.service.DriverCommandExecutor.invokeExecute(DriverCommandExecutor.java:196)
	at org.openqa.selenium.remote.service.DriverCommandExecutor.execute(DriverCommandExecutor.java:171)
	at org.openqa.selenium.remote.RemoteWebDriver.execute(RemoteWebDriver.java:518)
	at org.openqa.selenium.remote.RemoteWebElement.execute(RemoteWebElement.java:224)
	at org.openqa.selenium.remote.RemoteWebElement.clear(RemoteWebElement.java:130)
	at Steps.Login.messageShouldBeDisplayed(Login.java:77)
	at ✽.Message Should Be Displayed &apos;incorrect email or Password&apos;(file:///D:/demowebshop.tricentis.com/src/test/java/Features/LoginFeature.feature:8)
</pre></div></td>
<td>18</td>
<td>Runner.Login@4d5b6aac</td></tr>
<tr>
<td title='Runner.Subscription.runScenario()'><b>runScenario</b><br>Test class: Runner.Subscription<br>Test method: Runs Cucumber Scenarios<br>Parameters: "Testing of News Letter Subscription Page", "To Test DemoWebshop NewsLetter Subscription Functionality"</td>
<td><div><pre>org.openqa.selenium.NoSuchSessionException: Session ID is null. Using WebDriver after calling quit()?
Build info: version: &apos;4.11.0&apos;, revision: &apos;040bc5406b&apos;
System info: os.name: &apos;Windows 11&apos;, os.arch: &apos;amd64&apos;, os.version: &apos;10.0&apos;, java.version: &apos;21.0.1&apos;
Driver info: org.openqa.selenium.chrome.ChromeDriver
Command: [null, findElement {using=xpath, value=//a[@class=&apos;ico-logout&apos;]}]
Capabilities {acceptInsecureCerts: false, browserName: chrome, browserVersion: 122.0.6261.70, chrome: {chromedriverVersion: 122.0.6261.94 (880dbf29479c..., userDataDir: C:\Users\shiva\AppData\Loca...}, fedcm:accounts: true, goog:chromeOptions: {debuggerAddress: localhost:59247}, networkConnectionEnabled: false, pageLoadStrategy: normal, platformName: windows, proxy: Proxy(), se:cdp: ws://localhost:59247/devtoo..., se:cdpVersion: 122.0.6261.70, setWindowRect: true, strictFileInteractability: false, timeouts: {implicit: 0, pageLoad: 300000, script: 30000}, unhandledPromptBehavior: dismiss and notify, webauthn:extension:credBlob: true, webauthn:extension:largeBlob: true, webauthn:extension:minPinLength: true, webauthn:extension:prf: true, webauthn:virtualAuthenticators: true}
	at org.openqa.selenium.remote.HttpCommandExecutor.execute(HttpCommandExecutor.java:152)
	at org.openqa.selenium.remote.service.DriverCommandExecutor.invokeExecute(DriverCommandExecutor.java:196)
	at org.openqa.selenium.remote.service.DriverCommandExecutor.execute(DriverCommandExecutor.java:171)
	at org.openqa.selenium.remote.RemoteWebDriver.execute(RemoteWebDriver.java:518)
	at org.openqa.selenium.remote.ElementLocation$ElementFinder$2.findElement(ElementLocation.java:165)
	at org.openqa.selenium.remote.ElementLocation.findElement(ElementLocation.java:59)
	at org.openqa.selenium.remote.RemoteWebDriver.findElement(RemoteWebDriver.java:355)
	at org.openqa.selenium.remote.RemoteWebDriver.findElement(RemoteWebDriver.java:349)
	at org.openqa.selenium.support.pagefactory.DefaultElementLocator.findElement(DefaultElementLocator.java:68)
	at org.openqa.selenium.support.pagefactory.internal.LocatingElementHandler.invoke(LocatingElementHandler.java:38)
	at jdk.proxy2/jdk.proxy2.$Proxy49.click(Unknown Source)
	at Pages.SubscriptionPage.Click_Logout(SubscriptionPage.java:87)
	at Steps.Subscription.i_logout(Subscription.java:107)
	at ✽.I logout(file:///D:/demowebshop.tricentis.com/src/test/java/Features/SubscriptionFeature.feature:14)
</pre></div><a href='#' onClick='toggleBox("stack-trace567319364", this, "Click to show all stack frames", "Click to hide stack frames")'>Click to show all stack frames</a>
<div class='stack-trace' id='stack-trace567319364'><pre>org.openqa.selenium.NoSuchSessionException: Session ID is null. Using WebDriver after calling quit()?
Build info: version: &apos;4.11.0&apos;, revision: &apos;040bc5406b&apos;
System info: os.name: &apos;Windows 11&apos;, os.arch: &apos;amd64&apos;, os.version: &apos;10.0&apos;, java.version: &apos;21.0.1&apos;
Driver info: org.openqa.selenium.chrome.ChromeDriver
Command: [null, findElement {using=xpath, value=//a[@class=&apos;ico-logout&apos;]}]
Capabilities {acceptInsecureCerts: false, browserName: chrome, browserVersion: 122.0.6261.70, chrome: {chromedriverVersion: 122.0.6261.94 (880dbf29479c..., userDataDir: C:\Users\shiva\AppData\Loca...}, fedcm:accounts: true, goog:chromeOptions: {debuggerAddress: localhost:59247}, networkConnectionEnabled: false, pageLoadStrategy: normal, platformName: windows, proxy: Proxy(), se:cdp: ws://localhost:59247/devtoo..., se:cdpVersion: 122.0.6261.70, setWindowRect: true, strictFileInteractability: false, timeouts: {implicit: 0, pageLoad: 300000, script: 30000}, unhandledPromptBehavior: dismiss and notify, webauthn:extension:credBlob: true, webauthn:extension:largeBlob: true, webauthn:extension:minPinLength: true, webauthn:extension:prf: true, webauthn:virtualAuthenticators: true}
	at org.openqa.selenium.remote.HttpCommandExecutor.execute(HttpCommandExecutor.java:152)
	at org.openqa.selenium.remote.service.DriverCommandExecutor.invokeExecute(DriverCommandExecutor.java:196)
	at org.openqa.selenium.remote.service.DriverCommandExecutor.execute(DriverCommandExecutor.java:171)
	at org.openqa.selenium.remote.RemoteWebDriver.execute(RemoteWebDriver.java:518)
	at org.openqa.selenium.remote.ElementLocation$ElementFinder$2.findElement(ElementLocation.java:165)
	at org.openqa.selenium.remote.ElementLocation.findElement(ElementLocation.java:59)
	at org.openqa.selenium.remote.RemoteWebDriver.findElement(RemoteWebDriver.java:355)
	at org.openqa.selenium.remote.RemoteWebDriver.findElement(RemoteWebDriver.java:349)
	at org.openqa.selenium.support.pagefactory.DefaultElementLocator.findElement(DefaultElementLocator.java:68)
	at org.openqa.selenium.support.pagefactory.internal.LocatingElementHandler.invoke(LocatingElementHandler.java:38)
	at jdk.proxy2/jdk.proxy2.$Proxy49.click(Unknown Source)
	at Pages.SubscriptionPage.Click_Logout(SubscriptionPage.java:87)
	at Steps.Subscription.i_logout(Subscription.java:107)
	at ✽.I logout(file:///D:/demowebshop.tricentis.com/src/test/java/Features/SubscriptionFeature.feature:14)
</pre></div></td>
<td>37</td>
<td>Runner.Subscription@7e5afaa6</td></tr>
<tr>
<td title='Runner.Cart.runScenario()'><b>runScenario</b><br>Test class: Runner.Cart<br>Test method: Runs Cucumber Scenarios<br>Parameters: "User confirms all books with "AddToCart" button", "To Test DemowebShop Add/Remove from cart functionality"</td>
<td><div><pre>java.lang.AssertionError: Scenario failed - Some products do not have the &apos;Add to Cart&apos; button.
	at Steps.Cart.validateCartButtonForAllBooks(Cart.java:89)
	at ✽.User validates whether all books have addtocart button(file:///D:/demowebshop.tricentis.com/src/test/java/Features/CartFeature.feature:10)
... Removed 1 stack frames</pre></div><a href='#' onClick='toggleBox("stack-trace1085334758", this, "Click to show all stack frames", "Click to hide stack frames")'>Click to show all stack frames</a>
<div class='stack-trace' id='stack-trace1085334758'><pre>java.lang.AssertionError: Scenario failed - Some products do not have the &apos;Add to Cart&apos; button.
	at org.testng.Assert.fail(Assert.java:110)
	at Steps.Cart.validateCartButtonForAllBooks(Cart.java:89)
	at ✽.User validates whether all books have addtocart button(file:///D:/demowebshop.tricentis.com/src/test/java/Features/CartFeature.feature:10)
</pre></div></td>
<td>25</td>
<td>Runner.Cart@3e84448c</td></tr>
<tr>
<td title='Runner.Registration.runScenario()'><b>runScenario</b><br>Test class: Runner.Registration<br>Test method: Runs Cucumber Scenarios<br>Parameters: "Register user with different data", "To Test the DemoWebShop Register functionality"</td>
<td><div><pre>java.lang.AssertionError: Failure got to catch block
	at Steps.Registration.the_user_clicks_on_register(Registration.java:123)
	at ✽.the user clicks on register(file:///D:/demowebshop.tricentis.com/src/test/java/Features/RegistrationFeature.feature:13)
... Removed 1 stack frames</pre></div><a href='#' onClick='toggleBox("stack-trace909778317", this, "Click to show all stack frames", "Click to hide stack frames")'>Click to show all stack frames</a>
<div class='stack-trace' id='stack-trace909778317'><pre>java.lang.AssertionError: Failure got to catch block
	at org.testng.Assert.fail(Assert.java:110)
	at Steps.Registration.the_user_clicks_on_register(Registration.java:123)
	at ✽.the user clicks on register(file:///D:/demowebshop.tricentis.com/src/test/java/Features/RegistrationFeature.feature:13)
</pre></div></td>
<td>12</td>
<td>Runner.Registration@2053d869</td></tr>
<tr>
<td title='Runner.Registration.runScenario()'><b>runScenario</b><br>Test class: Runner.Registration<br>Test method: Runs Cucumber Scenarios<br>Parameters: "Register user with different data", "To Test the DemoWebShop Register functionality"</td>
<td><div><pre>java.lang.AssertionError: Failure got to catch block
	at Steps.Registration.the_user_clicks_on_register(Registration.java:123)
	at ✽.the user clicks on register(file:///D:/demowebshop.tricentis.com/src/test/java/Features/RegistrationFeature.feature:13)
... Removed 1 stack frames</pre></div><a href='#' onClick='toggleBox("stack-trace1121023149", this, "Click to show all stack frames", "Click to hide stack frames")'>Click to show all stack frames</a>
<div class='stack-trace' id='stack-trace1121023149'><pre>java.lang.AssertionError: Failure got to catch block
	at org.testng.Assert.fail(Assert.java:110)
	at Steps.Registration.the_user_clicks_on_register(Registration.java:123)
	at ✽.the user clicks on register(file:///D:/demowebshop.tricentis.com/src/test/java/Features/RegistrationFeature.feature:13)
</pre></div></td>
<td>14</td>
<td>Runner.Registration@2053d869</td></tr>
<tr>
<td title='Runner.Registration.runScenario()'><b>runScenario</b><br>Test class: Runner.Registration<br>Test method: Runs Cucumber Scenarios<br>Parameters: "Register user with different data", "To Test the DemoWebShop Register functionality"</td>
<td><div><pre>java.lang.AssertionError: Failure got to catch block
	at Steps.Registration.the_user_clicks_on_register(Registration.java:123)
	at ✽.the user clicks on register(file:///D:/demowebshop.tricentis.com/src/test/java/Features/RegistrationFeature.feature:13)
... Removed 1 stack frames</pre></div><a href='#' onClick='toggleBox("stack-trace1536199789", this, "Click to show all stack frames", "Click to hide stack frames")'>Click to show all stack frames</a>
<div class='stack-trace' id='stack-trace1536199789'><pre>java.lang.AssertionError: Failure got to catch block
	at org.testng.Assert.fail(Assert.java:110)
	at Steps.Registration.the_user_clicks_on_register(Registration.java:123)
	at ✽.the user clicks on register(file:///D:/demowebshop.tricentis.com/src/test/java/Features/RegistrationFeature.feature:13)
</pre></div></td>
<td>11</td>
<td>Runner.Registration@2053d869</td></tr>
<tr>
<td title='Runner.Poll.runScenario()'><b>runScenario</b><br>Test class: Runner.Poll<br>Test method: Runs Cucumber Scenarios<br>Parameters: "User to poll with login", "To Test DemoWebshop Community Poll Functionality"</td>
<td><div><pre>java.lang.AssertionError: 7521 vote(s)...
	at org.junit.Assert.fail(Assert.java:89)
	at org.junit.Assert.assertTrue(Assert.java:42)
	at org.junit.Assert.assertFalse(Assert.java:65)
	at Steps.Poll.user_select_one_option_from_poll_and_vote(Poll.java:90)
	at ✽.User select one option from poll and vote(file:///D:/demowebshop.tricentis.com/src/test/java/Features/PollFeature.feature:15)
</pre></div><a href='#' onClick='toggleBox("stack-trace1802133748", this, "Click to show all stack frames", "Click to hide stack frames")'>Click to show all stack frames</a>
<div class='stack-trace' id='stack-trace1802133748'><pre>java.lang.AssertionError: 7521 vote(s)...
	at org.junit.Assert.fail(Assert.java:89)
	at org.junit.Assert.assertTrue(Assert.java:42)
	at org.junit.Assert.assertFalse(Assert.java:65)
	at Steps.Poll.user_select_one_option_from_poll_and_vote(Poll.java:90)
	at ✽.User select one option from poll and vote(file:///D:/demowebshop.tricentis.com/src/test/java/Features/PollFeature.feature:15)
</pre></div></td>
<td>12</td>
<td>Runner.Poll@483f6d77</td></tr>
<tr>
<td title='Runner.Login.runScenario()'><b>runScenario</b><br>Test class: Runner.Login<br>Test method: Runs Cucumber Scenarios<br>Parameters: "User login with different credentials", "To Test DemoWebShop Login functionality"</td>
<td><div><pre>org.openqa.selenium.InvalidElementStateException: invalid element state
  (Session info: chrome=122.0.6261.70)
Build info: version: &apos;4.11.0&apos;, revision: &apos;040bc5406b&apos;
System info: os.name: &apos;Windows 11&apos;, os.arch: &apos;amd64&apos;, os.version: &apos;10.0&apos;, java.version: &apos;21.0.1&apos;
Driver info: org.openqa.selenium.chrome.ChromeDriver
Command: [784aabbfede8195d6b669e96855e6f3f, clearElement {id=f.DA218FDE2844D2A54687A26A4F503733.d.FCEBB8D272A5D3729FE1E68635967BB8.e.78}]
Capabilities {acceptInsecureCerts: false, browserName: chrome, browserVersion: 122.0.6261.70, chrome: {chromedriverVersion: 122.0.6261.94 (880dbf29479c..., userDataDir: C:\Users\shiva\AppData\Loca...}, fedcm:accounts: true, goog:chromeOptions: {debuggerAddress: localhost:57532}, networkConnectionEnabled: false, pageLoadStrategy: normal, platformName: windows, proxy: Proxy(), se:cdp: ws://localhost:57532/devtoo..., se:cdpVersion: 122.0.6261.70, setWindowRect: true, strictFileInteractability: false, timeouts: {implicit: 0, pageLoad: 300000, script: 30000}, unhandledPromptBehavior: dismiss and notify, webauthn:extension:credBlob: true, webauthn:extension:largeBlob: true, webauthn:extension:minPinLength: true, webauthn:extension:prf: true, webauthn:virtualAuthenticators: true}
Element: [[ChromeDriver: chrome on windows (784aabbfede8195d6b669e96855e6f3f)] -&gt; xpath: //a[@href=&apos;/login&apos;]]
Session ID: 784aabbfede8195d6b669e96855e6f3f
	at org.openqa.selenium.remote.codec.w3c.W3CHttpResponseCodec.createException(W3CHttpResponseCodec.java:200)
	at org.openqa.selenium.remote.codec.w3c.W3CHttpResponseCodec.decode(W3CHttpResponseCodec.java:133)
	at org.openqa.selenium.remote.codec.w3c.W3CHttpResponseCodec.decode(W3CHttpResponseCodec.java:52)
	at org.openqa.selenium.remote.HttpCommandExecutor.execute(HttpCommandExecutor.java:191)
	at org.openqa.selenium.remote.service.DriverCommandExecutor.invokeExecute(DriverCommandExecutor.java:196)
	at org.openqa.selenium.remote.service.DriverCommandExecutor.execute(DriverCommandExecutor.java:171)
	at org.openqa.selenium.remote.RemoteWebDriver.execute(RemoteWebDriver.java:518)
	at org.openqa.selenium.remote.RemoteWebElement.execute(RemoteWebElement.java:224)
	at org.openqa.selenium.remote.RemoteWebElement.clear(RemoteWebElement.java:130)
	at Steps.Login.messageShouldBeDisplayed(Login.java:77)
	at ✽.Message Should Be Displayed &apos;incorrect email or Password&apos;(file:///D:/demowebshop.tricentis.com/src/test/java/Features/LoginFeature.feature:8)
... Removed 3 stack frames</pre></div><a href='#' onClick='toggleBox("stack-trace721762074", this, "Click to show all stack frames", "Click to hide stack frames")'>Click to show all stack frames</a>
<div class='stack-trace' id='stack-trace721762074'><pre>org.openqa.selenium.InvalidElementStateException: invalid element state
  (Session info: chrome=122.0.6261.70)
Build info: version: &apos;4.11.0&apos;, revision: &apos;040bc5406b&apos;
System info: os.name: &apos;Windows 11&apos;, os.arch: &apos;amd64&apos;, os.version: &apos;10.0&apos;, java.version: &apos;21.0.1&apos;
Driver info: org.openqa.selenium.chrome.ChromeDriver
Command: [784aabbfede8195d6b669e96855e6f3f, clearElement {id=f.DA218FDE2844D2A54687A26A4F503733.d.FCEBB8D272A5D3729FE1E68635967BB8.e.78}]
Capabilities {acceptInsecureCerts: false, browserName: chrome, browserVersion: 122.0.6261.70, chrome: {chromedriverVersion: 122.0.6261.94 (880dbf29479c..., userDataDir: C:\Users\shiva\AppData\Loca...}, fedcm:accounts: true, goog:chromeOptions: {debuggerAddress: localhost:57532}, networkConnectionEnabled: false, pageLoadStrategy: normal, platformName: windows, proxy: Proxy(), se:cdp: ws://localhost:57532/devtoo..., se:cdpVersion: 122.0.6261.70, setWindowRect: true, strictFileInteractability: false, timeouts: {implicit: 0, pageLoad: 300000, script: 30000}, unhandledPromptBehavior: dismiss and notify, webauthn:extension:credBlob: true, webauthn:extension:largeBlob: true, webauthn:extension:minPinLength: true, webauthn:extension:prf: true, webauthn:virtualAuthenticators: true}
Element: [[ChromeDriver: chrome on windows (784aabbfede8195d6b669e96855e6f3f)] -&gt; xpath: //a[@href=&apos;/login&apos;]]
Session ID: 784aabbfede8195d6b669e96855e6f3f
	at java.base/jdk.internal.reflect.DirectConstructorHandleAccessor.newInstance(DirectConstructorHandleAccessor.java:62)
	at java.base/java.lang.reflect.Constructor.newInstanceWithCaller(Constructor.java:502)
	at java.base/java.lang.reflect.Constructor.newInstance(Constructor.java:486)
	at org.openqa.selenium.remote.codec.w3c.W3CHttpResponseCodec.createException(W3CHttpResponseCodec.java:200)
	at org.openqa.selenium.remote.codec.w3c.W3CHttpResponseCodec.decode(W3CHttpResponseCodec.java:133)
	at org.openqa.selenium.remote.codec.w3c.W3CHttpResponseCodec.decode(W3CHttpResponseCodec.java:52)
	at org.openqa.selenium.remote.HttpCommandExecutor.execute(HttpCommandExecutor.java:191)
	at org.openqa.selenium.remote.service.DriverCommandExecutor.invokeExecute(DriverCommandExecutor.java:196)
	at org.openqa.selenium.remote.service.DriverCommandExecutor.execute(DriverCommandExecutor.java:171)
	at org.openqa.selenium.remote.RemoteWebDriver.execute(RemoteWebDriver.java:518)
	at org.openqa.selenium.remote.RemoteWebElement.execute(RemoteWebElement.java:224)
	at org.openqa.selenium.remote.RemoteWebElement.clear(RemoteWebElement.java:130)
	at Steps.Login.messageShouldBeDisplayed(Login.java:77)
	at ✽.Message Should Be Displayed &apos;incorrect email or Password&apos;(file:///D:/demowebshop.tricentis.com/src/test/java/Features/LoginFeature.feature:8)
</pre></div></td>
<td>17</td>
<td>Runner.Login@4d5b6aac</td></tr>
</table><p>
</body>
</html>