<?xml version="1.0" encoding="UTF-8"?>
<!-- Generated by org.testng.reporters.JUnitReportReporter -->
<testsuite hostname="iamPoatan" failures="2" tests="6" name="Runner.Poll" time="71.491" errors="0" timestamp="2024-02-29T04:43:45 IST" skipped="2">
  <testcase classname="Runner.Poll" name="runScenario" time="12.389">
    <failure message="7521 vote(s)..." type="java.lang.AssertionError">
      <![CDATA[java.lang.AssertionError: 7521 vote(s)...
at org.junit.Assert.fail(Assert.java:89)
at org.junit.Assert.assertTrue(Assert.java:42)
at org.junit.Assert.assertFalse(Assert.java:65)
at Steps.Poll.user_select_one_option_from_poll_and_vote(Poll.java:90)
at ✽.User select one option from poll and vote(file:///D:/demowebshop.tricentis.com/src/test/java/Features/PollFeature.feature:15)
]]>
    </failure>
  </testcase> <!-- runScenario -->
  <system-out/>
  <testcase classname="Runner.Poll" name="runScenario" time="12.179">
    <failure message="Only registered users can vote." type="java.lang.AssertionError">
      <![CDATA[java.lang.AssertionError: Only registered users can vote.
at org.junit.Assert.fail(Assert.java:89)
at org.junit.Assert.assertTrue(Assert.java:42)
at org.junit.Assert.assertFalse(Assert.java:65)
at Steps.Poll.click_on_vote_button(Poll.java:66)
at ✽.Click on vote button(file:///D:/demowebshop.tricentis.com/src/test/java/Features/PollFeature.feature:11)
]]>
    </failure>
  </testcase> <!-- runScenario -->
  <system-out/>
  <testcase classname="Runner.Poll" name="runScenario" time="12.153"/>
  <system-out/>
  <testcase classname="Runner.Poll" name="runScenario" time="11.932">
    <skipped/>
  </testcase> <!-- runScenario -->
  <system-out/>
  <testcase classname="Runner.Poll" name="runScenario" time="12.542">
    <skipped/>
  </testcase> <!-- runScenario -->
  <system-out/>
  <testcase classname="Runner.Poll" name="runScenario" time="10.296"/>
  <system-out/>
</testsuite> <!-- Runner.Poll -->
