<?xml version="1.0" encoding="UTF-8"?>
<!-- Generated by org.testng.reporters.JUnitReportReporter -->
<testsuite hostname="iamPoatan" failures="1" tests="4" name="Runner.Cart" time="93.951" errors="0" timestamp="2024-02-29T04:43:45 IST" skipped="1">
  <testcase classname="Runner.Cart" name="runScenario" time="25.626">
    <skipped/>
  </testcase> <!-- runScenario -->
  <system-out/>
  <testcase classname="Runner.Cart" name="runScenario" time="22.975"/>
  <system-out/>
  <testcase classname="Runner.Cart" name="runScenario" time="21.130">
    <failure message="Scenario failed - Some products do not have the &#039;Add to Cart&#039; button." type="java.lang.AssertionError">
      <![CDATA[java.lang.AssertionError: Scenario failed - Some products do not have the 'Add to Cart' button.
at org.testng.Assert.fail(Assert.java:110)
at Steps.Cart.validateCartButtonForAllBooks(Cart.java:89)
at âœ½.User validates whether all books have addtocart button(file:///D:/demowebshop.tricentis.com/src/test/java/Features/CartFeature.feature:10)
]]>
    </failure>
  </testcase> <!-- runScenario -->
  <system-out/>
  <testcase classname="Runner.Cart" name="runScenario" time="24.220"/>
  <system-out/>
</testsuite> <!-- Runner.Cart -->
