<!DOCTYPE html>

<html>
  <head>
  <meta charset='utf-8'>
  <title>TestNG reports</title>

    <link type="text/css" href="testng-reports1.css" rel="stylesheet" id="ultra" />
    <link type="text/css" href="testng-reports.css" rel="stylesheet" id="retro" disabled="false"/>
    <script type="text/javascript" src="jquery-3.6.0.min.js"></script>
    <script type="text/javascript" src="testng-reports.js"></script>
    <script type="text/javascript" src="https://www.google.com/jsapi"></script>
    <script type='text/javascript'>
      google.load('visualization', '1', {packages:['table']});
      google.setOnLoadCallback(drawTable);
      var suiteTableInitFunctions = new Array();
      var suiteTableData = new Array();
    </script>
    <!--
      <script type="text/javascript" src="jquery-ui/js/jquery-ui-1.8.16.custom.min.js"></script>
     -->
  </head>

  <body>    <div class="top-banner-root">
      <span class="top-banner-title-font">Test results</span>
      <button id="button" class="button">Switch Retro Theme</button> <!-- button -->
      <br/>
      <span class="top-banner-font-1">1 suite, 12 failed tests</span>
    </div> <!-- top-banner-root -->
    <div class="navigator-root">
      <div class="navigator-suite-header">
        <span>All suites</span>
        <a href="#" title="Collapse/expand all the suites" class="collapse-all-link">
          <img src="collapseall.gif" class="collapse-all-icon">
          </img> <!-- collapse-all-icon -->
        </a> <!-- collapse-all-link -->
      </div> <!-- navigator-suite-header -->
      <div class="suite">
        <div class="rounded-window">
          <div class="suite-header light-rounded-window-top">
            <a href="#" panel-name="suite-demowebshop_tricentis_com_Suite" class="navigator-link">
              <span class="suite-name border-failed">demowebshop.tricentis.com Suite</span>
            </a> <!-- navigator-link -->
          </div> <!-- suite-header light-rounded-window-top -->
          <div class="navigator-suite-content">
            <div class="suite-section-title">
              <span>Info</span>
            </div> <!-- suite-section-title -->
            <div class="suite-section-content">
              <ul>
                <li>
                  <a href="#" panel-name="test-xml-demowebshop_tricentis_com_Suite" class="navigator-link ">
                    <span>D:\demowebshop.tricentis.com\src\test\resources\TestNgRunner.xml</span>
                  </a> <!-- navigator-link  -->
                </li>
                <li>
                  <a href="#" panel-name="testlist-demowebshop_tricentis_com_Suite" class="navigator-link ">
                    <span class="test-stats">1 test</span>
                  </a> <!-- navigator-link  -->
                </li>
                <li>
                  <a href="#" panel-name="group-demowebshop_tricentis_com_Suite" class="navigator-link ">
                    <span>1 group</span>
                  </a> <!-- navigator-link  -->
                </li>
                <li>
                  <a href="#" panel-name="times-demowebshop_tricentis_com_Suite" class="navigator-link ">
                    <span>Times</span>
                  </a> <!-- navigator-link  -->
                </li>
                <li>
                  <a href="#" panel-name="reporter-demowebshop_tricentis_com_Suite" class="navigator-link ">
                    <span>Reporter output</span>
                  </a> <!-- navigator-link  -->
                </li>
                <li>
                  <a href="#" panel-name="ignored-methods-demowebshop_tricentis_com_Suite" class="navigator-link ">
                    <span>Ignored methods</span>
                  </a> <!-- navigator-link  -->
                </li>
                <li>
                  <a href="#" panel-name="chronological-demowebshop_tricentis_com_Suite" class="navigator-link ">
                    <span>Chronological view</span>
                  </a> <!-- navigator-link  -->
                </li>
              </ul>
            </div> <!-- suite-section-content -->
            <div class="result-section">
              <div class="suite-section-title">
                <span>Results</span>
              </div> <!-- suite-section-title -->
              <div class="suite-section-content">
                <ul>
                  <li>
                    <span class="method-stats">34 methods, 12 failed,  12 skipped,  10 passed</span>
                  </li>
                  <li>
                    <span class="method-list-title failed">Failed methods</span>
                    <span class="show-or-hide-methods failed">
                      <a href="#" panel-name="suite-demowebshop_tricentis_com_Suite" class="hide-methods failed suite-demowebshop_tricentis_com_Suite"> (hide)</a> <!-- hide-methods failed suite-demowebshop_tricentis_com_Suite -->
                      <a href="#" panel-name="suite-demowebshop_tricentis_com_Suite" class="show-methods failed suite-demowebshop_tricentis_com_Suite"> (show)</a> <!-- show-methods failed suite-demowebshop_tricentis_com_Suite -->
                    </span>
                    <div class="method-list-content failed suite-demowebshop_tricentis_com_Suite">
                      <span>
                        <img src="failed.png" width="3%"/>
                        <a href="#" panel-name="suite-demowebshop_tricentis_com_Suite" title="Runner.Login" class="method navigator-link" hash-for-method="runScenario(&quot;User login with different credentials&quot;, &quot;To Test DemoWebShop Login functionality&quot;)">runScenario("User login with different credentials", "To Test DemoWebShop Login functionality")</a> <!-- method navigator-link -->
                      </span>
                      <br/>
                      <span>
                        <img src="failed.png" width="3%"/>
                        <a href="#" panel-name="suite-demowebshop_tricentis_com_Suite" title="Runner.Login" class="method navigator-link" hash-for-method="runScenario(&quot;User login with different credentials&quot;, &quot;To Test DemoWebShop Login functionality&quot;)">runScenario("User login with different credentials", "To Test DemoWebShop Login functionality")</a> <!-- method navigator-link -->
                      </span>
                      <br/>
                      <span>
                        <img src="failed.png" width="3%"/>
                        <a href="#" panel-name="suite-demowebshop_tricentis_com_Suite" title="Runner.Registration" class="method navigator-link" hash-for-method="runScenario(&quot;Register user with different data&quot;, &quot;To Test the DemoWebShop Register functionality&quot;)">runScenario("Register user with different data", "To Test the DemoWebShop Register functionality")</a> <!-- method navigator-link -->
                      </span>
                      <br/>
                      <span>
                        <img src="failed.png" width="3%"/>
                        <a href="#" panel-name="suite-demowebshop_tricentis_com_Suite" title="Runner.Poll" class="method navigator-link" hash-for-method="runScenario(&quot;User to poll with login&quot;, &quot;To Test DemoWebshop Community Poll Functionality&quot;)">runScenario("User to poll with login", "To Test DemoWebshop Community Poll Functionality")</a> <!-- method navigator-link -->
                      </span>
                      <br/>
                      <span>
                        <img src="failed.png" width="3%"/>
                        <a href="#" panel-name="suite-demowebshop_tricentis_com_Suite" title="Runner.Subscription" class="method navigator-link" hash-for-method="runScenario(&quot;Testing of News Letter Subscription Page&quot;, &quot;To Test DemoWebshop NewsLetter Subscription Functionali...)">runScenario("Testing of News Letter Subscription Page", "To Test DemoWebshop NewsLetter Subscription Functionali...)</a> <!-- method navigator-link -->
                      </span>
                      <br/>
                      <span>
                        <img src="failed.png" width="3%"/>
                        <a href="#" panel-name="suite-demowebshop_tricentis_com_Suite" title="Runner.Registration" class="method navigator-link" hash-for-method="runScenario(&quot;Register user with different data&quot;, &quot;To Test the DemoWebShop Register functionality&quot;)">runScenario("Register user with different data", "To Test the DemoWebShop Register functionality")</a> <!-- method navigator-link -->
                      </span>
                      <br/>
                      <span>
                        <img src="failed.png" width="3%"/>
                        <a href="#" panel-name="suite-demowebshop_tricentis_com_Suite" title="Runner.Login" class="method navigator-link" hash-for-method="runScenario(&quot;User login with different credentials&quot;, &quot;To Test DemoWebShop Login functionality&quot;)">runScenario("User login with different credentials", "To Test DemoWebShop Login functionality")</a> <!-- method navigator-link -->
                      </span>
                      <br/>
                      <span>
                        <img src="failed.png" width="3%"/>
                        <a href="#" panel-name="suite-demowebshop_tricentis_com_Suite" title="Runner.Registration" class="method navigator-link" hash-for-method="runScenario(&quot;Register user with different data&quot;, &quot;To Test the DemoWebShop Register functionality&quot;)">runScenario("Register user with different data", "To Test the DemoWebShop Register functionality")</a> <!-- method navigator-link -->
                      </span>
                      <br/>
                      <span>
                        <img src="failed.png" width="3%"/>
                        <a href="#" panel-name="suite-demowebshop_tricentis_com_Suite" title="Runner.Registration" class="method navigator-link" hash-for-method="runScenario(&quot;Register user with different data&quot;, &quot;To Test the DemoWebShop Register functionality&quot;)">runScenario("Register user with different data", "To Test the DemoWebShop Register functionality")</a> <!-- method navigator-link -->
                      </span>
                      <br/>
                      <span>
                        <img src="failed.png" width="3%"/>
                        <a href="#" panel-name="suite-demowebshop_tricentis_com_Suite" title="Runner.Poll" class="method navigator-link" hash-for-method="runScenario(&quot;User to poll without Login&quot;, &quot;To Test DemoWebshop Community Poll Functionality&quot;)">runScenario("User to poll without Login", "To Test DemoWebshop Community Poll Functionality")</a> <!-- method navigator-link -->
                      </span>
                      <br/>
                      <span>
                        <img src="failed.png" width="3%"/>
                        <a href="#" panel-name="suite-demowebshop_tricentis_com_Suite" title="Runner.Cart" class="method navigator-link" hash-for-method="runScenario(&quot;User confirms all books with &quot;AddToCart&quot; button&quot;, &quot;To Test DemowebShop Add/Remove from cart functio...)">runScenario("User confirms all books with "AddToCart" button", "To Test DemowebShop Add/Remove from cart functio...)</a> <!-- method navigator-link -->
                      </span>
                      <br/>
                      <span>
                        <img src="failed.png" width="3%"/>
                        <a href="#" panel-name="suite-demowebshop_tricentis_com_Suite" title="Runner.Registration" class="method navigator-link" hash-for-method="runScenario(&quot;Register user with different data&quot;, &quot;To Test the DemoWebShop Register functionality&quot;)">runScenario("Register user with different data", "To Test the DemoWebShop Register functionality")</a> <!-- method navigator-link -->
                      </span>
                      <br/>
                    </div> <!-- method-list-content failed suite-demowebshop_tricentis_com_Suite -->
                  </li>
                  <li>
                    <span class="method-list-title skipped">Retried methods</span>
                    <span class="show-or-hide-methods skipped">
                      <a href="#" panel-name="suite-demowebshop_tricentis_com_Suite" class="hide-methods skipped suite-demowebshop_tricentis_com_Suite"> (hide)</a> <!-- hide-methods skipped suite-demowebshop_tricentis_com_Suite -->
                      <a href="#" panel-name="suite-demowebshop_tricentis_com_Suite" class="show-methods skipped suite-demowebshop_tricentis_com_Suite"> (show)</a> <!-- show-methods skipped suite-demowebshop_tricentis_com_Suite -->
                    </span>
                    <div class="method-list-content skipped suite-demowebshop_tricentis_com_Suite">
                      <span>
                        <img src="skipped.png" width="3%"/>
                        <a href="#" panel-name="suite-demowebshop_tricentis_com_Suite" title="Runner.Registration" class="method navigator-link" hash-for-method="runScenario(&quot;Register user with different data&quot;, &quot;To Test the DemoWebShop Register functionality&quot;)">runScenario("Register user with different data", "To Test the DemoWebShop Register functionality")</a> <!-- method navigator-link -->
                      </span>
                      <br/>
                      <span>
                        <img src="skipped.png" width="3%"/>
                        <a href="#" panel-name="suite-demowebshop_tricentis_com_Suite" title="Runner.Registration" class="method navigator-link" hash-for-method="runScenario(&quot;Register user with different data&quot;, &quot;To Test the DemoWebShop Register functionality&quot;)">runScenario("Register user with different data", "To Test the DemoWebShop Register functionality")</a> <!-- method navigator-link -->
                      </span>
                      <br/>
                      <span>
                        <img src="skipped.png" width="3%"/>
                        <a href="#" panel-name="suite-demowebshop_tricentis_com_Suite" title="Runner.Login" class="method navigator-link" hash-for-method="runScenario(&quot;User login with different credentials&quot;, &quot;To Test DemoWebShop Login functionality&quot;)">runScenario("User login with different credentials", "To Test DemoWebShop Login functionality")</a> <!-- method navigator-link -->
                      </span>
                      <br/>
                      <span>
                        <img src="skipped.png" width="3%"/>
                        <a href="#" panel-name="suite-demowebshop_tricentis_com_Suite" title="Runner.Poll" class="method navigator-link" hash-for-method="runScenario(&quot;User to poll without Login&quot;, &quot;To Test DemoWebshop Community Poll Functionality&quot;)">runScenario("User to poll without Login", "To Test DemoWebshop Community Poll Functionality")</a> <!-- method navigator-link -->
                      </span>
                      <br/>
                      <span>
                        <img src="skipped.png" width="3%"/>
                        <a href="#" panel-name="suite-demowebshop_tricentis_com_Suite" title="Runner.Login" class="method navigator-link" hash-for-method="runScenario(&quot;User login with different credentials&quot;, &quot;To Test DemoWebShop Login functionality&quot;)">runScenario("User login with different credentials", "To Test DemoWebShop Login functionality")</a> <!-- method navigator-link -->
                      </span>
                      <br/>
                      <span>
                        <img src="skipped.png" width="3%"/>
                        <a href="#" panel-name="suite-demowebshop_tricentis_com_Suite" title="Runner.Subscription" class="method navigator-link" hash-for-method="runScenario(&quot;Testing of News Letter Subscription Page&quot;, &quot;To Test DemoWebshop NewsLetter Subscription Functionali...)">runScenario("Testing of News Letter Subscription Page", "To Test DemoWebshop NewsLetter Subscription Functionali...)</a> <!-- method navigator-link -->
                      </span>
                      <br/>
                      <span>
                        <img src="skipped.png" width="3%"/>
                        <a href="#" panel-name="suite-demowebshop_tricentis_com_Suite" title="Runner.Cart" class="method navigator-link" hash-for-method="runScenario(&quot;User confirms all books with &quot;AddToCart&quot; button&quot;, &quot;To Test DemowebShop Add/Remove from cart functio...)">runScenario("User confirms all books with "AddToCart" button", "To Test DemowebShop Add/Remove from cart functio...)</a> <!-- method navigator-link -->
                      </span>
                      <br/>
                      <span>
                        <img src="skipped.png" width="3%"/>
                        <a href="#" panel-name="suite-demowebshop_tricentis_com_Suite" title="Runner.Registration" class="method navigator-link" hash-for-method="runScenario(&quot;Register user with different data&quot;, &quot;To Test the DemoWebShop Register functionality&quot;)">runScenario("Register user with different data", "To Test the DemoWebShop Register functionality")</a> <!-- method navigator-link -->
                      </span>
                      <br/>
                      <span>
                        <img src="skipped.png" width="3%"/>
                        <a href="#" panel-name="suite-demowebshop_tricentis_com_Suite" title="Runner.Registration" class="method navigator-link" hash-for-method="runScenario(&quot;Register user with different data&quot;, &quot;To Test the DemoWebShop Register functionality&quot;)">runScenario("Register user with different data", "To Test the DemoWebShop Register functionality")</a> <!-- method navigator-link -->
                      </span>
                      <br/>
                      <span>
                        <img src="skipped.png" width="3%"/>
                        <a href="#" panel-name="suite-demowebshop_tricentis_com_Suite" title="Runner.Registration" class="method navigator-link" hash-for-method="runScenario(&quot;Register user with different data&quot;, &quot;To Test the DemoWebShop Register functionality&quot;)">runScenario("Register user with different data", "To Test the DemoWebShop Register functionality")</a> <!-- method navigator-link -->
                      </span>
                      <br/>
                      <span>
                        <img src="skipped.png" width="3%"/>
                        <a href="#" panel-name="suite-demowebshop_tricentis_com_Suite" title="Runner.Poll" class="method navigator-link" hash-for-method="runScenario(&quot;User to poll with login&quot;, &quot;To Test DemoWebshop Community Poll Functionality&quot;)">runScenario("User to poll with login", "To Test DemoWebshop Community Poll Functionality")</a> <!-- method navigator-link -->
                      </span>
                      <br/>
                      <span>
                        <img src="skipped.png" width="3%"/>
                        <a href="#" panel-name="suite-demowebshop_tricentis_com_Suite" title="Runner.Login" class="method navigator-link" hash-for-method="runScenario(&quot;User login with different credentials&quot;, &quot;To Test DemoWebShop Login functionality&quot;)">runScenario("User login with different credentials", "To Test DemoWebShop Login functionality")</a> <!-- method navigator-link -->
                      </span>
                      <br/>
                    </div> <!-- method-list-content skipped suite-demowebshop_tricentis_com_Suite -->
                  </li>
                  <li>
                    <span class="method-list-title passed">Passed methods</span>
                    <span class="show-or-hide-methods passed">
                      <a href="#" panel-name="suite-demowebshop_tricentis_com_Suite" class="hide-methods passed suite-demowebshop_tricentis_com_Suite"> (hide)</a> <!-- hide-methods passed suite-demowebshop_tricentis_com_Suite -->
                      <a href="#" panel-name="suite-demowebshop_tricentis_com_Suite" class="show-methods passed suite-demowebshop_tricentis_com_Suite"> (show)</a> <!-- show-methods passed suite-demowebshop_tricentis_com_Suite -->
                    </span>
                    <div class="method-list-content passed suite-demowebshop_tricentis_com_Suite">
                      <span>
                        <img src="passed.png" width="3%"/>
                        <a href="#" panel-name="suite-demowebshop_tricentis_com_Suite" title="Runner.Checkout" class="method navigator-link" hash-for-method="runScenario(&quot;User completes the successful checkout using COD&quot;, &quot;To Test DemoWebshop Checkout Functionality&quot;)">runScenario("User completes the successful checkout using COD", "To Test DemoWebshop Checkout Functionality")</a> <!-- method navigator-link -->
                      </span>
                      <br/>
                      <span>
                        <img src="passed.png" width="3%"/>
                        <a href="#" panel-name="suite-demowebshop_tricentis_com_Suite" title="Runner.Search" class="method navigator-link" hash-for-method="runScenario(&quot;Handle Pop-up&quot;, &quot;To Test DemoWebshop Search Functionality&quot;)">runScenario("Handle Pop-up", "To Test DemoWebshop Search Functionality")</a> <!-- method navigator-link -->
                      </span>
                      <br/>
                      <span>
                        <img src="passed.png" width="3%"/>
                        <a href="#" panel-name="suite-demowebshop_tricentis_com_Suite" title="Runner.Search" class="method navigator-link" hash-for-method="runScenario(&quot;Perform Search&quot;, &quot;To Test DemoWebshop Search Functionality&quot;)">runScenario("Perform Search", "To Test DemoWebshop Search Functionality")</a> <!-- method navigator-link -->
                      </span>
                      <br/>
                      <span>
                        <img src="passed.png" width="3%"/>
                        <a href="#" panel-name="suite-demowebshop_tricentis_com_Suite" title="Runner.Login" class="method navigator-link" hash-for-method="runScenario(&quot;User login with different credentials&quot;, &quot;To Test DemoWebShop Login functionality&quot;)">runScenario("User login with different credentials", "To Test DemoWebShop Login functionality")</a> <!-- method navigator-link -->
                      </span>
                      <br/>
                      <span>
                        <img src="passed.png" width="3%"/>
                        <a href="#" panel-name="suite-demowebshop_tricentis_com_Suite" title="Runner.Cart" class="method navigator-link" hash-for-method="runScenario(&quot;User adds the third book to the cart&quot;, &quot;To Test DemowebShop Add/Remove from cart functionality&quot;)">runScenario("User adds the third book to the cart", "To Test DemowebShop Add/Remove from cart functionality")</a> <!-- method navigator-link -->
                      </span>
                      <br/>
                      <span>
                        <img src="passed.png" width="3%"/>
                        <a href="#" panel-name="suite-demowebshop_tricentis_com_Suite" title="Runner.Poll" class="method navigator-link" hash-for-method="runScenario(&quot;User to poll with login&quot;, &quot;To Test DemoWebshop Community Poll Functionality&quot;)">runScenario("User to poll with login", "To Test DemoWebshop Community Poll Functionality")</a> <!-- method navigator-link -->
                      </span>
                      <br/>
                      <span>
                        <img src="passed.png" width="3%"/>
                        <a href="#" panel-name="suite-demowebshop_tricentis_com_Suite" title="Runner.Cart" class="method navigator-link" hash-for-method="runScenario(&quot;User adds and deletes products from the cart&quot;, &quot;To Test DemowebShop Add/Remove from cart functional...)">runScenario("User adds and deletes products from the cart", "To Test DemowebShop Add/Remove from cart functional...)</a> <!-- method navigator-link -->
                      </span>
                      <br/>
                      <span>
                        <img src="passed.png" width="3%"/>
                        <a href="#" panel-name="suite-demowebshop_tricentis_com_Suite" title="Runner.WishList" class="method navigator-link" hash-for-method="runScenario(&quot;User can add and remove products from the wishlist&quot;, &quot;To Test DemoWebShop Wishlist Functionality&quot;)">runScenario("User can add and remove products from the wishlist", "To Test DemoWebShop Wishlist Functionality")</a> <!-- method navigator-link -->
                      </span>
                      <br/>
                      <span>
                        <img src="passed.png" width="3%"/>
                        <a href="#" panel-name="suite-demowebshop_tricentis_com_Suite" title="Runner.Subscription" class="method navigator-link" hash-for-method="runScenario(&quot;Testing of News Letter Subscription Page&quot;, &quot;To Test DemoWebshop NewsLetter Subscription Functionali...)">runScenario("Testing of News Letter Subscription Page", "To Test DemoWebshop NewsLetter Subscription Functionali...)</a> <!-- method navigator-link -->
                      </span>
                      <br/>
                      <span>
                        <img src="passed.png" width="3%"/>
                        <a href="#" panel-name="suite-demowebshop_tricentis_com_Suite" title="Runner.Poll" class="method navigator-link" hash-for-method="runScenario(&quot;User to poll without selecting anything&quot;, &quot;To Test DemoWebshop Community Poll Functionality&quot;)">runScenario("User to poll without selecting anything", "To Test DemoWebshop Community Poll Functionality")</a> <!-- method navigator-link -->
                      </span>
                      <br/>
                    </div> <!-- method-list-content passed suite-demowebshop_tricentis_com_Suite -->
                  </li>
                </ul>
              </div> <!-- suite-section-content -->
            </div> <!-- result-section -->
          </div> <!-- navigator-suite-content -->
        </div> <!-- rounded-window -->
      </div> <!-- suite -->
    </div> <!-- navigator-root -->
    <div class="wrapper">
      <div class="main-panel-root">
        <div panel-name="suite-demowebshop_tricentis_com_Suite" class="panel demowebshop_tricentis_com_Suite">
          <div class="suite-demowebshop_tricentis_com_Suite-class-failed">
            <div class="main-panel-header rounded-window-top">
              <img src="failed.png"/>
              <span class="class-name">Runner.Login</span>
            </div> <!-- main-panel-header rounded-window-top -->
            <div class="main-panel-content rounded-window-bottom">
              <div class="method">
                <div class="method-content">
                  <a name="runScenario(&quot;User login with different credentials&quot;, &quot;To Test DemoWebShop Login functionality&quot;)">
                  </a> <!-- runScenario("User login with different credentials", "To Test DemoWebShop Login functionality") -->
                  <span class="method-name">runScenario</span>
                  <span class="parameters">("User login with different credentials","To Test DemoWebShop Login functionality")</span>
                  <div class="stack-trace">org.openqa.selenium.InvalidElementStateException: invalid element state
  (Session info: chrome=122.0.6261.70)
Build info: version: &apos;4.11.0&apos;, revision: &apos;040bc5406b&apos;
System info: os.name: &apos;Windows 11&apos;, os.arch: &apos;amd64&apos;, os.version: &apos;10.0&apos;, java.version: &apos;21.0.1&apos;
Driver info: org.openqa.selenium.chrome.ChromeDriver
Command: [ef27ba1cfe218cef7985155435303517, clearElement {id=f.6F89DC9DE8EB4B04ED2AA3088F929333.d.345884A278FE16B0584F65FC4669DF1C.e.78}]
Capabilities {acceptInsecureCerts: false, browserName: chrome, browserVersion: 122.0.6261.70, chrome: {chromedriverVersion: 122.0.6261.94 (880dbf29479c..., userDataDir: C:\Users\shiva\AppData\Loca...}, fedcm:accounts: true, goog:chromeOptions: {debuggerAddress: localhost:57788}, networkConnectionEnabled: false, pageLoadStrategy: normal, platformName: windows, proxy: Proxy(), se:cdp: ws://localhost:57788/devtoo..., se:cdpVersion: 122.0.6261.70, setWindowRect: true, strictFileInteractability: false, timeouts: {implicit: 0, pageLoad: 300000, script: 30000}, unhandledPromptBehavior: dismiss and notify, webauthn:extension:credBlob: true, webauthn:extension:largeBlob: true, webauthn:extension:minPinLength: true, webauthn:extension:prf: true, webauthn:virtualAuthenticators: true}
Element: [[ChromeDriver: chrome on windows (ef27ba1cfe218cef7985155435303517)] -&gt; xpath: //a[@href=&apos;/login&apos;]]
Session ID: ef27ba1cfe218cef7985155435303517
	at org.openqa.selenium.remote.codec.w3c.W3CHttpResponseCodec.createException(W3CHttpResponseCodec.java:200)
	at org.openqa.selenium.remote.codec.w3c.W3CHttpResponseCodec.decode(W3CHttpResponseCodec.java:133)
	at org.openqa.selenium.remote.codec.w3c.W3CHttpResponseCodec.decode(W3CHttpResponseCodec.java:52)
	at org.openqa.selenium.remote.HttpCommandExecutor.execute(HttpCommandExecutor.java:191)
	at org.openqa.selenium.remote.service.DriverCommandExecutor.invokeExecute(DriverCommandExecutor.java:196)
	at org.openqa.selenium.remote.service.DriverCommandExecutor.execute(DriverCommandExecutor.java:171)
	at org.openqa.selenium.remote.RemoteWebDriver.execute(RemoteWebDriver.java:518)
	at org.openqa.selenium.remote.RemoteWebElement.execute(RemoteWebElement.java:224)
	at org.openqa.selenium.remote.RemoteWebElement.clear(RemoteWebElement.java:130)
	at Steps.Login.messageShouldBeDisplayed(Login.java:77)
	at ✽.Message Should Be Displayed &apos;incorrect email or Password&apos;(file:///D:/demowebshop.tricentis.com/src/test/java/Features/LoginFeature.feature:8)
... Removed 3 stack frames
</div> <!-- stack-trace -->
                  <em>
(Runs Cucumber Scenarios)                  </em>
                </div> <!-- method-content -->
              </div> <!-- method -->
              <div class="method">
                <div class="method-content">
                  <a name="runScenario(&quot;User login with different credentials&quot;, &quot;To Test DemoWebShop Login functionality&quot;)">
                  </a> <!-- runScenario("User login with different credentials", "To Test DemoWebShop Login functionality") -->
                  <span class="method-name">runScenario</span>
                  <span class="parameters">("User login with different credentials","To Test DemoWebShop Login functionality")</span>
                  <div class="stack-trace">org.openqa.selenium.InvalidElementStateException: invalid element state
  (Session info: chrome=122.0.6261.70)
Build info: version: &apos;4.11.0&apos;, revision: &apos;040bc5406b&apos;
System info: os.name: &apos;Windows 11&apos;, os.arch: &apos;amd64&apos;, os.version: &apos;10.0&apos;, java.version: &apos;21.0.1&apos;
Driver info: org.openqa.selenium.chrome.ChromeDriver
Command: [46d7cd1a751938e0994c956312b40216, clearElement {id=f.45C575CD5C6A6D0D33E662B585EA15A5.d.31758742615E960056EBB12E69003A63.e.77}]
Capabilities {acceptInsecureCerts: false, browserName: chrome, browserVersion: 122.0.6261.70, chrome: {chromedriverVersion: 122.0.6261.94 (880dbf29479c..., userDataDir: C:\Users\shiva\AppData\Loca...}, fedcm:accounts: true, goog:chromeOptions: {debuggerAddress: localhost:57447}, networkConnectionEnabled: false, pageLoadStrategy: normal, platformName: windows, proxy: Proxy(), se:cdp: ws://localhost:57447/devtoo..., se:cdpVersion: 122.0.6261.70, setWindowRect: true, strictFileInteractability: false, timeouts: {implicit: 0, pageLoad: 300000, script: 30000}, unhandledPromptBehavior: dismiss and notify, webauthn:extension:credBlob: true, webauthn:extension:largeBlob: true, webauthn:extension:minPinLength: true, webauthn:extension:prf: true, webauthn:virtualAuthenticators: true}
Element: [[ChromeDriver: chrome on windows (46d7cd1a751938e0994c956312b40216)] -&gt; xpath: //a[@href=&apos;/login&apos;]]
Session ID: 46d7cd1a751938e0994c956312b40216
	at org.openqa.selenium.remote.codec.w3c.W3CHttpResponseCodec.createException(W3CHttpResponseCodec.java:200)
	at org.openqa.selenium.remote.codec.w3c.W3CHttpResponseCodec.decode(W3CHttpResponseCodec.java:133)
	at org.openqa.selenium.remote.codec.w3c.W3CHttpResponseCodec.decode(W3CHttpResponseCodec.java:52)
	at org.openqa.selenium.remote.HttpCommandExecutor.execute(HttpCommandExecutor.java:191)
	at org.openqa.selenium.remote.service.DriverCommandExecutor.invokeExecute(DriverCommandExecutor.java:196)
	at org.openqa.selenium.remote.service.DriverCommandExecutor.execute(DriverCommandExecutor.java:171)
	at org.openqa.selenium.remote.RemoteWebDriver.execute(RemoteWebDriver.java:518)
	at org.openqa.selenium.remote.RemoteWebElement.execute(RemoteWebElement.java:224)
	at org.openqa.selenium.remote.RemoteWebElement.clear(RemoteWebElement.java:130)
	at Steps.Login.messageShouldBeDisplayed(Login.java:77)
	at ✽.Message Should Be Displayed &apos;incorrect email or Password&apos;(file:///D:/demowebshop.tricentis.com/src/test/java/Features/LoginFeature.feature:8)
... Removed 3 stack frames
</div> <!-- stack-trace -->
                  <em>
(Runs Cucumber Scenarios)                  </em>
                </div> <!-- method-content -->
              </div> <!-- method -->
              <div class="method">
                <div class="method-content">
                  <a name="runScenario(&quot;User login with different credentials&quot;, &quot;To Test DemoWebShop Login functionality&quot;)">
                  </a> <!-- runScenario("User login with different credentials", "To Test DemoWebShop Login functionality") -->
                  <span class="method-name">runScenario</span>
                  <span class="parameters">("User login with different credentials","To Test DemoWebShop Login functionality")</span>
                  <div class="stack-trace">org.openqa.selenium.InvalidElementStateException: invalid element state
  (Session info: chrome=122.0.6261.70)
Build info: version: &apos;4.11.0&apos;, revision: &apos;040bc5406b&apos;
System info: os.name: &apos;Windows 11&apos;, os.arch: &apos;amd64&apos;, os.version: &apos;10.0&apos;, java.version: &apos;21.0.1&apos;
Driver info: org.openqa.selenium.chrome.ChromeDriver
Command: [8eb462955bd4b8561acadad0e20475cf, clearElement {id=f.3AC6172C996258FE3842FCC1C408C5B2.d.62183053B7AB5FC211AE3770FB7F6083.e.78}]
Capabilities {acceptInsecureCerts: false, browserName: chrome, browserVersion: 122.0.6261.70, chrome: {chromedriverVersion: 122.0.6261.94 (880dbf29479c..., userDataDir: C:\Users\shiva\AppData\Loca...}, fedcm:accounts: true, goog:chromeOptions: {debuggerAddress: localhost:57617}, networkConnectionEnabled: false, pageLoadStrategy: normal, platformName: windows, proxy: Proxy(), se:cdp: ws://localhost:57617/devtoo..., se:cdpVersion: 122.0.6261.70, setWindowRect: true, strictFileInteractability: false, timeouts: {implicit: 0, pageLoad: 300000, script: 30000}, unhandledPromptBehavior: dismiss and notify, webauthn:extension:credBlob: true, webauthn:extension:largeBlob: true, webauthn:extension:minPinLength: true, webauthn:extension:prf: true, webauthn:virtualAuthenticators: true}
Element: [[ChromeDriver: chrome on windows (8eb462955bd4b8561acadad0e20475cf)] -&gt; xpath: //a[@href=&apos;/login&apos;]]
Session ID: 8eb462955bd4b8561acadad0e20475cf
	at org.openqa.selenium.remote.codec.w3c.W3CHttpResponseCodec.createException(W3CHttpResponseCodec.java:200)
	at org.openqa.selenium.remote.codec.w3c.W3CHttpResponseCodec.decode(W3CHttpResponseCodec.java:133)
	at org.openqa.selenium.remote.codec.w3c.W3CHttpResponseCodec.decode(W3CHttpResponseCodec.java:52)
	at org.openqa.selenium.remote.HttpCommandExecutor.execute(HttpCommandExecutor.java:191)
	at org.openqa.selenium.remote.service.DriverCommandExecutor.invokeExecute(DriverCommandExecutor.java:196)
	at org.openqa.selenium.remote.service.DriverCommandExecutor.execute(DriverCommandExecutor.java:171)
	at org.openqa.selenium.remote.RemoteWebDriver.execute(RemoteWebDriver.java:518)
	at org.openqa.selenium.remote.RemoteWebElement.execute(RemoteWebElement.java:224)
	at org.openqa.selenium.remote.RemoteWebElement.clear(RemoteWebElement.java:130)
	at Steps.Login.messageShouldBeDisplayed(Login.java:77)
	at ✽.Message Should Be Displayed &apos;incorrect email or Password&apos;(file:///D:/demowebshop.tricentis.com/src/test/java/Features/LoginFeature.feature:8)
... Removed 3 stack frames
</div> <!-- stack-trace -->
                  <em>
(Runs Cucumber Scenarios)                  </em>
                </div> <!-- method-content -->
              </div> <!-- method -->
            </div> <!-- main-panel-content rounded-window-bottom -->
          </div> <!-- suite-demowebshop_tricentis_com_Suite-class-failed -->
          <div class="suite-demowebshop_tricentis_com_Suite-class-failed">
            <div class="main-panel-header rounded-window-top">
              <img src="failed.png"/>
              <span class="class-name">Runner.Registration</span>
            </div> <!-- main-panel-header rounded-window-top -->
            <div class="main-panel-content rounded-window-bottom">
              <div class="method">
                <div class="method-content">
                  <a name="runScenario(&quot;Register user with different data&quot;, &quot;To Test the DemoWebShop Register functionality&quot;)">
                  </a> <!-- runScenario("Register user with different data", "To Test the DemoWebShop Register functionality") -->
                  <span class="method-name">runScenario</span>
                  <span class="parameters">("Register user with different data","To Test the DemoWebShop Register functionality")</span>
                  <div class="stack-trace">java.lang.AssertionError: Failure got to catch block
	at Steps.Registration.the_user_clicks_on_register(Registration.java:123)
	at ✽.the user clicks on register(file:///D:/demowebshop.tricentis.com/src/test/java/Features/RegistrationFeature.feature:13)
... Removed 1 stack frames
</div> <!-- stack-trace -->
                  <em>
(Runs Cucumber Scenarios)                  </em>
                </div> <!-- method-content -->
              </div> <!-- method -->
              <div class="method">
                <div class="method-content">
                  <a name="runScenario(&quot;Register user with different data&quot;, &quot;To Test the DemoWebShop Register functionality&quot;)">
                  </a> <!-- runScenario("Register user with different data", "To Test the DemoWebShop Register functionality") -->
                  <span class="method-name">runScenario</span>
                  <span class="parameters">("Register user with different data","To Test the DemoWebShop Register functionality")</span>
                  <div class="stack-trace">java.lang.AssertionError: Failure got to catch block
	at Steps.Registration.the_user_clicks_on_register(Registration.java:123)
	at ✽.the user clicks on register(file:///D:/demowebshop.tricentis.com/src/test/java/Features/RegistrationFeature.feature:13)
... Removed 1 stack frames
</div> <!-- stack-trace -->
                  <em>
(Runs Cucumber Scenarios)                  </em>
                </div> <!-- method-content -->
              </div> <!-- method -->
              <div class="method">
                <div class="method-content">
                  <a name="runScenario(&quot;Register user with different data&quot;, &quot;To Test the DemoWebShop Register functionality&quot;)">
                  </a> <!-- runScenario("Register user with different data", "To Test the DemoWebShop Register functionality") -->
                  <span class="method-name">runScenario</span>
                  <span class="parameters">("Register user with different data","To Test the DemoWebShop Register functionality")</span>
                  <div class="stack-trace">java.lang.AssertionError: Failure got to catch block
	at Steps.Registration.the_user_clicks_on_register(Registration.java:123)
	at ✽.the user clicks on register(file:///D:/demowebshop.tricentis.com/src/test/java/Features/RegistrationFeature.feature:13)
... Removed 1 stack frames
</div> <!-- stack-trace -->
                  <em>
(Runs Cucumber Scenarios)                  </em>
                </div> <!-- method-content -->
              </div> <!-- method -->
              <div class="method">
                <div class="method-content">
                  <a name="runScenario(&quot;Register user with different data&quot;, &quot;To Test the DemoWebShop Register functionality&quot;)">
                  </a> <!-- runScenario("Register user with different data", "To Test the DemoWebShop Register functionality") -->
                  <span class="method-name">runScenario</span>
                  <span class="parameters">("Register user with different data","To Test the DemoWebShop Register functionality")</span>
                  <div class="stack-trace">java.lang.AssertionError: Failure got to catch block
	at Steps.Registration.the_user_clicks_on_register(Registration.java:123)
	at ✽.the user clicks on register(file:///D:/demowebshop.tricentis.com/src/test/java/Features/RegistrationFeature.feature:13)
... Removed 1 stack frames
</div> <!-- stack-trace -->
                  <em>
(Runs Cucumber Scenarios)                  </em>
                </div> <!-- method-content -->
              </div> <!-- method -->
              <div class="method">
                <div class="method-content">
                  <a name="runScenario(&quot;Register user with different data&quot;, &quot;To Test the DemoWebShop Register functionality&quot;)">
                  </a> <!-- runScenario("Register user with different data", "To Test the DemoWebShop Register functionality") -->
                  <span class="method-name">runScenario</span>
                  <span class="parameters">("Register user with different data","To Test the DemoWebShop Register functionality")</span>
                  <div class="stack-trace">java.lang.AssertionError: Failure got to catch block
	at Steps.Registration.the_user_clicks_on_register(Registration.java:123)
	at ✽.the user clicks on register(file:///D:/demowebshop.tricentis.com/src/test/java/Features/RegistrationFeature.feature:13)
... Removed 1 stack frames
</div> <!-- stack-trace -->
                  <em>
(Runs Cucumber Scenarios)                  </em>
                </div> <!-- method-content -->
              </div> <!-- method -->
            </div> <!-- main-panel-content rounded-window-bottom -->
          </div> <!-- suite-demowebshop_tricentis_com_Suite-class-failed -->
          <div class="suite-demowebshop_tricentis_com_Suite-class-failed">
            <div class="main-panel-header rounded-window-top">
              <img src="failed.png"/>
              <span class="class-name">Runner.Poll</span>
            </div> <!-- main-panel-header rounded-window-top -->
            <div class="main-panel-content rounded-window-bottom">
              <div class="method">
                <div class="method-content">
                  <a name="runScenario(&quot;User to poll with login&quot;, &quot;To Test DemoWebshop Community Poll Functionality&quot;)">
                  </a> <!-- runScenario("User to poll with login", "To Test DemoWebshop Community Poll Functionality") -->
                  <span class="method-name">runScenario</span>
                  <span class="parameters">("User to poll with login","To Test DemoWebshop Community Poll Functionality")</span>
                  <div class="stack-trace">java.lang.AssertionError: 7521 vote(s)...
	at org.junit.Assert.fail(Assert.java:89)
	at org.junit.Assert.assertTrue(Assert.java:42)
	at org.junit.Assert.assertFalse(Assert.java:65)
	at Steps.Poll.user_select_one_option_from_poll_and_vote(Poll.java:90)
	at ✽.User select one option from poll and vote(file:///D:/demowebshop.tricentis.com/src/test/java/Features/PollFeature.feature:15)

</div> <!-- stack-trace -->
                  <em>
(Runs Cucumber Scenarios)                  </em>
                </div> <!-- method-content -->
              </div> <!-- method -->
              <div class="method">
                <div class="method-content">
                  <a name="runScenario(&quot;User to poll without Login&quot;, &quot;To Test DemoWebshop Community Poll Functionality&quot;)">
                  </a> <!-- runScenario("User to poll without Login", "To Test DemoWebshop Community Poll Functionality") -->
                  <span class="method-name">runScenario</span>
                  <span class="parameters">("User to poll without Login","To Test DemoWebshop Community Poll Functionality")</span>
                  <div class="stack-trace">java.lang.AssertionError: Only registered users can vote.
	at org.junit.Assert.fail(Assert.java:89)
	at org.junit.Assert.assertTrue(Assert.java:42)
	at org.junit.Assert.assertFalse(Assert.java:65)
	at Steps.Poll.click_on_vote_button(Poll.java:66)
	at ✽.Click on vote button(file:///D:/demowebshop.tricentis.com/src/test/java/Features/PollFeature.feature:11)

</div> <!-- stack-trace -->
                  <em>
(Runs Cucumber Scenarios)                  </em>
                </div> <!-- method-content -->
              </div> <!-- method -->
            </div> <!-- main-panel-content rounded-window-bottom -->
          </div> <!-- suite-demowebshop_tricentis_com_Suite-class-failed -->
          <div class="suite-demowebshop_tricentis_com_Suite-class-failed">
            <div class="main-panel-header rounded-window-top">
              <img src="failed.png"/>
              <span class="class-name">Runner.Cart</span>
            </div> <!-- main-panel-header rounded-window-top -->
            <div class="main-panel-content rounded-window-bottom">
              <div class="method">
                <div class="method-content">
                  <a name="runScenario(&quot;User confirms all books with &quot;AddToCart&quot; button&quot;, &quot;To Test DemowebShop Add/Remove from cart functio...)">
                  </a> <!-- runScenario("User confirms all books with "AddToCart" button", "To Test DemowebShop Add/Remove from cart functio...) -->
                  <span class="method-name">runScenario</span>
                  <span class="parameters">("User confirms all books with "AddToCart" button","To Test DemowebShop Add/Remove from cart functionality")</span>
                  <div class="stack-trace">java.lang.AssertionError: Scenario failed - Some products do not have the &apos;Add to Cart&apos; button.
	at Steps.Cart.validateCartButtonForAllBooks(Cart.java:89)
	at ✽.User validates whether all books have addtocart button(file:///D:/demowebshop.tricentis.com/src/test/java/Features/CartFeature.feature:10)
... Removed 1 stack frames
</div> <!-- stack-trace -->
                  <em>
(Runs Cucumber Scenarios)                  </em>
                </div> <!-- method-content -->
              </div> <!-- method -->
            </div> <!-- main-panel-content rounded-window-bottom -->
          </div> <!-- suite-demowebshop_tricentis_com_Suite-class-failed -->
          <div class="suite-demowebshop_tricentis_com_Suite-class-failed">
            <div class="main-panel-header rounded-window-top">
              <img src="failed.png"/>
              <span class="class-name">Runner.Subscription</span>
            </div> <!-- main-panel-header rounded-window-top -->
            <div class="main-panel-content rounded-window-bottom">
              <div class="method">
                <div class="method-content">
                  <a name="runScenario(&quot;Testing of News Letter Subscription Page&quot;, &quot;To Test DemoWebshop NewsLetter Subscription Functionali...)">
                  </a> <!-- runScenario("Testing of News Letter Subscription Page", "To Test DemoWebshop NewsLetter Subscription Functionali...) -->
                  <span class="method-name">runScenario</span>
                  <span class="parameters">("Testing of News Letter Subscription Page","To Test DemoWebshop NewsLetter Subscription Functionality")</span>
                  <div class="stack-trace">org.openqa.selenium.NoSuchSessionException: Session ID is null. Using WebDriver after calling quit()?
Build info: version: &apos;4.11.0&apos;, revision: &apos;040bc5406b&apos;
System info: os.name: &apos;Windows 11&apos;, os.arch: &apos;amd64&apos;, os.version: &apos;10.0&apos;, java.version: &apos;21.0.1&apos;
Driver info: org.openqa.selenium.chrome.ChromeDriver
Command: [null, findElement {using=xpath, value=//a[@class=&apos;ico-logout&apos;]}]
Capabilities {acceptInsecureCerts: false, browserName: chrome, browserVersion: 122.0.6261.70, chrome: {chromedriverVersion: 122.0.6261.94 (880dbf29479c..., userDataDir: C:\Users\shiva\AppData\Loca...}, fedcm:accounts: true, goog:chromeOptions: {debuggerAddress: localhost:59349}, networkConnectionEnabled: false, pageLoadStrategy: normal, platformName: windows, proxy: Proxy(), se:cdp: ws://localhost:59349/devtoo..., se:cdpVersion: 122.0.6261.70, setWindowRect: true, strictFileInteractability: false, timeouts: {implicit: 0, pageLoad: 300000, script: 30000}, unhandledPromptBehavior: dismiss and notify, webauthn:extension:credBlob: true, webauthn:extension:largeBlob: true, webauthn:extension:minPinLength: true, webauthn:extension:prf: true, webauthn:virtualAuthenticators: true}
	at org.openqa.selenium.remote.HttpCommandExecutor.execute(HttpCommandExecutor.java:152)
	at org.openqa.selenium.remote.service.DriverCommandExecutor.invokeExecute(DriverCommandExecutor.java:196)
	at org.openqa.selenium.remote.service.DriverCommandExecutor.execute(DriverCommandExecutor.java:171)
	at org.openqa.selenium.remote.RemoteWebDriver.execute(RemoteWebDriver.java:518)
	at org.openqa.selenium.remote.ElementLocation$ElementFinder$2.findElement(ElementLocation.java:165)
	at org.openqa.selenium.remote.ElementLocation.findElement(ElementLocation.java:59)
	at org.openqa.selenium.remote.RemoteWebDriver.findElement(RemoteWebDriver.java:355)
	at org.openqa.selenium.remote.RemoteWebDriver.findElement(RemoteWebDriver.java:349)
	at org.openqa.selenium.support.pagefactory.DefaultElementLocator.findElement(DefaultElementLocator.java:68)
	at org.openqa.selenium.support.pagefactory.internal.LocatingElementHandler.invoke(LocatingElementHandler.java:38)
	at jdk.proxy2/jdk.proxy2.$Proxy49.click(Unknown Source)
	at Pages.SubscriptionPage.Click_Logout(SubscriptionPage.java:87)
	at Steps.Subscription.i_logout(Subscription.java:107)
	at ✽.I logout(file:///D:/demowebshop.tricentis.com/src/test/java/Features/SubscriptionFeature.feature:14)

</div> <!-- stack-trace -->
                  <em>
(Runs Cucumber Scenarios)                  </em>
                </div> <!-- method-content -->
              </div> <!-- method -->
            </div> <!-- main-panel-content rounded-window-bottom -->
          </div> <!-- suite-demowebshop_tricentis_com_Suite-class-failed -->
          <div class="suite-demowebshop_tricentis_com_Suite-class-skipped">
            <div class="main-panel-header rounded-window-top">
              <img src="skipped.png"/>
              <span class="class-name">Runner.Login</span>
            </div> <!-- main-panel-header rounded-window-top -->
            <div class="main-panel-content rounded-window-bottom">
              <div class="method">
                <div class="method-content">
                  <a name="runScenario(&quot;User login with different credentials&quot;, &quot;To Test DemoWebShop Login functionality&quot;)">
                  </a> <!-- runScenario("User login with different credentials", "To Test DemoWebShop Login functionality") -->
                  <span class="method-name">runScenario</span>
                  <span class="parameters">("User login with different credentials","To Test DemoWebShop Login functionality")</span>
                  <div class="stack-trace">org.openqa.selenium.InvalidElementStateException: invalid element state
  (Session info: chrome=122.0.6261.70)
Build info: version: &apos;4.11.0&apos;, revision: &apos;040bc5406b&apos;
System info: os.name: &apos;Windows 11&apos;, os.arch: &apos;amd64&apos;, os.version: &apos;10.0&apos;, java.version: &apos;21.0.1&apos;
Driver info: org.openqa.selenium.chrome.ChromeDriver
Command: [49d1ae937e0f602de9325e19a4941661, clearElement {id=f.408B90F6645A782221ACE9E48CBDA2D6.d.FAE232B1F0F8019083790366CB71D95C.e.78}]
Capabilities {acceptInsecureCerts: false, browserName: chrome, browserVersion: 122.0.6261.70, chrome: {chromedriverVersion: 122.0.6261.94 (880dbf29479c..., userDataDir: C:\Users\shiva\AppData\Loca...}, fedcm:accounts: true, goog:chromeOptions: {debuggerAddress: localhost:57703}, networkConnectionEnabled: false, pageLoadStrategy: normal, platformName: windows, proxy: Proxy(), se:cdp: ws://localhost:57703/devtoo..., se:cdpVersion: 122.0.6261.70, setWindowRect: true, strictFileInteractability: false, timeouts: {implicit: 0, pageLoad: 300000, script: 30000}, unhandledPromptBehavior: dismiss and notify, webauthn:extension:credBlob: true, webauthn:extension:largeBlob: true, webauthn:extension:minPinLength: true, webauthn:extension:prf: true, webauthn:virtualAuthenticators: true}
Element: [[ChromeDriver: chrome on windows (49d1ae937e0f602de9325e19a4941661)] -&gt; xpath: //a[@href=&apos;/login&apos;]]
Session ID: 49d1ae937e0f602de9325e19a4941661
	at org.openqa.selenium.remote.codec.w3c.W3CHttpResponseCodec.createException(W3CHttpResponseCodec.java:200)
	at org.openqa.selenium.remote.codec.w3c.W3CHttpResponseCodec.decode(W3CHttpResponseCodec.java:133)
	at org.openqa.selenium.remote.codec.w3c.W3CHttpResponseCodec.decode(W3CHttpResponseCodec.java:52)
	at org.openqa.selenium.remote.HttpCommandExecutor.execute(HttpCommandExecutor.java:191)
	at org.openqa.selenium.remote.service.DriverCommandExecutor.invokeExecute(DriverCommandExecutor.java:196)
	at org.openqa.selenium.remote.service.DriverCommandExecutor.execute(DriverCommandExecutor.java:171)
	at org.openqa.selenium.remote.RemoteWebDriver.execute(RemoteWebDriver.java:518)
	at org.openqa.selenium.remote.RemoteWebElement.execute(RemoteWebElement.java:224)
	at org.openqa.selenium.remote.RemoteWebElement.clear(RemoteWebElement.java:130)
	at Steps.Login.messageShouldBeDisplayed(Login.java:77)
	at ✽.Message Should Be Displayed &apos;incorrect email or Password&apos;(file:///D:/demowebshop.tricentis.com/src/test/java/Features/LoginFeature.feature:8)
... Removed 3 stack frames
</div> <!-- stack-trace -->
                  <em>
(Runs Cucumber Scenarios)                  </em>
                </div> <!-- method-content -->
              </div> <!-- method -->
              <div class="method">
                <div class="method-content">
                  <a name="runScenario(&quot;User login with different credentials&quot;, &quot;To Test DemoWebShop Login functionality&quot;)">
                  </a> <!-- runScenario("User login with different credentials", "To Test DemoWebShop Login functionality") -->
                  <span class="method-name">runScenario</span>
                  <span class="parameters">("User login with different credentials","To Test DemoWebShop Login functionality")</span>
                  <div class="stack-trace">org.openqa.selenium.InvalidElementStateException: invalid element state
  (Session info: chrome=122.0.6261.70)
Build info: version: &apos;4.11.0&apos;, revision: &apos;040bc5406b&apos;
System info: os.name: &apos;Windows 11&apos;, os.arch: &apos;amd64&apos;, os.version: &apos;10.0&apos;, java.version: &apos;21.0.1&apos;
Driver info: org.openqa.selenium.chrome.ChromeDriver
Command: [f2c4fd1a7986960c501b4d23df326857, clearElement {id=f.6C2B590360B4F9A5023765AF44F53BD4.d.4AB3A876DF35626E6DD8E7668CBEA85E.e.78}]
Capabilities {acceptInsecureCerts: false, browserName: chrome, browserVersion: 122.0.6261.70, chrome: {chromedriverVersion: 122.0.6261.94 (880dbf29479c..., userDataDir: C:\Users\shiva\AppData\Loca...}, fedcm:accounts: true, goog:chromeOptions: {debuggerAddress: localhost:57361}, networkConnectionEnabled: false, pageLoadStrategy: normal, platformName: windows, proxy: Proxy(), se:cdp: ws://localhost:57361/devtoo..., se:cdpVersion: 122.0.6261.70, setWindowRect: true, strictFileInteractability: false, timeouts: {implicit: 0, pageLoad: 300000, script: 30000}, unhandledPromptBehavior: dismiss and notify, webauthn:extension:credBlob: true, webauthn:extension:largeBlob: true, webauthn:extension:minPinLength: true, webauthn:extension:prf: true, webauthn:virtualAuthenticators: true}
Element: [[ChromeDriver: chrome on windows (f2c4fd1a7986960c501b4d23df326857)] -&gt; xpath: //a[@href=&apos;/login&apos;]]
Session ID: f2c4fd1a7986960c501b4d23df326857
	at org.openqa.selenium.remote.codec.w3c.W3CHttpResponseCodec.createException(W3CHttpResponseCodec.java:200)
	at org.openqa.selenium.remote.codec.w3c.W3CHttpResponseCodec.decode(W3CHttpResponseCodec.java:133)
	at org.openqa.selenium.remote.codec.w3c.W3CHttpResponseCodec.decode(W3CHttpResponseCodec.java:52)
	at org.openqa.selenium.remote.HttpCommandExecutor.execute(HttpCommandExecutor.java:191)
	at org.openqa.selenium.remote.service.DriverCommandExecutor.invokeExecute(DriverCommandExecutor.java:196)
	at org.openqa.selenium.remote.service.DriverCommandExecutor.execute(DriverCommandExecutor.java:171)
	at org.openqa.selenium.remote.RemoteWebDriver.execute(RemoteWebDriver.java:518)
	at org.openqa.selenium.remote.RemoteWebElement.execute(RemoteWebElement.java:224)
	at org.openqa.selenium.remote.RemoteWebElement.clear(RemoteWebElement.java:130)
	at Steps.Login.messageShouldBeDisplayed(Login.java:77)
	at ✽.Message Should Be Displayed &apos;incorrect email or Password&apos;(file:///D:/demowebshop.tricentis.com/src/test/java/Features/LoginFeature.feature:8)
... Removed 3 stack frames
</div> <!-- stack-trace -->
                  <em>
(Runs Cucumber Scenarios)                  </em>
                </div> <!-- method-content -->
              </div> <!-- method -->
              <div class="method">
                <div class="method-content">
                  <a name="runScenario(&quot;User login with different credentials&quot;, &quot;To Test DemoWebShop Login functionality&quot;)">
                  </a> <!-- runScenario("User login with different credentials", "To Test DemoWebShop Login functionality") -->
                  <span class="method-name">runScenario</span>
                  <span class="parameters">("User login with different credentials","To Test DemoWebShop Login functionality")</span>
                  <div class="stack-trace">org.openqa.selenium.InvalidElementStateException: invalid element state
  (Session info: chrome=122.0.6261.70)
Build info: version: &apos;4.11.0&apos;, revision: &apos;040bc5406b&apos;
System info: os.name: &apos;Windows 11&apos;, os.arch: &apos;amd64&apos;, os.version: &apos;10.0&apos;, java.version: &apos;21.0.1&apos;
Driver info: org.openqa.selenium.chrome.ChromeDriver
Command: [784aabbfede8195d6b669e96855e6f3f, clearElement {id=f.DA218FDE2844D2A54687A26A4F503733.d.FCEBB8D272A5D3729FE1E68635967BB8.e.78}]
Capabilities {acceptInsecureCerts: false, browserName: chrome, browserVersion: 122.0.6261.70, chrome: {chromedriverVersion: 122.0.6261.94 (880dbf29479c..., userDataDir: C:\Users\shiva\AppData\Loca...}, fedcm:accounts: true, goog:chromeOptions: {debuggerAddress: localhost:57532}, networkConnectionEnabled: false, pageLoadStrategy: normal, platformName: windows, proxy: Proxy(), se:cdp: ws://localhost:57532/devtoo..., se:cdpVersion: 122.0.6261.70, setWindowRect: true, strictFileInteractability: false, timeouts: {implicit: 0, pageLoad: 300000, script: 30000}, unhandledPromptBehavior: dismiss and notify, webauthn:extension:credBlob: true, webauthn:extension:largeBlob: true, webauthn:extension:minPinLength: true, webauthn:extension:prf: true, webauthn:virtualAuthenticators: true}
Element: [[ChromeDriver: chrome on windows (784aabbfede8195d6b669e96855e6f3f)] -&gt; xpath: //a[@href=&apos;/login&apos;]]
Session ID: 784aabbfede8195d6b669e96855e6f3f
	at org.openqa.selenium.remote.codec.w3c.W3CHttpResponseCodec.createException(W3CHttpResponseCodec.java:200)
	at org.openqa.selenium.remote.codec.w3c.W3CHttpResponseCodec.decode(W3CHttpResponseCodec.java:133)
	at org.openqa.selenium.remote.codec.w3c.W3CHttpResponseCodec.decode(W3CHttpResponseCodec.java:52)
	at org.openqa.selenium.remote.HttpCommandExecutor.execute(HttpCommandExecutor.java:191)
	at org.openqa.selenium.remote.service.DriverCommandExecutor.invokeExecute(DriverCommandExecutor.java:196)
	at org.openqa.selenium.remote.service.DriverCommandExecutor.execute(DriverCommandExecutor.java:171)
	at org.openqa.selenium.remote.RemoteWebDriver.execute(RemoteWebDriver.java:518)
	at org.openqa.selenium.remote.RemoteWebElement.execute(RemoteWebElement.java:224)
	at org.openqa.selenium.remote.RemoteWebElement.clear(RemoteWebElement.java:130)
	at Steps.Login.messageShouldBeDisplayed(Login.java:77)
	at ✽.Message Should Be Displayed &apos;incorrect email or Password&apos;(file:///D:/demowebshop.tricentis.com/src/test/java/Features/LoginFeature.feature:8)
... Removed 3 stack frames
</div> <!-- stack-trace -->
                  <em>
(Runs Cucumber Scenarios)                  </em>
                </div> <!-- method-content -->
              </div> <!-- method -->
            </div> <!-- main-panel-content rounded-window-bottom -->
          </div> <!-- suite-demowebshop_tricentis_com_Suite-class-skipped -->
          <div class="suite-demowebshop_tricentis_com_Suite-class-skipped">
            <div class="main-panel-header rounded-window-top">
              <img src="skipped.png"/>
              <span class="class-name">Runner.Registration</span>
            </div> <!-- main-panel-header rounded-window-top -->
            <div class="main-panel-content rounded-window-bottom">
              <div class="method">
                <div class="method-content">
                  <a name="runScenario(&quot;Register user with different data&quot;, &quot;To Test the DemoWebShop Register functionality&quot;)">
                  </a> <!-- runScenario("Register user with different data", "To Test the DemoWebShop Register functionality") -->
                  <span class="method-name">runScenario</span>
                  <span class="parameters">("Register user with different data","To Test the DemoWebShop Register functionality")</span>
                  <div class="stack-trace">java.lang.AssertionError: Failure got to catch block
	at Steps.Registration.the_user_clicks_on_register(Registration.java:123)
	at ✽.the user clicks on register(file:///D:/demowebshop.tricentis.com/src/test/java/Features/RegistrationFeature.feature:13)
... Removed 1 stack frames
</div> <!-- stack-trace -->
                  <em>
(Runs Cucumber Scenarios)                  </em>
                </div> <!-- method-content -->
              </div> <!-- method -->
              <div class="method">
                <div class="method-content">
                  <a name="runScenario(&quot;Register user with different data&quot;, &quot;To Test the DemoWebShop Register functionality&quot;)">
                  </a> <!-- runScenario("Register user with different data", "To Test the DemoWebShop Register functionality") -->
                  <span class="method-name">runScenario</span>
                  <span class="parameters">("Register user with different data","To Test the DemoWebShop Register functionality")</span>
                  <div class="stack-trace">java.lang.AssertionError: Failure got to catch block
	at Steps.Registration.the_user_clicks_on_register(Registration.java:123)
	at ✽.the user clicks on register(file:///D:/demowebshop.tricentis.com/src/test/java/Features/RegistrationFeature.feature:13)
... Removed 1 stack frames
</div> <!-- stack-trace -->
                  <em>
(Runs Cucumber Scenarios)                  </em>
                </div> <!-- method-content -->
              </div> <!-- method -->
              <div class="method">
                <div class="method-content">
                  <a name="runScenario(&quot;Register user with different data&quot;, &quot;To Test the DemoWebShop Register functionality&quot;)">
                  </a> <!-- runScenario("Register user with different data", "To Test the DemoWebShop Register functionality") -->
                  <span class="method-name">runScenario</span>
                  <span class="parameters">("Register user with different data","To Test the DemoWebShop Register functionality")</span>
                  <div class="stack-trace">java.lang.AssertionError: Failure got to catch block
	at Steps.Registration.the_user_clicks_on_register(Registration.java:123)
	at ✽.the user clicks on register(file:///D:/demowebshop.tricentis.com/src/test/java/Features/RegistrationFeature.feature:13)
... Removed 1 stack frames
</div> <!-- stack-trace -->
                  <em>
(Runs Cucumber Scenarios)                  </em>
                </div> <!-- method-content -->
              </div> <!-- method -->
              <div class="method">
                <div class="method-content">
                  <a name="runScenario(&quot;Register user with different data&quot;, &quot;To Test the DemoWebShop Register functionality&quot;)">
                  </a> <!-- runScenario("Register user with different data", "To Test the DemoWebShop Register functionality") -->
                  <span class="method-name">runScenario</span>
                  <span class="parameters">("Register user with different data","To Test the DemoWebShop Register functionality")</span>
                  <div class="stack-trace">java.lang.AssertionError: Failure got to catch block
	at Steps.Registration.the_user_clicks_on_register(Registration.java:123)
	at ✽.the user clicks on register(file:///D:/demowebshop.tricentis.com/src/test/java/Features/RegistrationFeature.feature:13)
... Removed 1 stack frames
</div> <!-- stack-trace -->
                  <em>
(Runs Cucumber Scenarios)                  </em>
                </div> <!-- method-content -->
              </div> <!-- method -->
              <div class="method">
                <div class="method-content">
                  <a name="runScenario(&quot;Register user with different data&quot;, &quot;To Test the DemoWebShop Register functionality&quot;)">
                  </a> <!-- runScenario("Register user with different data", "To Test the DemoWebShop Register functionality") -->
                  <span class="method-name">runScenario</span>
                  <span class="parameters">("Register user with different data","To Test the DemoWebShop Register functionality")</span>
                  <div class="stack-trace">java.lang.AssertionError: Failure got to catch block
	at Steps.Registration.the_user_clicks_on_register(Registration.java:123)
	at ✽.the user clicks on register(file:///D:/demowebshop.tricentis.com/src/test/java/Features/RegistrationFeature.feature:13)
... Removed 1 stack frames
</div> <!-- stack-trace -->
                  <em>
(Runs Cucumber Scenarios)                  </em>
                </div> <!-- method-content -->
              </div> <!-- method -->
            </div> <!-- main-panel-content rounded-window-bottom -->
          </div> <!-- suite-demowebshop_tricentis_com_Suite-class-skipped -->
          <div class="suite-demowebshop_tricentis_com_Suite-class-skipped">
            <div class="main-panel-header rounded-window-top">
              <img src="skipped.png"/>
              <span class="class-name">Runner.Poll</span>
            </div> <!-- main-panel-header rounded-window-top -->
            <div class="main-panel-content rounded-window-bottom">
              <div class="method">
                <div class="method-content">
                  <a name="runScenario(&quot;User to poll without Login&quot;, &quot;To Test DemoWebshop Community Poll Functionality&quot;)">
                  </a> <!-- runScenario("User to poll without Login", "To Test DemoWebshop Community Poll Functionality") -->
                  <span class="method-name">runScenario</span>
                  <span class="parameters">("User to poll without Login","To Test DemoWebshop Community Poll Functionality")</span>
                  <div class="stack-trace">java.lang.AssertionError: Only registered users can vote.
	at org.junit.Assert.fail(Assert.java:89)
	at org.junit.Assert.assertTrue(Assert.java:42)
	at org.junit.Assert.assertFalse(Assert.java:65)
	at Steps.Poll.click_on_vote_button(Poll.java:66)
	at ✽.Click on vote button(file:///D:/demowebshop.tricentis.com/src/test/java/Features/PollFeature.feature:11)

</div> <!-- stack-trace -->
                  <em>
(Runs Cucumber Scenarios)                  </em>
                </div> <!-- method-content -->
              </div> <!-- method -->
              <div class="method">
                <div class="method-content">
                  <a name="runScenario(&quot;User to poll with login&quot;, &quot;To Test DemoWebshop Community Poll Functionality&quot;)">
                  </a> <!-- runScenario("User to poll with login", "To Test DemoWebshop Community Poll Functionality") -->
                  <span class="method-name">runScenario</span>
                  <span class="parameters">("User to poll with login","To Test DemoWebshop Community Poll Functionality")</span>
                  <div class="stack-trace">java.lang.AssertionError: 7521 vote(s)...
	at org.junit.Assert.fail(Assert.java:89)
	at org.junit.Assert.assertTrue(Assert.java:42)
	at org.junit.Assert.assertFalse(Assert.java:65)
	at Steps.Poll.user_select_one_option_from_poll_and_vote(Poll.java:90)
	at ✽.User select one option from poll and vote(file:///D:/demowebshop.tricentis.com/src/test/java/Features/PollFeature.feature:15)

</div> <!-- stack-trace -->
                  <em>
(Runs Cucumber Scenarios)                  </em>
                </div> <!-- method-content -->
              </div> <!-- method -->
            </div> <!-- main-panel-content rounded-window-bottom -->
          </div> <!-- suite-demowebshop_tricentis_com_Suite-class-skipped -->
          <div class="suite-demowebshop_tricentis_com_Suite-class-skipped">
            <div class="main-panel-header rounded-window-top">
              <img src="skipped.png"/>
              <span class="class-name">Runner.Cart</span>
            </div> <!-- main-panel-header rounded-window-top -->
            <div class="main-panel-content rounded-window-bottom">
              <div class="method">
                <div class="method-content">
                  <a name="runScenario(&quot;User confirms all books with &quot;AddToCart&quot; button&quot;, &quot;To Test DemowebShop Add/Remove from cart functio...)">
                  </a> <!-- runScenario("User confirms all books with "AddToCart" button", "To Test DemowebShop Add/Remove from cart functio...) -->
                  <span class="method-name">runScenario</span>
                  <span class="parameters">("User confirms all books with "AddToCart" button","To Test DemowebShop Add/Remove from cart functionality")</span>
                  <div class="stack-trace">java.lang.AssertionError: Scenario failed - Some products do not have the &apos;Add to Cart&apos; button.
	at Steps.Cart.validateCartButtonForAllBooks(Cart.java:89)
	at ✽.User validates whether all books have addtocart button(file:///D:/demowebshop.tricentis.com/src/test/java/Features/CartFeature.feature:10)
... Removed 1 stack frames
</div> <!-- stack-trace -->
                  <em>
(Runs Cucumber Scenarios)                  </em>
                </div> <!-- method-content -->
              </div> <!-- method -->
            </div> <!-- main-panel-content rounded-window-bottom -->
          </div> <!-- suite-demowebshop_tricentis_com_Suite-class-skipped -->
          <div class="suite-demowebshop_tricentis_com_Suite-class-skipped">
            <div class="main-panel-header rounded-window-top">
              <img src="skipped.png"/>
              <span class="class-name">Runner.Subscription</span>
            </div> <!-- main-panel-header rounded-window-top -->
            <div class="main-panel-content rounded-window-bottom">
              <div class="method">
                <div class="method-content">
                  <a name="runScenario(&quot;Testing of News Letter Subscription Page&quot;, &quot;To Test DemoWebshop NewsLetter Subscription Functionali...)">
                  </a> <!-- runScenario("Testing of News Letter Subscription Page", "To Test DemoWebshop NewsLetter Subscription Functionali...) -->
                  <span class="method-name">runScenario</span>
                  <span class="parameters">("Testing of News Letter Subscription Page","To Test DemoWebshop NewsLetter Subscription Functionality")</span>
                  <div class="stack-trace">org.openqa.selenium.NoSuchSessionException: Session ID is null. Using WebDriver after calling quit()?
Build info: version: &apos;4.11.0&apos;, revision: &apos;040bc5406b&apos;
System info: os.name: &apos;Windows 11&apos;, os.arch: &apos;amd64&apos;, os.version: &apos;10.0&apos;, java.version: &apos;21.0.1&apos;
Driver info: org.openqa.selenium.chrome.ChromeDriver
Command: [null, findElement {using=xpath, value=//a[@class=&apos;ico-logout&apos;]}]
Capabilities {acceptInsecureCerts: false, browserName: chrome, browserVersion: 122.0.6261.70, chrome: {chromedriverVersion: 122.0.6261.94 (880dbf29479c..., userDataDir: C:\Users\shiva\AppData\Loca...}, fedcm:accounts: true, goog:chromeOptions: {debuggerAddress: localhost:59247}, networkConnectionEnabled: false, pageLoadStrategy: normal, platformName: windows, proxy: Proxy(), se:cdp: ws://localhost:59247/devtoo..., se:cdpVersion: 122.0.6261.70, setWindowRect: true, strictFileInteractability: false, timeouts: {implicit: 0, pageLoad: 300000, script: 30000}, unhandledPromptBehavior: dismiss and notify, webauthn:extension:credBlob: true, webauthn:extension:largeBlob: true, webauthn:extension:minPinLength: true, webauthn:extension:prf: true, webauthn:virtualAuthenticators: true}
	at org.openqa.selenium.remote.HttpCommandExecutor.execute(HttpCommandExecutor.java:152)
	at org.openqa.selenium.remote.service.DriverCommandExecutor.invokeExecute(DriverCommandExecutor.java:196)
	at org.openqa.selenium.remote.service.DriverCommandExecutor.execute(DriverCommandExecutor.java:171)
	at org.openqa.selenium.remote.RemoteWebDriver.execute(RemoteWebDriver.java:518)
	at org.openqa.selenium.remote.ElementLocation$ElementFinder$2.findElement(ElementLocation.java:165)
	at org.openqa.selenium.remote.ElementLocation.findElement(ElementLocation.java:59)
	at org.openqa.selenium.remote.RemoteWebDriver.findElement(RemoteWebDriver.java:355)
	at org.openqa.selenium.remote.RemoteWebDriver.findElement(RemoteWebDriver.java:349)
	at org.openqa.selenium.support.pagefactory.DefaultElementLocator.findElement(DefaultElementLocator.java:68)
	at org.openqa.selenium.support.pagefactory.internal.LocatingElementHandler.invoke(LocatingElementHandler.java:38)
	at jdk.proxy2/jdk.proxy2.$Proxy49.click(Unknown Source)
	at Pages.SubscriptionPage.Click_Logout(SubscriptionPage.java:87)
	at Steps.Subscription.i_logout(Subscription.java:107)
	at ✽.I logout(file:///D:/demowebshop.tricentis.com/src/test/java/Features/SubscriptionFeature.feature:14)

</div> <!-- stack-trace -->
                  <em>
(Runs Cucumber Scenarios)                  </em>
                </div> <!-- method-content -->
              </div> <!-- method -->
            </div> <!-- main-panel-content rounded-window-bottom -->
          </div> <!-- suite-demowebshop_tricentis_com_Suite-class-skipped -->
          <div class="suite-demowebshop_tricentis_com_Suite-class-passed">
            <div class="main-panel-header rounded-window-top">
              <img src="passed.png"/>
              <span class="class-name">Runner.Login</span>
            </div> <!-- main-panel-header rounded-window-top -->
            <div class="main-panel-content rounded-window-bottom">
              <div class="method">
                <div class="method-content">
                  <a name="runScenario(&quot;User login with different credentials&quot;, &quot;To Test DemoWebShop Login functionality&quot;)">
                  </a> <!-- runScenario("User login with different credentials", "To Test DemoWebShop Login functionality") -->
                  <span class="method-name">runScenario</span>
                  <span class="parameters">("User login with different credentials","To Test DemoWebShop Login functionality")</span>
                  <em>
(Runs Cucumber Scenarios)                  </em>
                </div> <!-- method-content -->
              </div> <!-- method -->
            </div> <!-- main-panel-content rounded-window-bottom -->
          </div> <!-- suite-demowebshop_tricentis_com_Suite-class-passed -->
          <div class="suite-demowebshop_tricentis_com_Suite-class-passed">
            <div class="main-panel-header rounded-window-top">
              <img src="passed.png"/>
              <span class="class-name">Runner.WishList</span>
            </div> <!-- main-panel-header rounded-window-top -->
            <div class="main-panel-content rounded-window-bottom">
              <div class="method">
                <div class="method-content">
                  <a name="runScenario(&quot;User can add and remove products from the wishlist&quot;, &quot;To Test DemoWebShop Wishlist Functionality&quot;)">
                  </a> <!-- runScenario("User can add and remove products from the wishlist", "To Test DemoWebShop Wishlist Functionality") -->
                  <span class="method-name">runScenario</span>
                  <span class="parameters">("User can add and remove products from the wishlist","To Test DemoWebShop Wishlist Functionality")</span>
                  <em>
(Runs Cucumber Scenarios)                  </em>
                </div> <!-- method-content -->
              </div> <!-- method -->
            </div> <!-- main-panel-content rounded-window-bottom -->
          </div> <!-- suite-demowebshop_tricentis_com_Suite-class-passed -->
          <div class="suite-demowebshop_tricentis_com_Suite-class-passed">
            <div class="main-panel-header rounded-window-top">
              <img src="passed.png"/>
              <span class="class-name">Runner.Poll</span>
            </div> <!-- main-panel-header rounded-window-top -->
            <div class="main-panel-content rounded-window-bottom">
              <div class="method">
                <div class="method-content">
                  <a name="runScenario(&quot;User to poll with login&quot;, &quot;To Test DemoWebshop Community Poll Functionality&quot;)">
                  </a> <!-- runScenario("User to poll with login", "To Test DemoWebshop Community Poll Functionality") -->
                  <span class="method-name">runScenario</span>
                  <span class="parameters">("User to poll with login","To Test DemoWebshop Community Poll Functionality")</span>
                  <em>
(Runs Cucumber Scenarios)                  </em>
                </div> <!-- method-content -->
              </div> <!-- method -->
              <div class="method">
                <div class="method-content">
                  <a name="runScenario(&quot;User to poll without selecting anything&quot;, &quot;To Test DemoWebshop Community Poll Functionality&quot;)">
                  </a> <!-- runScenario("User to poll without selecting anything", "To Test DemoWebshop Community Poll Functionality") -->
                  <span class="method-name">runScenario</span>
                  <span class="parameters">("User to poll without selecting anything","To Test DemoWebshop Community Poll Functionality")</span>
                  <em>
(Runs Cucumber Scenarios)                  </em>
                </div> <!-- method-content -->
              </div> <!-- method -->
            </div> <!-- main-panel-content rounded-window-bottom -->
          </div> <!-- suite-demowebshop_tricentis_com_Suite-class-passed -->
          <div class="suite-demowebshop_tricentis_com_Suite-class-passed">
            <div class="main-panel-header rounded-window-top">
              <img src="passed.png"/>
              <span class="class-name">Runner.Cart</span>
            </div> <!-- main-panel-header rounded-window-top -->
            <div class="main-panel-content rounded-window-bottom">
              <div class="method">
                <div class="method-content">
                  <a name="runScenario(&quot;User adds the third book to the cart&quot;, &quot;To Test DemowebShop Add/Remove from cart functionality&quot;)">
                  </a> <!-- runScenario("User adds the third book to the cart", "To Test DemowebShop Add/Remove from cart functionality") -->
                  <span class="method-name">runScenario</span>
                  <span class="parameters">("User adds the third book to the cart","To Test DemowebShop Add/Remove from cart functionality")</span>
                  <em>
(Runs Cucumber Scenarios)                  </em>
                </div> <!-- method-content -->
              </div> <!-- method -->
              <div class="method">
                <div class="method-content">
                  <a name="runScenario(&quot;User adds and deletes products from the cart&quot;, &quot;To Test DemowebShop Add/Remove from cart functional...)">
                  </a> <!-- runScenario("User adds and deletes products from the cart", "To Test DemowebShop Add/Remove from cart functional...) -->
                  <span class="method-name">runScenario</span>
                  <span class="parameters">("User adds and deletes products from the cart","To Test DemowebShop Add/Remove from cart functionality")</span>
                  <em>
(Runs Cucumber Scenarios)                  </em>
                </div> <!-- method-content -->
              </div> <!-- method -->
            </div> <!-- main-panel-content rounded-window-bottom -->
          </div> <!-- suite-demowebshop_tricentis_com_Suite-class-passed -->
          <div class="suite-demowebshop_tricentis_com_Suite-class-passed">
            <div class="main-panel-header rounded-window-top">
              <img src="passed.png"/>
              <span class="class-name">Runner.Checkout</span>
            </div> <!-- main-panel-header rounded-window-top -->
            <div class="main-panel-content rounded-window-bottom">
              <div class="method">
                <div class="method-content">
                  <a name="runScenario(&quot;User completes the successful checkout using COD&quot;, &quot;To Test DemoWebshop Checkout Functionality&quot;)">
                  </a> <!-- runScenario("User completes the successful checkout using COD", "To Test DemoWebshop Checkout Functionality") -->
                  <span class="method-name">runScenario</span>
                  <span class="parameters">("User completes the successful checkout using COD","To Test DemoWebshop Checkout Functionality")</span>
                  <em>
(Runs Cucumber Scenarios)                  </em>
                </div> <!-- method-content -->
              </div> <!-- method -->
            </div> <!-- main-panel-content rounded-window-bottom -->
          </div> <!-- suite-demowebshop_tricentis_com_Suite-class-passed -->
          <div class="suite-demowebshop_tricentis_com_Suite-class-passed">
            <div class="main-panel-header rounded-window-top">
              <img src="passed.png"/>
              <span class="class-name">Runner.Search</span>
            </div> <!-- main-panel-header rounded-window-top -->
            <div class="main-panel-content rounded-window-bottom">
              <div class="method">
                <div class="method-content">
                  <a name="runScenario(&quot;Handle Pop-up&quot;, &quot;To Test DemoWebshop Search Functionality&quot;)">
                  </a> <!-- runScenario("Handle Pop-up", "To Test DemoWebshop Search Functionality") -->
                  <span class="method-name">runScenario</span>
                  <span class="parameters">("Handle Pop-up","To Test DemoWebshop Search Functionality")</span>
                  <em>
(Runs Cucumber Scenarios)                  </em>
                </div> <!-- method-content -->
              </div> <!-- method -->
              <div class="method">
                <div class="method-content">
                  <a name="runScenario(&quot;Perform Search&quot;, &quot;To Test DemoWebshop Search Functionality&quot;)">
                  </a> <!-- runScenario("Perform Search", "To Test DemoWebshop Search Functionality") -->
                  <span class="method-name">runScenario</span>
                  <span class="parameters">("Perform Search","To Test DemoWebshop Search Functionality")</span>
                  <em>
(Runs Cucumber Scenarios)                  </em>
                </div> <!-- method-content -->
              </div> <!-- method -->
            </div> <!-- main-panel-content rounded-window-bottom -->
          </div> <!-- suite-demowebshop_tricentis_com_Suite-class-passed -->
          <div class="suite-demowebshop_tricentis_com_Suite-class-passed">
            <div class="main-panel-header rounded-window-top">
              <img src="passed.png"/>
              <span class="class-name">Runner.Subscription</span>
            </div> <!-- main-panel-header rounded-window-top -->
            <div class="main-panel-content rounded-window-bottom">
              <div class="method">
                <div class="method-content">
                  <a name="runScenario(&quot;Testing of News Letter Subscription Page&quot;, &quot;To Test DemoWebshop NewsLetter Subscription Functionali...)">
                  </a> <!-- runScenario("Testing of News Letter Subscription Page", "To Test DemoWebshop NewsLetter Subscription Functionali...) -->
                  <span class="method-name">runScenario</span>
                  <span class="parameters">("Testing of News Letter Subscription Page","To Test DemoWebshop NewsLetter Subscription Functionality")</span>
                  <em>
(Runs Cucumber Scenarios)                  </em>
                </div> <!-- method-content -->
              </div> <!-- method -->
            </div> <!-- main-panel-content rounded-window-bottom -->
          </div> <!-- suite-demowebshop_tricentis_com_Suite-class-passed -->
        </div> <!-- panel demowebshop_tricentis_com_Suite -->
        <div panel-name="test-xml-demowebshop_tricentis_com_Suite" class="panel">
          <div class="main-panel-header rounded-window-top">
            <span class="header-content">D:\demowebshop.tricentis.com\src\test\resources\TestNgRunner.xml</span>
          </div> <!-- main-panel-header rounded-window-top -->
          <div class="main-panel-content rounded-window-bottom">
            <pre>
&lt;?xml version=&quot;1.0&quot; encoding=&quot;UTF-8&quot;?&gt;
&lt;!DOCTYPE suite SYSTEM &quot;https://testng.org/testng-1.0.dtd&quot;&gt;
&lt;suite name=&quot;demowebshop.tricentis.com Suite&quot;&gt;
  &lt;listeners&gt;
    &lt;listener class-name=&quot;TestNGListners.CucumberExtentReportListener&quot;/&gt;
    &lt;listener class-name=&quot;TestNGListners.Transformer&quot;/&gt;
  &lt;/listeners&gt;
  &lt;test thread-count=&quot;5&quot; name=&quot;CucumberTest&quot;&gt;
    &lt;classes&gt;
      &lt;class name=&quot;Runner.Registration&quot;/&gt;
      &lt;class name=&quot;Runner.Login&quot;/&gt;
      &lt;class name=&quot;Runner.Cart&quot;/&gt;
      &lt;class name=&quot;Runner.WishList&quot;/&gt;
      &lt;class name=&quot;Runner.Checkout&quot;/&gt;
      &lt;class name=&quot;Runner.Search&quot;/&gt;
      &lt;class name=&quot;Runner.Poll&quot;/&gt;
      &lt;class name=&quot;Runner.Subscription&quot;/&gt;
      &lt;class name=&quot;Pages.QuitBrowserSession&quot;/&gt;
    &lt;/classes&gt;
  &lt;/test&gt; &lt;!-- CucumberTest --&gt;
&lt;/suite&gt; &lt;!-- demowebshop.tricentis.com Suite --&gt;
            </pre>
          </div> <!-- main-panel-content rounded-window-bottom -->
        </div> <!-- panel -->
        <div panel-name="testlist-demowebshop_tricentis_com_Suite" class="panel">
          <div class="main-panel-header rounded-window-top">
            <span class="header-content">Tests for demowebshop.tricentis.com Suite</span>
          </div> <!-- main-panel-header rounded-window-top -->
          <div class="main-panel-content rounded-window-bottom">
            <ul>
              <li>
                <span class="test-name">CucumberTest (9 classes)</span>
              </li>
            </ul>
          </div> <!-- main-panel-content rounded-window-bottom -->
        </div> <!-- panel -->
        <div panel-name="group-demowebshop_tricentis_com_Suite" class="panel">
          <div class="main-panel-header rounded-window-top">
            <span class="header-content">Groups for demowebshop.tricentis.com Suite</span>
          </div> <!-- main-panel-header rounded-window-top -->
          <div class="main-panel-content rounded-window-bottom">
            <div class="test-group">
              <span class="test-group-name">cucumber</span>
              <br/>
              <div class="method-in-group">
                <span class="method-in-group-name">runScenario</span>
                <br/>
              </div> <!-- method-in-group -->
            </div> <!-- test-group -->
          </div> <!-- main-panel-content rounded-window-bottom -->
        </div> <!-- panel -->
        <div panel-name="times-demowebshop_tricentis_com_Suite" class="panel">
          <div class="main-panel-header rounded-window-top">
            <span class="header-content">Times for demowebshop.tricentis.com Suite</span>
          </div> <!-- main-panel-header rounded-window-top -->
          <div class="main-panel-content rounded-window-bottom">
            <div class="times-div">
              <script type="text/javascript">
suiteTableInitFunctions.push('tableData_demowebshop_tricentis_com_Suite');
function tableData_demowebshop_tricentis_com_Suite() {
var data = new google.visualization.DataTable();
data.addColumn('number', 'Number');
data.addColumn('string', 'Method');
data.addColumn('string', 'Class');
data.addColumn('number', 'Time (ms)');
data.addRows(34);
data.setCell(0, 0, 0)
data.setCell(0, 1, 'runScenario')
data.setCell(0, 2, 'Runner.Checkout')
data.setCell(0, 3, 58777);
data.setCell(1, 0, 1)
data.setCell(1, 1, 'runScenario')
data.setCell(1, 2, 'Runner.Subscription')
data.setCell(1, 3, 52921);
data.setCell(2, 0, 2)
data.setCell(2, 1, 'runScenario')
data.setCell(2, 2, 'Runner.Subscription')
data.setCell(2, 3, 37477);
data.setCell(3, 0, 3)
data.setCell(3, 1, 'runScenario')
data.setCell(3, 2, 'Runner.Subscription')
data.setCell(3, 3, 34466);
data.setCell(4, 0, 4)
data.setCell(4, 1, 'runScenario')
data.setCell(4, 2, 'Runner.WishList')
data.setCell(4, 3, 33311);
data.setCell(5, 0, 5)
data.setCell(5, 1, 'runScenario')
data.setCell(5, 2, 'Runner.Cart')
data.setCell(5, 3, 25626);
data.setCell(6, 0, 6)
data.setCell(6, 1, 'runScenario')
data.setCell(6, 2, 'Runner.Cart')
data.setCell(6, 3, 24220);
data.setCell(7, 0, 7)
data.setCell(7, 1, 'runScenario')
data.setCell(7, 2, 'Runner.Cart')
data.setCell(7, 3, 22975);
data.setCell(8, 0, 8)
data.setCell(8, 1, 'runScenario')
data.setCell(8, 2, 'Runner.Cart')
data.setCell(8, 3, 21130);
data.setCell(9, 0, 9)
data.setCell(9, 1, 'runScenario')
data.setCell(9, 2, 'Runner.Search')
data.setCell(9, 3, 20422);
data.setCell(10, 0, 10)
data.setCell(10, 1, 'runScenario')
data.setCell(10, 2, 'Runner.Login')
data.setCell(10, 3, 18121);
data.setCell(11, 0, 11)
data.setCell(11, 1, 'runScenario')
data.setCell(11, 2, 'Runner.Login')
data.setCell(11, 3, 17863);
data.setCell(12, 0, 12)
data.setCell(12, 1, 'runScenario')
data.setCell(12, 2, 'Runner.Login')
data.setCell(12, 3, 17819);
data.setCell(13, 0, 13)
data.setCell(13, 1, 'runScenario')
data.setCell(13, 2, 'Runner.Login')
data.setCell(13, 3, 17650);
data.setCell(14, 0, 14)
data.setCell(14, 1, 'runScenario')
data.setCell(14, 2, 'Runner.Login')
data.setCell(14, 3, 17630);
data.setCell(15, 0, 15)
data.setCell(15, 1, 'runScenario')
data.setCell(15, 2, 'Runner.Login')
data.setCell(15, 3, 17334);
data.setCell(16, 0, 16)
data.setCell(16, 1, 'runScenario')
data.setCell(16, 2, 'Runner.Login')
data.setCell(16, 3, 17267);
data.setCell(17, 0, 17)
data.setCell(17, 1, 'runScenario')
data.setCell(17, 2, 'Runner.Registration')
data.setCell(17, 3, 14894);
data.setCell(18, 0, 18)
data.setCell(18, 1, 'runScenario')
data.setCell(18, 2, 'Runner.Registration')
data.setCell(18, 3, 14493);
data.setCell(19, 0, 19)
data.setCell(19, 1, 'runScenario')
data.setCell(19, 2, 'Runner.Search')
data.setCell(19, 3, 13340);
data.setCell(20, 0, 20)
data.setCell(20, 1, 'runScenario')
data.setCell(20, 2, 'Runner.Registration')
data.setCell(20, 3, 12968);
data.setCell(21, 0, 21)
data.setCell(21, 1, 'runScenario')
data.setCell(21, 2, 'Runner.Poll')
data.setCell(21, 3, 12542);
data.setCell(22, 0, 22)
data.setCell(22, 1, 'runScenario')
data.setCell(22, 2, 'Runner.Poll')
data.setCell(22, 3, 12389);
data.setCell(23, 0, 23)
data.setCell(23, 1, 'runScenario')
data.setCell(23, 2, 'Runner.Registration')
data.setCell(23, 3, 12370);
data.setCell(24, 0, 24)
data.setCell(24, 1, 'runScenario')
data.setCell(24, 2, 'Runner.Registration')
data.setCell(24, 3, 12228);
data.setCell(25, 0, 25)
data.setCell(25, 1, 'runScenario')
data.setCell(25, 2, 'Runner.Poll')
data.setCell(25, 3, 12179);
data.setCell(26, 0, 26)
data.setCell(26, 1, 'runScenario')
data.setCell(26, 2, 'Runner.Poll')
data.setCell(26, 3, 12153);
data.setCell(27, 0, 27)
data.setCell(27, 1, 'runScenario')
data.setCell(27, 2, 'Runner.Poll')
data.setCell(27, 3, 11932);
data.setCell(28, 0, 28)
data.setCell(28, 1, 'runScenario')
data.setCell(28, 2, 'Runner.Registration')
data.setCell(28, 3, 11855);
data.setCell(29, 0, 29)
data.setCell(29, 1, 'runScenario')
data.setCell(29, 2, 'Runner.Registration')
data.setCell(29, 3, 11717);
data.setCell(30, 0, 30)
data.setCell(30, 1, 'runScenario')
data.setCell(30, 2, 'Runner.Registration')
data.setCell(30, 3, 11519);
data.setCell(31, 0, 31)
data.setCell(31, 1, 'runScenario')
data.setCell(31, 2, 'Runner.Registration')
data.setCell(31, 3, 11290);
data.setCell(32, 0, 32)
data.setCell(32, 1, 'runScenario')
data.setCell(32, 2, 'Runner.Registration')
data.setCell(32, 3, 11282);
data.setCell(33, 0, 33)
data.setCell(33, 1, 'runScenario')
data.setCell(33, 2, 'Runner.Poll')
data.setCell(33, 3, 10296);
window.suiteTableData['demowebshop_tricentis_com_Suite']= { tableData: data, tableDiv: 'times-div-demowebshop_tricentis_com_Suite'}
return data;
}
              </script>
              <span class="suite-total-time">Total running time: 11 minutes</span>
              <div id="times-div-demowebshop_tricentis_com_Suite">
              </div> <!-- times-div-demowebshop_tricentis_com_Suite -->
            </div> <!-- times-div -->
          </div> <!-- main-panel-content rounded-window-bottom -->
        </div> <!-- panel -->
        <div panel-name="reporter-demowebshop_tricentis_com_Suite" class="panel">
          <div class="main-panel-header rounded-window-top">
            <span class="header-content">Reporter output for demowebshop.tricentis.com Suite</span>
          </div> <!-- main-panel-header rounded-window-top -->
          <div class="main-panel-content rounded-window-bottom">
          </div> <!-- main-panel-content rounded-window-bottom -->
        </div> <!-- panel -->
        <div panel-name="ignored-methods-demowebshop_tricentis_com_Suite" class="panel">
          <div class="main-panel-header rounded-window-top">
            <span class="header-content">0 ignored methods</span>
          </div> <!-- main-panel-header rounded-window-top -->
          <div class="main-panel-content rounded-window-bottom">
          </div> <!-- main-panel-content rounded-window-bottom -->
        </div> <!-- panel -->
        <div panel-name="chronological-demowebshop_tricentis_com_Suite" class="panel">
          <div class="main-panel-header rounded-window-top">
            <span class="header-content">Methods in chronological order</span>
          </div> <!-- main-panel-header rounded-window-top -->
          <div class="main-panel-content rounded-window-bottom">
            <div class="chronological-class">
              <div class="chronological-class-name">Runner.Registration</div> <!-- chronological-class-name -->
              <div class="configuration-class before">
                <span class="method-name">setUpClass(org.testng.TestRunner@50d6c88)</span>
                <span class="method-start">0 ms</span>
              </div> <!-- configuration-class before -->
              <div class="test-method">
                <span class="method-name">runScenario("Register user with different data", "To Test the DemoWebShop Register functionality")</span>
                <span class="method-start">870 ms</span>
              </div> <!-- test-method -->
              <div class="test-method">
                <img src="failed.png">
                </img>
                <span class="method-name">runScenario("Register user with different data", "To Test the DemoWebShop Register functionality")</span>
                <span class="method-start">15764 ms</span>
              </div> <!-- test-method -->
              <div class="test-method">
                <span class="method-name">runScenario("Register user with different data", "To Test the DemoWebShop Register functionality")</span>
                <span class="method-start">30257 ms</span>
              </div> <!-- test-method -->
              <div class="test-method">
                <img src="failed.png">
                </img>
                <span class="method-name">runScenario("Register user with different data", "To Test the DemoWebShop Register functionality")</span>
                <span class="method-start">41978 ms</span>
              </div> <!-- test-method -->
              <div class="test-method">
                <span class="method-name">runScenario("Register user with different data", "To Test the DemoWebShop Register functionality")</span>
                <span class="method-start">53270 ms</span>
              </div> <!-- test-method -->
              <div class="test-method">
                <img src="failed.png">
                </img>
                <span class="method-name">runScenario("Register user with different data", "To Test the DemoWebShop Register functionality")</span>
                <span class="method-start">65126 ms</span>
              </div> <!-- test-method -->
              <div class="test-method">
                <span class="method-name">runScenario("Register user with different data", "To Test the DemoWebShop Register functionality")</span>
                <span class="method-start">76410 ms</span>
              </div> <!-- test-method -->
              <div class="test-method">
                <img src="failed.png">
                </img>
                <span class="method-name">runScenario("Register user with different data", "To Test the DemoWebShop Register functionality")</span>
                <span class="method-start">87931 ms</span>
              </div> <!-- test-method -->
              <div class="test-method">
                <span class="method-name">runScenario("Register user with different data", "To Test the DemoWebShop Register functionality")</span>
                <span class="method-start">100162 ms</span>
              </div> <!-- test-method -->
              <div class="test-method">
                <img src="failed.png">
                </img>
                <span class="method-name">runScenario("Register user with different data", "To Test the DemoWebShop Register functionality")</span>
                <span class="method-start">112535 ms</span>
              </div> <!-- test-method -->
              <div class="configuration-class after">
                <span class="method-name">tearDownClass</span>
                <span class="method-start">125506 ms</span>
              </div> <!-- configuration-class after -->
            </div> <!-- chronological-class -->
            <div class="chronological-class">
              <div class="chronological-class-name">Runner.Login</div> <!-- chronological-class-name -->
              <div class="configuration-class before">
                <span class="method-name">setUpClass(org.testng.TestRunner@50d6c88)</span>
                <span class="method-start">129171 ms</span>
              </div> <!-- configuration-class before -->
              <div class="test-method">
                <span class="method-name">runScenario("User login with different credentials", "To Test DemoWebShop Login functionality")</span>
                <span class="method-start">129274 ms</span>
              </div> <!-- test-method -->
              <div class="test-method">
                <span class="method-name">runScenario("User login with different credentials", "To Test DemoWebShop Login functionality")</span>
                <span class="method-start">146924 ms</span>
              </div> <!-- test-method -->
              <div class="test-method">
                <img src="failed.png">
                </img>
                <span class="method-name">runScenario("User login with different credentials", "To Test DemoWebShop Login functionality")</span>
                <span class="method-start">165045 ms</span>
              </div> <!-- test-method -->
              <div class="test-method">
                <span class="method-name">runScenario("User login with different credentials", "To Test DemoWebShop Login functionality")</span>
                <span class="method-start">182675 ms</span>
              </div> <!-- test-method -->
              <div class="test-method">
                <img src="failed.png">
                </img>
                <span class="method-name">runScenario("User login with different credentials", "To Test DemoWebShop Login functionality")</span>
                <span class="method-start">200009 ms</span>
              </div> <!-- test-method -->
              <div class="test-method">
                <span class="method-name">runScenario("User login with different credentials", "To Test DemoWebShop Login functionality")</span>
                <span class="method-start">217830 ms</span>
              </div> <!-- test-method -->
              <div class="test-method">
                <img src="failed.png">
                </img>
                <span class="method-name">runScenario("User login with different credentials", "To Test DemoWebShop Login functionality")</span>
                <span class="method-start">235098 ms</span>
              </div> <!-- test-method -->
              <div class="configuration-class after">
                <span class="method-name">tearDownClass</span>
                <span class="method-start">252963 ms</span>
              </div> <!-- configuration-class after -->
            </div> <!-- chronological-class -->
            <div class="chronological-class">
              <div class="chronological-class-name">Runner.Cart</div> <!-- chronological-class-name -->
              <div class="configuration-class before">
                <span class="method-name">setUpClass(org.testng.TestRunner@50d6c88)</span>
                <span class="method-start">255762 ms</span>
              </div> <!-- configuration-class before -->
              <div class="test-method">
                <span class="method-name">runScenario("User confirms all books with "AddToCart" button", "To Test DemowebShop Add/Remove from cart functio...)</span>
                <span class="method-start">255886 ms</span>
              </div> <!-- test-method -->
              <div class="test-method">
                <img src="failed.png">
                </img>
                <span class="method-name">runScenario("User confirms all books with "AddToCart" button", "To Test DemowebShop Add/Remove from cart functio...)</span>
                <span class="method-start">281512 ms</span>
              </div> <!-- test-method -->
              <div class="test-method">
                <span class="method-name">runScenario("User adds the third book to the cart", "To Test DemowebShop Add/Remove from cart functionality")</span>
                <span class="method-start">302642 ms</span>
              </div> <!-- test-method -->
              <div class="test-method">
                <span class="method-name">runScenario("User adds and deletes products from the cart", "To Test DemowebShop Add/Remove from cart functional...)</span>
                <span class="method-start">325617 ms</span>
              </div> <!-- test-method -->
              <div class="configuration-class after">
                <span class="method-name">tearDownClass</span>
                <span class="method-start">349838 ms</span>
              </div> <!-- configuration-class after -->
            </div> <!-- chronological-class -->
            <div class="chronological-class">
              <div class="chronological-class-name">Runner.WishList</div> <!-- chronological-class-name -->
              <div class="configuration-class before">
                <span class="method-name">setUpClass(org.testng.TestRunner@50d6c88)</span>
                <span class="method-start">352407 ms</span>
              </div> <!-- configuration-class before -->
              <div class="test-method">
                <span class="method-name">runScenario("User can add and remove products from the wishlist", "To Test DemoWebShop Wishlist Functionality")</span>
                <span class="method-start">352514 ms</span>
              </div> <!-- test-method -->
              <div class="configuration-class after">
                <span class="method-name">tearDownClass</span>
                <span class="method-start">385828 ms</span>
              </div> <!-- configuration-class after -->
            </div> <!-- chronological-class -->
            <div class="chronological-class">
              <div class="chronological-class-name">Runner.Checkout</div> <!-- chronological-class-name -->
              <div class="configuration-class before">
                <span class="method-name">setUpClass(org.testng.TestRunner@50d6c88)</span>
                <span class="method-start">387884 ms</span>
              </div> <!-- configuration-class before -->
              <div class="test-method">
                <span class="method-name">runScenario("User completes the successful checkout using COD", "To Test DemoWebshop Checkout Functionality")</span>
                <span class="method-start">387899 ms</span>
              </div> <!-- test-method -->
              <div class="configuration-class after">
                <span class="method-name">tearDownClass</span>
                <span class="method-start">446678 ms</span>
              </div> <!-- configuration-class after -->
            </div> <!-- chronological-class -->
            <div class="chronological-class">
              <div class="chronological-class-name">Runner.Search</div> <!-- chronological-class-name -->
              <div class="configuration-class before">
                <span class="method-name">setUpClass(org.testng.TestRunner@50d6c88)</span>
                <span class="method-start">448698 ms</span>
              </div> <!-- configuration-class before -->
              <div class="test-method">
                <span class="method-name">runScenario("Handle Pop-up", "To Test DemoWebshop Search Functionality")</span>
                <span class="method-start">448711 ms</span>
              </div> <!-- test-method -->
              <div class="test-method">
                <span class="method-name">runScenario("Perform Search", "To Test DemoWebshop Search Functionality")</span>
                <span class="method-start">462052 ms</span>
              </div> <!-- test-method -->
              <div class="configuration-class after">
                <span class="method-name">tearDownClass</span>
                <span class="method-start">482474 ms</span>
              </div> <!-- configuration-class after -->
            </div> <!-- chronological-class -->
            <div class="chronological-class">
              <div class="chronological-class-name">Runner.Poll</div> <!-- chronological-class-name -->
              <div class="configuration-class before">
                <span class="method-name">setUpClass(org.testng.TestRunner@50d6c88)</span>
                <span class="method-start">484435 ms</span>
              </div> <!-- configuration-class before -->
              <div class="test-method">
                <span class="method-name">runScenario("User to poll without selecting anything", "To Test DemoWebshop Community Poll Functionality")</span>
                <span class="method-start">484482 ms</span>
              </div> <!-- test-method -->
              <div class="test-method">
                <span class="method-name">runScenario("User to poll without Login", "To Test DemoWebshop Community Poll Functionality")</span>
                <span class="method-start">494778 ms</span>
              </div> <!-- test-method -->
              <div class="test-method">
                <img src="failed.png">
                </img>
                <span class="method-name">runScenario("User to poll without Login", "To Test DemoWebshop Community Poll Functionality")</span>
                <span class="method-start">506711 ms</span>
              </div> <!-- test-method -->
              <div class="test-method">
                <span class="method-name">runScenario("User to poll with login", "To Test DemoWebshop Community Poll Functionality")</span>
                <span class="method-start">518890 ms</span>
              </div> <!-- test-method -->
              <div class="test-method">
                <img src="failed.png">
                </img>
                <span class="method-name">runScenario("User to poll with login", "To Test DemoWebshop Community Poll Functionality")</span>
                <span class="method-start">531434 ms</span>
              </div> <!-- test-method -->
              <div class="test-method">
                <span class="method-name">runScenario("User to poll with login", "To Test DemoWebshop Community Poll Functionality")</span>
                <span class="method-start">543825 ms</span>
              </div> <!-- test-method -->
              <div class="configuration-class after">
                <span class="method-name">tearDownClass</span>
                <span class="method-start">555978 ms</span>
              </div> <!-- configuration-class after -->
            </div> <!-- chronological-class -->
            <div class="chronological-class">
              <div class="chronological-class-name">Runner.Subscription</div> <!-- chronological-class-name -->
              <div class="configuration-class before">
                <span class="method-name">setUpClass(org.testng.TestRunner@50d6c88)</span>
                <span class="method-start">558302 ms</span>
              </div> <!-- configuration-class before -->
              <div class="test-method">
                <span class="method-name">runScenario("Testing of News Letter Subscription Page", "To Test DemoWebshop NewsLetter Subscription Functionali...)</span>
                <span class="method-start">558333 ms</span>
              </div> <!-- test-method -->
              <div class="test-method">
                <span class="method-name">runScenario("Testing of News Letter Subscription Page", "To Test DemoWebshop NewsLetter Subscription Functionali...)</span>
                <span class="method-start">592801 ms</span>
              </div> <!-- test-method -->
              <div class="test-method">
                <img src="failed.png">
                </img>
                <span class="method-name">runScenario("Testing of News Letter Subscription Page", "To Test DemoWebshop NewsLetter Subscription Functionali...)</span>
                <span class="method-start">630278 ms</span>
              </div> <!-- test-method -->
              <div class="configuration-class after">
                <span class="method-name">tearDownClass</span>
                <span class="method-start">683199 ms</span>
              </div> <!-- configuration-class after -->
          </div> <!-- main-panel-content rounded-window-bottom -->
        </div> <!-- panel -->
      </div> <!-- main-panel-root -->
    </div> <!-- wrapper -->
  </body>
<script type="text/javascript" src="testng-reports2.js"></script>
</html>
