<html>
<head>
<title>TestNG:  CucumberTest</title>
<link href="../testng.css" rel="stylesheet" type="text/css" />
<link href="../my-testng.css" rel="stylesheet" type="text/css" />

<style type="text/css">
.log { display: none;} 
.stack-trace { display: none;} 
</style>
<script type="text/javascript">
<!--
function flip(e) {
  current = e.style.display;
  if (current == 'block') {
    e.style.display = 'none';
    return 0;
  }
  else {
    e.style.display = 'block';
    return 1;
  }
}

function toggleBox(szDivId, elem, msg1, msg2)
{
  var res = -1;  if (document.getElementById) {
    res = flip(document.getElementById(szDivId));
  }
  else if (document.all) {
    // this is the way old msie versions work
    res = flip(document.all[szDivId]);
  }
  if(elem) {
    if(res == 0) elem.innerHTML = msg1; else elem.innerHTML = msg2;
  }

}

function toggleAllBoxes() {
  if (document.getElementsByTagName) {
    d = document.getElementsByTagName('div');
    for (i = 0; i < d.length; i++) {
      if (d[i].className == 'log') {
        flip(d[i]);
      }
    }
  }
}

// -->
</script>

</head>
<body>
<h2 align='center'>CucumberTest</h2><table border='1' align="center">
<tr>
<td>Tests passed/Failed/Skipped:</td><td>10/12/12</td>
</tr><tr>
<td>Started on:</td><td>Fri Mar 01 09:32:20 IST 2024</td>
</tr>
<tr><td>Total time:</td><td>780 seconds (780908 ms)</td>
</tr><tr>
<td>Included groups:</td><td></td>
</tr><tr>
<td>Excluded groups:</td><td></td>
</tr>
</table><p/>
<small><i>(Hover the method name to see the test class name)</i></small><p/>
<table width='100%' border='1' class='invocation-failed'>
<tr><td colspan='4' align='center'><b>FAILED TESTS</b></td></tr>
<tr><td><b>Test method</b></td>
<td><b>Attribute(s)</b></td>
<td width="30%"><b>Exception</b></td>
<td width="10%"><b>Time (seconds)</b></td>
<td><b>Instance</b></td>
</tr>
<tr>
<td title='Runner.Login.runScenario()'><b>runScenario</b><br>Test class: Runner.Login<br>Test method: Runs Cucumber Scenarios<br>Parameters: "User login with different credentials", "To Test DemoWebShop Login functionality"</td>
<td><div><pre>org.openqa.selenium.InvalidElementStateException: invalid element state
  (Session info: chrome=122.0.6261.70)
Build info: version: &apos;4.11.0&apos;, revision: &apos;040bc5406b&apos;
System info: os.name: &apos;Windows 11&apos;, os.arch: &apos;amd64&apos;, os.version: &apos;10.0&apos;, java.version: &apos;21.0.1&apos;
Driver info: org.openqa.selenium.chrome.ChromeDriver
Command: [bcbecc3a32f86ce85242a259a993c532, clearElement {id=f.C933180694D54788CF1400FE2FBABA2B.d.02D9AD59F8C23ECA5F5D3AA6B98F4011.e.78}]
Capabilities {acceptInsecureCerts: false, browserName: chrome, browserVersion: 122.0.6261.70, chrome: {chromedriverVersion: 122.0.6261.94 (880dbf29479c..., userDataDir: C:\Users\shiva\AppData\Loca...}, fedcm:accounts: true, goog:chromeOptions: {debuggerAddress: localhost:62042}, networkConnectionEnabled: false, pageLoadStrategy: normal, platformName: windows, proxy: Proxy(), se:cdp: ws://localhost:62042/devtoo..., se:cdpVersion: 122.0.6261.70, setWindowRect: true, strictFileInteractability: false, timeouts: {implicit: 0, pageLoad: 300000, script: 30000}, unhandledPromptBehavior: dismiss and notify, webauthn:extension:credBlob: true, webauthn:extension:largeBlob: true, webauthn:extension:minPinLength: true, webauthn:extension:prf: true, webauthn:virtualAuthenticators: true}
Element: [[ChromeDriver: chrome on windows (bcbecc3a32f86ce85242a259a993c532)] -&gt; xpath: //a[@href=&apos;/login&apos;]]
Session ID: bcbecc3a32f86ce85242a259a993c532
	at org.openqa.selenium.remote.codec.w3c.W3CHttpResponseCodec.createException(W3CHttpResponseCodec.java:200)
	at org.openqa.selenium.remote.codec.w3c.W3CHttpResponseCodec.decode(W3CHttpResponseCodec.java:133)
	at org.openqa.selenium.remote.codec.w3c.W3CHttpResponseCodec.decode(W3CHttpResponseCodec.java:52)
	at org.openqa.selenium.remote.HttpCommandExecutor.execute(HttpCommandExecutor.java:191)
	at org.openqa.selenium.remote.service.DriverCommandExecutor.invokeExecute(DriverCommandExecutor.java:196)
	at org.openqa.selenium.remote.service.DriverCommandExecutor.execute(DriverCommandExecutor.java:171)
	at org.openqa.selenium.remote.RemoteWebDriver.execute(RemoteWebDriver.java:518)
	at org.openqa.selenium.remote.RemoteWebElement.execute(RemoteWebElement.java:224)
	at org.openqa.selenium.remote.RemoteWebElement.clear(RemoteWebElement.java:130)
	at Steps.Login.messageShouldBeDisplayed(Login.java:77)
	at ✽.Message Should Be Displayed &apos;incorrect email or Password&apos;(file:///D:/demowebshop.tricentis.com/src/test/java/Features/LoginFeature.feature:8)
... Removed 3 stack frames</pre></div><a href='#' onClick='toggleBox("stack-trace1422214053", this, "Click to show all stack frames", "Click to hide stack frames")'>Click to show all stack frames</a>
<div class='stack-trace' id='stack-trace1422214053'><pre>org.openqa.selenium.InvalidElementStateException: invalid element state
  (Session info: chrome=122.0.6261.70)
Build info: version: &apos;4.11.0&apos;, revision: &apos;040bc5406b&apos;
System info: os.name: &apos;Windows 11&apos;, os.arch: &apos;amd64&apos;, os.version: &apos;10.0&apos;, java.version: &apos;21.0.1&apos;
Driver info: org.openqa.selenium.chrome.ChromeDriver
Command: [bcbecc3a32f86ce85242a259a993c532, clearElement {id=f.C933180694D54788CF1400FE2FBABA2B.d.02D9AD59F8C23ECA5F5D3AA6B98F4011.e.78}]
Capabilities {acceptInsecureCerts: false, browserName: chrome, browserVersion: 122.0.6261.70, chrome: {chromedriverVersion: 122.0.6261.94 (880dbf29479c..., userDataDir: C:\Users\shiva\AppData\Loca...}, fedcm:accounts: true, goog:chromeOptions: {debuggerAddress: localhost:62042}, networkConnectionEnabled: false, pageLoadStrategy: normal, platformName: windows, proxy: Proxy(), se:cdp: ws://localhost:62042/devtoo..., se:cdpVersion: 122.0.6261.70, setWindowRect: true, strictFileInteractability: false, timeouts: {implicit: 0, pageLoad: 300000, script: 30000}, unhandledPromptBehavior: dismiss and notify, webauthn:extension:credBlob: true, webauthn:extension:largeBlob: true, webauthn:extension:minPinLength: true, webauthn:extension:prf: true, webauthn:virtualAuthenticators: true}
Element: [[ChromeDriver: chrome on windows (bcbecc3a32f86ce85242a259a993c532)] -&gt; xpath: //a[@href=&apos;/login&apos;]]
Session ID: bcbecc3a32f86ce85242a259a993c532
	at java.base/jdk.internal.reflect.DirectConstructorHandleAccessor.newInstance(DirectConstructorHandleAccessor.java:62)
	at java.base/java.lang.reflect.Constructor.newInstanceWithCaller(Constructor.java:502)
	at java.base/java.lang.reflect.Constructor.newInstance(Constructor.java:486)
	at org.openqa.selenium.remote.codec.w3c.W3CHttpResponseCodec.createException(W3CHttpResponseCodec.java:200)
	at org.openqa.selenium.remote.codec.w3c.W3CHttpResponseCodec.decode(W3CHttpResponseCodec.java:133)
	at org.openqa.selenium.remote.codec.w3c.W3CHttpResponseCodec.decode(W3CHttpResponseCodec.java:52)
	at org.openqa.selenium.remote.HttpCommandExecutor.execute(HttpCommandExecutor.java:191)
	at org.openqa.selenium.remote.service.DriverCommandExecutor.invokeExecute(DriverCommandExecutor.java:196)
	at org.openqa.selenium.remote.service.DriverCommandExecutor.execute(DriverCommandExecutor.java:171)
	at org.openqa.selenium.remote.RemoteWebDriver.execute(RemoteWebDriver.java:518)
	at org.openqa.selenium.remote.RemoteWebElement.execute(RemoteWebElement.java:224)
	at org.openqa.selenium.remote.RemoteWebElement.clear(RemoteWebElement.java:130)
	at Steps.Login.messageShouldBeDisplayed(Login.java:77)
	at ✽.Message Should Be Displayed &apos;incorrect email or Password&apos;(file:///D:/demowebshop.tricentis.com/src/test/java/Features/LoginFeature.feature:8)
</pre></div></td>
<td>18</td>
<td>Runner.Login@4d02f94e</td></tr>
<tr>
<td title='Runner.Registration.runScenario()'><b>runScenario</b><br>Test class: Runner.Registration<br>Test method: Runs Cucumber Scenarios<br>Parameters: "Register user with different data", "To Test the DemoWebShop Register functionality"</td>
<td><div><pre>java.lang.AssertionError: Failure got to catch block
	at Steps.Registration.the_user_clicks_on_register(Registration.java:123)
	at ✽.the user clicks on register(file:///D:/demowebshop.tricentis.com/src/test/java/Features/RegistrationFeature.feature:13)
... Removed 1 stack frames</pre></div><a href='#' onClick='toggleBox("stack-trace263373555", this, "Click to show all stack frames", "Click to hide stack frames")'>Click to show all stack frames</a>
<div class='stack-trace' id='stack-trace263373555'><pre>java.lang.AssertionError: Failure got to catch block
	at org.testng.Assert.fail(Assert.java:110)
	at Steps.Registration.the_user_clicks_on_register(Registration.java:123)
	at ✽.the user clicks on register(file:///D:/demowebshop.tricentis.com/src/test/java/Features/RegistrationFeature.feature:13)
</pre></div></td>
<td>13</td>
<td>Runner.Registration@33990a0c</td></tr>
<tr>
<td title='Runner.Cart.runScenario()'><b>runScenario</b><br>Test class: Runner.Cart<br>Test method: Runs Cucumber Scenarios<br>Parameters: "User confirms all books with "AddToCart" button", "To Test DemowebShop Add/Remove from cart functionality"</td>
<td><div><pre>java.lang.AssertionError: Scenario failed - Some products do not have the &apos;Add to Cart&apos; button.
	at Steps.Cart.validateCartButtonForAllBooks(Cart.java:89)
	at ✽.User validates whether all books have addtocart button(file:///D:/demowebshop.tricentis.com/src/test/java/Features/CartFeature.feature:10)
... Removed 1 stack frames</pre></div><a href='#' onClick='toggleBox("stack-trace1666671572", this, "Click to show all stack frames", "Click to hide stack frames")'>Click to show all stack frames</a>
<div class='stack-trace' id='stack-trace1666671572'><pre>java.lang.AssertionError: Scenario failed - Some products do not have the &apos;Add to Cart&apos; button.
	at org.testng.Assert.fail(Assert.java:110)
	at Steps.Cart.validateCartButtonForAllBooks(Cart.java:89)
	at ✽.User validates whether all books have addtocart button(file:///D:/demowebshop.tricentis.com/src/test/java/Features/CartFeature.feature:10)
</pre></div></td>
<td>23</td>
<td>Runner.Cart@2b48a640</td></tr>
<tr>
<td title='Runner.Registration.runScenario()'><b>runScenario</b><br>Test class: Runner.Registration<br>Test method: Runs Cucumber Scenarios<br>Parameters: "Register user with different data", "To Test the DemoWebShop Register functionality"</td>
<td><div><pre>java.lang.AssertionError: Failure got to catch block
	at Steps.Registration.the_user_clicks_on_register(Registration.java:123)
	at ✽.the user clicks on register(file:///D:/demowebshop.tricentis.com/src/test/java/Features/RegistrationFeature.feature:13)
... Removed 1 stack frames</pre></div><a href='#' onClick='toggleBox("stack-trace924413267", this, "Click to show all stack frames", "Click to hide stack frames")'>Click to show all stack frames</a>
<div class='stack-trace' id='stack-trace924413267'><pre>java.lang.AssertionError: Failure got to catch block
	at org.testng.Assert.fail(Assert.java:110)
	at Steps.Registration.the_user_clicks_on_register(Registration.java:123)
	at ✽.the user clicks on register(file:///D:/demowebshop.tricentis.com/src/test/java/Features/RegistrationFeature.feature:13)
</pre></div></td>
<td>13</td>
<td>Runner.Registration@33990a0c</td></tr>
<tr>
<td title='Runner.Login.runScenario()'><b>runScenario</b><br>Test class: Runner.Login<br>Test method: Runs Cucumber Scenarios<br>Parameters: "User login with different credentials", "To Test DemoWebShop Login functionality"</td>
<td><div><pre>org.openqa.selenium.InvalidElementStateException: invalid element state
  (Session info: chrome=122.0.6261.70)
Build info: version: &apos;4.11.0&apos;, revision: &apos;040bc5406b&apos;
System info: os.name: &apos;Windows 11&apos;, os.arch: &apos;amd64&apos;, os.version: &apos;10.0&apos;, java.version: &apos;21.0.1&apos;
Driver info: org.openqa.selenium.chrome.ChromeDriver
Command: [9dfc62f9eec52f5a3da31c343c78047a, clearElement {id=f.B911686FDEBA79EE7DF4CBD823B734A0.d.55A219AFD7ED613BCE3E213FAFF9EEB9.e.78}]
Capabilities {acceptInsecureCerts: false, browserName: chrome, browserVersion: 122.0.6261.70, chrome: {chromedriverVersion: 122.0.6261.94 (880dbf29479c..., userDataDir: C:\Users\shiva\AppData\Loca...}, fedcm:accounts: true, goog:chromeOptions: {debuggerAddress: localhost:61867}, networkConnectionEnabled: false, pageLoadStrategy: normal, platformName: windows, proxy: Proxy(), se:cdp: ws://localhost:61867/devtoo..., se:cdpVersion: 122.0.6261.70, setWindowRect: true, strictFileInteractability: false, timeouts: {implicit: 0, pageLoad: 300000, script: 30000}, unhandledPromptBehavior: dismiss and notify, webauthn:extension:credBlob: true, webauthn:extension:largeBlob: true, webauthn:extension:minPinLength: true, webauthn:extension:prf: true, webauthn:virtualAuthenticators: true}
Element: [[ChromeDriver: chrome on windows (9dfc62f9eec52f5a3da31c343c78047a)] -&gt; xpath: //a[@href=&apos;/login&apos;]]
Session ID: 9dfc62f9eec52f5a3da31c343c78047a
	at org.openqa.selenium.remote.codec.w3c.W3CHttpResponseCodec.createException(W3CHttpResponseCodec.java:200)
	at org.openqa.selenium.remote.codec.w3c.W3CHttpResponseCodec.decode(W3CHttpResponseCodec.java:133)
	at org.openqa.selenium.remote.codec.w3c.W3CHttpResponseCodec.decode(W3CHttpResponseCodec.java:52)
	at org.openqa.selenium.remote.HttpCommandExecutor.execute(HttpCommandExecutor.java:191)
	at org.openqa.selenium.remote.service.DriverCommandExecutor.invokeExecute(DriverCommandExecutor.java:196)
	at org.openqa.selenium.remote.service.DriverCommandExecutor.execute(DriverCommandExecutor.java:171)
	at org.openqa.selenium.remote.RemoteWebDriver.execute(RemoteWebDriver.java:518)
	at org.openqa.selenium.remote.RemoteWebElement.execute(RemoteWebElement.java:224)
	at org.openqa.selenium.remote.RemoteWebElement.clear(RemoteWebElement.java:130)
	at Steps.Login.messageShouldBeDisplayed(Login.java:77)
	at ✽.Message Should Be Displayed &apos;incorrect email or Password&apos;(file:///D:/demowebshop.tricentis.com/src/test/java/Features/LoginFeature.feature:8)
... Removed 3 stack frames</pre></div><a href='#' onClick='toggleBox("stack-trace1532296795", this, "Click to show all stack frames", "Click to hide stack frames")'>Click to show all stack frames</a>
<div class='stack-trace' id='stack-trace1532296795'><pre>org.openqa.selenium.InvalidElementStateException: invalid element state
  (Session info: chrome=122.0.6261.70)
Build info: version: &apos;4.11.0&apos;, revision: &apos;040bc5406b&apos;
System info: os.name: &apos;Windows 11&apos;, os.arch: &apos;amd64&apos;, os.version: &apos;10.0&apos;, java.version: &apos;21.0.1&apos;
Driver info: org.openqa.selenium.chrome.ChromeDriver
Command: [9dfc62f9eec52f5a3da31c343c78047a, clearElement {id=f.B911686FDEBA79EE7DF4CBD823B734A0.d.55A219AFD7ED613BCE3E213FAFF9EEB9.e.78}]
Capabilities {acceptInsecureCerts: false, browserName: chrome, browserVersion: 122.0.6261.70, chrome: {chromedriverVersion: 122.0.6261.94 (880dbf29479c..., userDataDir: C:\Users\shiva\AppData\Loca...}, fedcm:accounts: true, goog:chromeOptions: {debuggerAddress: localhost:61867}, networkConnectionEnabled: false, pageLoadStrategy: normal, platformName: windows, proxy: Proxy(), se:cdp: ws://localhost:61867/devtoo..., se:cdpVersion: 122.0.6261.70, setWindowRect: true, strictFileInteractability: false, timeouts: {implicit: 0, pageLoad: 300000, script: 30000}, unhandledPromptBehavior: dismiss and notify, webauthn:extension:credBlob: true, webauthn:extension:largeBlob: true, webauthn:extension:minPinLength: true, webauthn:extension:prf: true, webauthn:virtualAuthenticators: true}
Element: [[ChromeDriver: chrome on windows (9dfc62f9eec52f5a3da31c343c78047a)] -&gt; xpath: //a[@href=&apos;/login&apos;]]
Session ID: 9dfc62f9eec52f5a3da31c343c78047a
	at java.base/jdk.internal.reflect.DirectConstructorHandleAccessor.newInstance(DirectConstructorHandleAccessor.java:62)
	at java.base/java.lang.reflect.Constructor.newInstanceWithCaller(Constructor.java:502)
	at java.base/java.lang.reflect.Constructor.newInstance(Constructor.java:486)
	at org.openqa.selenium.remote.codec.w3c.W3CHttpResponseCodec.createException(W3CHttpResponseCodec.java:200)
	at org.openqa.selenium.remote.codec.w3c.W3CHttpResponseCodec.decode(W3CHttpResponseCodec.java:133)
	at org.openqa.selenium.remote.codec.w3c.W3CHttpResponseCodec.decode(W3CHttpResponseCodec.java:52)
	at org.openqa.selenium.remote.HttpCommandExecutor.execute(HttpCommandExecutor.java:191)
	at org.openqa.selenium.remote.service.DriverCommandExecutor.invokeExecute(DriverCommandExecutor.java:196)
	at org.openqa.selenium.remote.service.DriverCommandExecutor.execute(DriverCommandExecutor.java:171)
	at org.openqa.selenium.remote.RemoteWebDriver.execute(RemoteWebDriver.java:518)
	at org.openqa.selenium.remote.RemoteWebElement.execute(RemoteWebElement.java:224)
	at org.openqa.selenium.remote.RemoteWebElement.clear(RemoteWebElement.java:130)
	at Steps.Login.messageShouldBeDisplayed(Login.java:77)
	at ✽.Message Should Be Displayed &apos;incorrect email or Password&apos;(file:///D:/demowebshop.tricentis.com/src/test/java/Features/LoginFeature.feature:8)
</pre></div></td>
<td>18</td>
<td>Runner.Login@4d02f94e</td></tr>
<tr>
<td title='Runner.Registration.runScenario()'><b>runScenario</b><br>Test class: Runner.Registration<br>Test method: Runs Cucumber Scenarios<br>Parameters: "Register user with different data", "To Test the DemoWebShop Register functionality"</td>
<td><div><pre>java.lang.AssertionError: Failure got to catch block
	at Steps.Registration.the_user_clicks_on_register(Registration.java:123)
	at ✽.the user clicks on register(file:///D:/demowebshop.tricentis.com/src/test/java/Features/RegistrationFeature.feature:13)
... Removed 1 stack frames</pre></div><a href='#' onClick='toggleBox("stack-trace2137524890", this, "Click to show all stack frames", "Click to hide stack frames")'>Click to show all stack frames</a>
<div class='stack-trace' id='stack-trace2137524890'><pre>java.lang.AssertionError: Failure got to catch block
	at org.testng.Assert.fail(Assert.java:110)
	at Steps.Registration.the_user_clicks_on_register(Registration.java:123)
	at ✽.the user clicks on register(file:///D:/demowebshop.tricentis.com/src/test/java/Features/RegistrationFeature.feature:13)
</pre></div></td>
<td>15</td>
<td>Runner.Registration@33990a0c</td></tr>
<tr>
<td title='Runner.Registration.runScenario()'><b>runScenario</b><br>Test class: Runner.Registration<br>Test method: Runs Cucumber Scenarios<br>Parameters: "Register user with different data", "To Test the DemoWebShop Register functionality"</td>
<td><div><pre>java.lang.AssertionError: Failure got to catch block
	at Steps.Registration.the_user_clicks_on_register(Registration.java:123)
	at ✽.the user clicks on register(file:///D:/demowebshop.tricentis.com/src/test/java/Features/RegistrationFeature.feature:13)
... Removed 1 stack frames</pre></div><a href='#' onClick='toggleBox("stack-trace1552951939", this, "Click to show all stack frames", "Click to hide stack frames")'>Click to show all stack frames</a>
<div class='stack-trace' id='stack-trace1552951939'><pre>java.lang.AssertionError: Failure got to catch block
	at org.testng.Assert.fail(Assert.java:110)
	at Steps.Registration.the_user_clicks_on_register(Registration.java:123)
	at ✽.the user clicks on register(file:///D:/demowebshop.tricentis.com/src/test/java/Features/RegistrationFeature.feature:13)
</pre></div></td>
<td>13</td>
<td>Runner.Registration@33990a0c</td></tr>
<tr>
<td title='Runner.Poll.runScenario()'><b>runScenario</b><br>Test class: Runner.Poll<br>Test method: Runs Cucumber Scenarios<br>Parameters: "User to poll with login", "To Test DemoWebshop Community Poll Functionality"</td>
<td><div><pre>java.lang.AssertionError: 7525 vote(s)...
	at org.junit.Assert.fail(Assert.java:89)
	at org.junit.Assert.assertTrue(Assert.java:42)
	at org.junit.Assert.assertFalse(Assert.java:65)
	at Steps.Poll.user_select_one_option_from_poll_and_vote(Poll.java:90)
	at ✽.User select one option from poll and vote(file:///D:/demowebshop.tricentis.com/src/test/java/Features/PollFeature.feature:15)
</pre></div><a href='#' onClick='toggleBox("stack-trace1029733685", this, "Click to show all stack frames", "Click to hide stack frames")'>Click to show all stack frames</a>
<div class='stack-trace' id='stack-trace1029733685'><pre>java.lang.AssertionError: 7525 vote(s)...
	at org.junit.Assert.fail(Assert.java:89)
	at org.junit.Assert.assertTrue(Assert.java:42)
	at org.junit.Assert.assertFalse(Assert.java:65)
	at Steps.Poll.user_select_one_option_from_poll_and_vote(Poll.java:90)
	at ✽.User select one option from poll and vote(file:///D:/demowebshop.tricentis.com/src/test/java/Features/PollFeature.feature:15)
</pre></div></td>
<td>15</td>
<td>Runner.Poll@14555e0a</td></tr>
<tr>
<td title='Runner.Poll.runScenario()'><b>runScenario</b><br>Test class: Runner.Poll<br>Test method: Runs Cucumber Scenarios<br>Parameters: "User to poll without Login", "To Test DemoWebshop Community Poll Functionality"</td>
<td><div><pre>java.lang.AssertionError: Only registered users can vote.
	at org.junit.Assert.fail(Assert.java:89)
	at org.junit.Assert.assertTrue(Assert.java:42)
	at org.junit.Assert.assertFalse(Assert.java:65)
	at Steps.Poll.click_on_vote_button(Poll.java:66)
	at ✽.Click on vote button(file:///D:/demowebshop.tricentis.com/src/test/java/Features/PollFeature.feature:11)
</pre></div><a href='#' onClick='toggleBox("stack-trace1566985552", this, "Click to show all stack frames", "Click to hide stack frames")'>Click to show all stack frames</a>
<div class='stack-trace' id='stack-trace1566985552'><pre>java.lang.AssertionError: Only registered users can vote.
	at org.junit.Assert.fail(Assert.java:89)
	at org.junit.Assert.assertTrue(Assert.java:42)
	at org.junit.Assert.assertFalse(Assert.java:65)
	at Steps.Poll.click_on_vote_button(Poll.java:66)
	at ✽.Click on vote button(file:///D:/demowebshop.tricentis.com/src/test/java/Features/PollFeature.feature:11)
</pre></div></td>
<td>27</td>
<td>Runner.Poll@14555e0a</td></tr>
<tr>
<td title='Runner.Subscription.runScenario()'><b>runScenario</b><br>Test class: Runner.Subscription<br>Test method: Runs Cucumber Scenarios<br>Parameters: "Testing of News Letter Subscription Page", "To Test DemoWebshop NewsLetter Subscription Functionality"</td>
<td><div><pre>org.openqa.selenium.NoSuchSessionException: Session ID is null. Using WebDriver after calling quit()?
Build info: version: &apos;4.11.0&apos;, revision: &apos;040bc5406b&apos;
System info: os.name: &apos;Windows 11&apos;, os.arch: &apos;amd64&apos;, os.version: &apos;10.0&apos;, java.version: &apos;21.0.1&apos;
Driver info: org.openqa.selenium.chrome.ChromeDriver
Command: [null, findElement {using=xpath, value=//a[@class=&apos;ico-logout&apos;]}]
Capabilities {acceptInsecureCerts: false, browserName: chrome, browserVersion: 122.0.6261.70, chrome: {chromedriverVersion: 122.0.6261.94 (880dbf29479c..., userDataDir: C:\Users\shiva\AppData\Loca...}, fedcm:accounts: true, goog:chromeOptions: {debuggerAddress: localhost:63652}, networkConnectionEnabled: false, pageLoadStrategy: normal, platformName: windows, proxy: Proxy(), se:cdp: ws://localhost:63652/devtoo..., se:cdpVersion: 122.0.6261.70, setWindowRect: true, strictFileInteractability: false, timeouts: {implicit: 0, pageLoad: 300000, script: 30000}, unhandledPromptBehavior: dismiss and notify, webauthn:extension:credBlob: true, webauthn:extension:largeBlob: true, webauthn:extension:minPinLength: true, webauthn:extension:prf: true, webauthn:virtualAuthenticators: true}
	at org.openqa.selenium.remote.HttpCommandExecutor.execute(HttpCommandExecutor.java:152)
	at org.openqa.selenium.remote.service.DriverCommandExecutor.invokeExecute(DriverCommandExecutor.java:196)
	at org.openqa.selenium.remote.service.DriverCommandExecutor.execute(DriverCommandExecutor.java:171)
	at org.openqa.selenium.remote.RemoteWebDriver.execute(RemoteWebDriver.java:518)
	at org.openqa.selenium.remote.ElementLocation$ElementFinder$2.findElement(ElementLocation.java:165)
	at org.openqa.selenium.remote.ElementLocation.findElement(ElementLocation.java:59)
	at org.openqa.selenium.remote.RemoteWebDriver.findElement(RemoteWebDriver.java:355)
	at org.openqa.selenium.remote.RemoteWebDriver.findElement(RemoteWebDriver.java:349)
	at org.openqa.selenium.support.pagefactory.DefaultElementLocator.findElement(DefaultElementLocator.java:68)
	at org.openqa.selenium.support.pagefactory.internal.LocatingElementHandler.invoke(LocatingElementHandler.java:38)
	at jdk.proxy2/jdk.proxy2.$Proxy48.click(Unknown Source)
	at Pages.SubscriptionPage.Click_Logout(SubscriptionPage.java:87)
	at Steps.Subscription.i_logout(Subscription.java:107)
	at ✽.I logout(file:///D:/demowebshop.tricentis.com/src/test/java/Features/SubscriptionFeature.feature:14)
</pre></div><a href='#' onClick='toggleBox("stack-trace585065928", this, "Click to show all stack frames", "Click to hide stack frames")'>Click to show all stack frames</a>
<div class='stack-trace' id='stack-trace585065928'><pre>org.openqa.selenium.NoSuchSessionException: Session ID is null. Using WebDriver after calling quit()?
Build info: version: &apos;4.11.0&apos;, revision: &apos;040bc5406b&apos;
System info: os.name: &apos;Windows 11&apos;, os.arch: &apos;amd64&apos;, os.version: &apos;10.0&apos;, java.version: &apos;21.0.1&apos;
Driver info: org.openqa.selenium.chrome.ChromeDriver
Command: [null, findElement {using=xpath, value=//a[@class=&apos;ico-logout&apos;]}]
Capabilities {acceptInsecureCerts: false, browserName: chrome, browserVersion: 122.0.6261.70, chrome: {chromedriverVersion: 122.0.6261.94 (880dbf29479c..., userDataDir: C:\Users\shiva\AppData\Loca...}, fedcm:accounts: true, goog:chromeOptions: {debuggerAddress: localhost:63652}, networkConnectionEnabled: false, pageLoadStrategy: normal, platformName: windows, proxy: Proxy(), se:cdp: ws://localhost:63652/devtoo..., se:cdpVersion: 122.0.6261.70, setWindowRect: true, strictFileInteractability: false, timeouts: {implicit: 0, pageLoad: 300000, script: 30000}, unhandledPromptBehavior: dismiss and notify, webauthn:extension:credBlob: true, webauthn:extension:largeBlob: true, webauthn:extension:minPinLength: true, webauthn:extension:prf: true, webauthn:virtualAuthenticators: true}
	at org.openqa.selenium.remote.HttpCommandExecutor.execute(HttpCommandExecutor.java:152)
	at org.openqa.selenium.remote.service.DriverCommandExecutor.invokeExecute(DriverCommandExecutor.java:196)
	at org.openqa.selenium.remote.service.DriverCommandExecutor.execute(DriverCommandExecutor.java:171)
	at org.openqa.selenium.remote.RemoteWebDriver.execute(RemoteWebDriver.java:518)
	at org.openqa.selenium.remote.ElementLocation$ElementFinder$2.findElement(ElementLocation.java:165)
	at org.openqa.selenium.remote.ElementLocation.findElement(ElementLocation.java:59)
	at org.openqa.selenium.remote.RemoteWebDriver.findElement(RemoteWebDriver.java:355)
	at org.openqa.selenium.remote.RemoteWebDriver.findElement(RemoteWebDriver.java:349)
	at org.openqa.selenium.support.pagefactory.DefaultElementLocator.findElement(DefaultElementLocator.java:68)
	at org.openqa.selenium.support.pagefactory.internal.LocatingElementHandler.invoke(LocatingElementHandler.java:38)
	at jdk.proxy2/jdk.proxy2.$Proxy48.click(Unknown Source)
	at Pages.SubscriptionPage.Click_Logout(SubscriptionPage.java:87)
	at Steps.Subscription.i_logout(Subscription.java:107)
	at ✽.I logout(file:///D:/demowebshop.tricentis.com/src/test/java/Features/SubscriptionFeature.feature:14)
</pre></div></td>
<td>40</td>
<td>Runner.Subscription@4bb33f74</td></tr>
<tr>
<td title='Runner.Login.runScenario()'><b>runScenario</b><br>Test class: Runner.Login<br>Test method: Runs Cucumber Scenarios<br>Parameters: "User login with different credentials", "To Test DemoWebShop Login functionality"</td>
<td><div><pre>org.openqa.selenium.InvalidElementStateException: invalid element state
  (Session info: chrome=122.0.6261.70)
Build info: version: &apos;4.11.0&apos;, revision: &apos;040bc5406b&apos;
System info: os.name: &apos;Windows 11&apos;, os.arch: &apos;amd64&apos;, os.version: &apos;10.0&apos;, java.version: &apos;21.0.1&apos;
Driver info: org.openqa.selenium.chrome.ChromeDriver
Command: [41001950f6a799a0b4cf9108859dc437, clearElement {id=f.D1FDCBC10C995D0442535BE4D2D4CAA0.d.DE1AB0358262A9E0047A3E0DDBE0B22F.e.80}]
Capabilities {acceptInsecureCerts: false, browserName: chrome, browserVersion: 122.0.6261.70, chrome: {chromedriverVersion: 122.0.6261.94 (880dbf29479c..., userDataDir: C:\Users\shiva\AppData\Loca...}, fedcm:accounts: true, goog:chromeOptions: {debuggerAddress: localhost:61690}, networkConnectionEnabled: false, pageLoadStrategy: normal, platformName: windows, proxy: Proxy(), se:cdp: ws://localhost:61690/devtoo..., se:cdpVersion: 122.0.6261.70, setWindowRect: true, strictFileInteractability: false, timeouts: {implicit: 0, pageLoad: 300000, script: 30000}, unhandledPromptBehavior: dismiss and notify, webauthn:extension:credBlob: true, webauthn:extension:largeBlob: true, webauthn:extension:minPinLength: true, webauthn:extension:prf: true, webauthn:virtualAuthenticators: true}
Element: [[ChromeDriver: chrome on windows (41001950f6a799a0b4cf9108859dc437)] -&gt; xpath: //a[@href=&apos;/login&apos;]]
Session ID: 41001950f6a799a0b4cf9108859dc437
	at org.openqa.selenium.remote.codec.w3c.W3CHttpResponseCodec.createException(W3CHttpResponseCodec.java:200)
	at org.openqa.selenium.remote.codec.w3c.W3CHttpResponseCodec.decode(W3CHttpResponseCodec.java:133)
	at org.openqa.selenium.remote.codec.w3c.W3CHttpResponseCodec.decode(W3CHttpResponseCodec.java:52)
	at org.openqa.selenium.remote.HttpCommandExecutor.execute(HttpCommandExecutor.java:191)
	at org.openqa.selenium.remote.service.DriverCommandExecutor.invokeExecute(DriverCommandExecutor.java:196)
	at org.openqa.selenium.remote.service.DriverCommandExecutor.execute(DriverCommandExecutor.java:171)
	at org.openqa.selenium.remote.RemoteWebDriver.execute(RemoteWebDriver.java:518)
	at org.openqa.selenium.remote.RemoteWebElement.execute(RemoteWebElement.java:224)
	at org.openqa.selenium.remote.RemoteWebElement.clear(RemoteWebElement.java:130)
	at Steps.Login.messageShouldBeDisplayed(Login.java:77)
	at ✽.Message Should Be Displayed &apos;incorrect email or Password&apos;(file:///D:/demowebshop.tricentis.com/src/test/java/Features/LoginFeature.feature:8)
... Removed 3 stack frames</pre></div><a href='#' onClick='toggleBox("stack-trace44629810", this, "Click to show all stack frames", "Click to hide stack frames")'>Click to show all stack frames</a>
<div class='stack-trace' id='stack-trace44629810'><pre>org.openqa.selenium.InvalidElementStateException: invalid element state
  (Session info: chrome=122.0.6261.70)
Build info: version: &apos;4.11.0&apos;, revision: &apos;040bc5406b&apos;
System info: os.name: &apos;Windows 11&apos;, os.arch: &apos;amd64&apos;, os.version: &apos;10.0&apos;, java.version: &apos;21.0.1&apos;
Driver info: org.openqa.selenium.chrome.ChromeDriver
Command: [41001950f6a799a0b4cf9108859dc437, clearElement {id=f.D1FDCBC10C995D0442535BE4D2D4CAA0.d.DE1AB0358262A9E0047A3E0DDBE0B22F.e.80}]
Capabilities {acceptInsecureCerts: false, browserName: chrome, browserVersion: 122.0.6261.70, chrome: {chromedriverVersion: 122.0.6261.94 (880dbf29479c..., userDataDir: C:\Users\shiva\AppData\Loca...}, fedcm:accounts: true, goog:chromeOptions: {debuggerAddress: localhost:61690}, networkConnectionEnabled: false, pageLoadStrategy: normal, platformName: windows, proxy: Proxy(), se:cdp: ws://localhost:61690/devtoo..., se:cdpVersion: 122.0.6261.70, setWindowRect: true, strictFileInteractability: false, timeouts: {implicit: 0, pageLoad: 300000, script: 30000}, unhandledPromptBehavior: dismiss and notify, webauthn:extension:credBlob: true, webauthn:extension:largeBlob: true, webauthn:extension:minPinLength: true, webauthn:extension:prf: true, webauthn:virtualAuthenticators: true}
Element: [[ChromeDriver: chrome on windows (41001950f6a799a0b4cf9108859dc437)] -&gt; xpath: //a[@href=&apos;/login&apos;]]
Session ID: 41001950f6a799a0b4cf9108859dc437
	at java.base/jdk.internal.reflect.DirectConstructorHandleAccessor.newInstance(DirectConstructorHandleAccessor.java:62)
	at java.base/java.lang.reflect.Constructor.newInstanceWithCaller(Constructor.java:502)
	at java.base/java.lang.reflect.Constructor.newInstance(Constructor.java:486)
	at org.openqa.selenium.remote.codec.w3c.W3CHttpResponseCodec.createException(W3CHttpResponseCodec.java:200)
	at org.openqa.selenium.remote.codec.w3c.W3CHttpResponseCodec.decode(W3CHttpResponseCodec.java:133)
	at org.openqa.selenium.remote.codec.w3c.W3CHttpResponseCodec.decode(W3CHttpResponseCodec.java:52)
	at org.openqa.selenium.remote.HttpCommandExecutor.execute(HttpCommandExecutor.java:191)
	at org.openqa.selenium.remote.service.DriverCommandExecutor.invokeExecute(DriverCommandExecutor.java:196)
	at org.openqa.selenium.remote.service.DriverCommandExecutor.execute(DriverCommandExecutor.java:171)
	at org.openqa.selenium.remote.RemoteWebDriver.execute(RemoteWebDriver.java:518)
	at org.openqa.selenium.remote.RemoteWebElement.execute(RemoteWebElement.java:224)
	at org.openqa.selenium.remote.RemoteWebElement.clear(RemoteWebElement.java:130)
	at Steps.Login.messageShouldBeDisplayed(Login.java:77)
	at ✽.Message Should Be Displayed &apos;incorrect email or Password&apos;(file:///D:/demowebshop.tricentis.com/src/test/java/Features/LoginFeature.feature:8)
</pre></div></td>
<td>18</td>
<td>Runner.Login@4d02f94e</td></tr>
<tr>
<td title='Runner.Registration.runScenario()'><b>runScenario</b><br>Test class: Runner.Registration<br>Test method: Runs Cucumber Scenarios<br>Parameters: "Register user with different data", "To Test the DemoWebShop Register functionality"</td>
<td><div><pre>java.lang.AssertionError: Failure got to catch block
	at Steps.Registration.the_user_clicks_on_register(Registration.java:123)
	at ✽.the user clicks on register(file:///D:/demowebshop.tricentis.com/src/test/java/Features/RegistrationFeature.feature:13)
... Removed 1 stack frames</pre></div><a href='#' onClick='toggleBox("stack-trace1878553091", this, "Click to show all stack frames", "Click to hide stack frames")'>Click to show all stack frames</a>
<div class='stack-trace' id='stack-trace1878553091'><pre>java.lang.AssertionError: Failure got to catch block
	at org.testng.Assert.fail(Assert.java:110)
	at Steps.Registration.the_user_clicks_on_register(Registration.java:123)
	at ✽.the user clicks on register(file:///D:/demowebshop.tricentis.com/src/test/java/Features/RegistrationFeature.feature:13)
</pre></div></td>
<td>13</td>
<td>Runner.Registration@33990a0c</td></tr>
</table><p>
<table width='100%' border='1' class='invocation-passed'>
<tr><td colspan='4' align='center'><b>PASSED TESTS</b></td></tr>
<tr><td><b>Test method</b></td>
<td><b>Attribute(s)</b></td>
<td width="30%"><b>Exception</b></td>
<td width="10%"><b>Time (seconds)</b></td>
<td><b>Instance</b></td>
</tr>
<tr>
<td title='Runner.Poll.runScenario()'><b>runScenario</b><br>Test class: Runner.Poll<br>Test method: Runs Cucumber Scenarios<br>Parameters: "User to poll without selecting anything", "To Test DemoWebshop Community Poll Functionality"</td>
<td></td>
<td>20</td>
<td>Runner.Poll@14555e0a</td></tr>
<tr>
<td title='Runner.Search.runScenario()'><b>runScenario</b><br>Test class: Runner.Search<br>Test method: Runs Cucumber Scenarios<br>Parameters: "Handle Pop-up", "To Test DemoWebshop Search Functionality"</td>
<td></td>
<td>14</td>
<td>Runner.Search@7a419da4</td></tr>
<tr>
<td title='Runner.Search.runScenario()'><b>runScenario</b><br>Test class: Runner.Search<br>Test method: Runs Cucumber Scenarios<br>Parameters: "Perform Search", "To Test DemoWebshop Search Functionality"</td>
<td></td>
<td>21</td>
<td>Runner.Search@7a419da4</td></tr>
<tr>
<td title='Runner.Subscription.runScenario()'><b>runScenario</b><br>Test class: Runner.Subscription<br>Test method: Runs Cucumber Scenarios<br>Parameters: "Testing of News Letter Subscription Page", "To Test DemoWebshop NewsLetter Subscription Functionality"</td>
<td></td>
<td>36</td>
<td>Runner.Subscription@4bb33f74</td></tr>
<tr>
<td title='Runner.Poll.runScenario()'><b>runScenario</b><br>Test class: Runner.Poll<br>Test method: Runs Cucumber Scenarios<br>Parameters: "User to poll with login", "To Test DemoWebshop Community Poll Functionality"</td>
<td></td>
<td>14</td>
<td>Runner.Poll@14555e0a</td></tr>
<tr>
<td title='Runner.Checkout.runScenario()'><b>runScenario</b><br>Test class: Runner.Checkout<br>Test method: Runs Cucumber Scenarios<br>Parameters: "User completes the successful checkout using COD", "To Test DemoWebshop Checkout Functionality"</td>
<td></td>
<td>68</td>
<td>Runner.Checkout@2053d869</td></tr>
<tr>
<td title='Runner.Login.runScenario()'><b>runScenario</b><br>Test class: Runner.Login<br>Test method: Runs Cucumber Scenarios<br>Parameters: "User login with different credentials", "To Test DemoWebShop Login functionality"</td>
<td></td>
<td>20</td>
<td>Runner.Login@4d02f94e</td></tr>
<tr>
<td title='Runner.Cart.runScenario()'><b>runScenario</b><br>Test class: Runner.Cart<br>Test method: Runs Cucumber Scenarios<br>Parameters: "User adds and deletes products from the cart", "To Test DemowebShop Add/Remove from cart functionality"</td>
<td></td>
<td>26</td>
<td>Runner.Cart@2b48a640</td></tr>
<tr>
<td title='Runner.Cart.runScenario()'><b>runScenario</b><br>Test class: Runner.Cart<br>Test method: Runs Cucumber Scenarios<br>Parameters: "User adds the third book to the cart", "To Test DemowebShop Add/Remove from cart functionality"</td>
<td></td>
<td>24</td>
<td>Runner.Cart@2b48a640</td></tr>
<tr>
<td title='Runner.WishList.runScenario()'><b>runScenario</b><br>Test class: Runner.WishList<br>Test method: Runs Cucumber Scenarios<br>Parameters: "User can add and remove products from the wishlist", "To Test DemoWebShop Wishlist Functionality"</td>
<td></td>
<td>39</td>
<td>Runner.WishList@1e683a3e</td></tr>
</table><p>
<table width='100%' border='1' class='invocation-skipped'>
<tr><td colspan='4' align='center'><b>SKIPPED TESTS</b></td></tr>
<tr><td><b>Test method</b></td>
<td><b>Attribute(s)</b></td>
<td width="30%"><b>Exception</b></td>
<td width="10%"><b>Time (seconds)</b></td>
<td><b>Instance</b></td>
</tr>
<tr>
<td title='Runner.Registration.runScenario()'><b>runScenario</b><br>Test class: Runner.Registration<br>Test method: Runs Cucumber Scenarios<br>Parameters: "Register user with different data", "To Test the DemoWebShop Register functionality"</td>
<td><div><pre>java.lang.AssertionError: Failure got to catch block
	at Steps.Registration.the_user_clicks_on_register(Registration.java:123)
	at ✽.the user clicks on register(file:///D:/demowebshop.tricentis.com/src/test/java/Features/RegistrationFeature.feature:13)
... Removed 1 stack frames</pre></div><a href='#' onClick='toggleBox("stack-trace413114271", this, "Click to show all stack frames", "Click to hide stack frames")'>Click to show all stack frames</a>
<div class='stack-trace' id='stack-trace413114271'><pre>java.lang.AssertionError: Failure got to catch block
	at org.testng.Assert.fail(Assert.java:110)
	at Steps.Registration.the_user_clicks_on_register(Registration.java:123)
	at ✽.the user clicks on register(file:///D:/demowebshop.tricentis.com/src/test/java/Features/RegistrationFeature.feature:13)
</pre></div></td>
<td>13</td>
<td>Runner.Registration@33990a0c</td></tr>
<tr>
<td title='Runner.Registration.runScenario()'><b>runScenario</b><br>Test class: Runner.Registration<br>Test method: Runs Cucumber Scenarios<br>Parameters: "Register user with different data", "To Test the DemoWebShop Register functionality"</td>
<td><div><pre>java.lang.AssertionError: Failure got to catch block
	at Steps.Registration.the_user_clicks_on_register(Registration.java:123)
	at ✽.the user clicks on register(file:///D:/demowebshop.tricentis.com/src/test/java/Features/RegistrationFeature.feature:13)
... Removed 1 stack frames</pre></div><a href='#' onClick='toggleBox("stack-trace1940785230", this, "Click to show all stack frames", "Click to hide stack frames")'>Click to show all stack frames</a>
<div class='stack-trace' id='stack-trace1940785230'><pre>java.lang.AssertionError: Failure got to catch block
	at org.testng.Assert.fail(Assert.java:110)
	at Steps.Registration.the_user_clicks_on_register(Registration.java:123)
	at ✽.the user clicks on register(file:///D:/demowebshop.tricentis.com/src/test/java/Features/RegistrationFeature.feature:13)
</pre></div></td>
<td>13</td>
<td>Runner.Registration@33990a0c</td></tr>
<tr>
<td title='Runner.Cart.runScenario()'><b>runScenario</b><br>Test class: Runner.Cart<br>Test method: Runs Cucumber Scenarios<br>Parameters: "User confirms all books with "AddToCart" button", "To Test DemowebShop Add/Remove from cart functionality"</td>
<td><div><pre>java.lang.AssertionError: Scenario failed - Some products do not have the &apos;Add to Cart&apos; button.
	at Steps.Cart.validateCartButtonForAllBooks(Cart.java:89)
	at ✽.User validates whether all books have addtocart button(file:///D:/demowebshop.tricentis.com/src/test/java/Features/CartFeature.feature:10)
... Removed 1 stack frames</pre></div><a href='#' onClick='toggleBox("stack-trace630347345", this, "Click to show all stack frames", "Click to hide stack frames")'>Click to show all stack frames</a>
<div class='stack-trace' id='stack-trace630347345'><pre>java.lang.AssertionError: Scenario failed - Some products do not have the &apos;Add to Cart&apos; button.
	at org.testng.Assert.fail(Assert.java:110)
	at Steps.Cart.validateCartButtonForAllBooks(Cart.java:89)
	at ✽.User validates whether all books have addtocart button(file:///D:/demowebshop.tricentis.com/src/test/java/Features/CartFeature.feature:10)
</pre></div></td>
<td>30</td>
<td>Runner.Cart@2b48a640</td></tr>
<tr>
<td title='Runner.Poll.runScenario()'><b>runScenario</b><br>Test class: Runner.Poll<br>Test method: Runs Cucumber Scenarios<br>Parameters: "User to poll with login", "To Test DemoWebshop Community Poll Functionality"</td>
<td><div><pre>java.lang.AssertionError: 7525 vote(s)...
	at org.junit.Assert.fail(Assert.java:89)
	at org.junit.Assert.assertTrue(Assert.java:42)
	at org.junit.Assert.assertFalse(Assert.java:65)
	at Steps.Poll.user_select_one_option_from_poll_and_vote(Poll.java:90)
	at ✽.User select one option from poll and vote(file:///D:/demowebshop.tricentis.com/src/test/java/Features/PollFeature.feature:15)
</pre></div><a href='#' onClick='toggleBox("stack-trace1861538871", this, "Click to show all stack frames", "Click to hide stack frames")'>Click to show all stack frames</a>
<div class='stack-trace' id='stack-trace1861538871'><pre>java.lang.AssertionError: 7525 vote(s)...
	at org.junit.Assert.fail(Assert.java:89)
	at org.junit.Assert.assertTrue(Assert.java:42)
	at org.junit.Assert.assertFalse(Assert.java:65)
	at Steps.Poll.user_select_one_option_from_poll_and_vote(Poll.java:90)
	at ✽.User select one option from poll and vote(file:///D:/demowebshop.tricentis.com/src/test/java/Features/PollFeature.feature:15)
</pre></div></td>
<td>14</td>
<td>Runner.Poll@14555e0a</td></tr>
<tr>
<td title='Runner.Registration.runScenario()'><b>runScenario</b><br>Test class: Runner.Registration<br>Test method: Runs Cucumber Scenarios<br>Parameters: "Register user with different data", "To Test the DemoWebShop Register functionality"</td>
<td><div><pre>java.lang.AssertionError: Failure got to catch block
	at Steps.Registration.the_user_clicks_on_register(Registration.java:123)
	at ✽.the user clicks on register(file:///D:/demowebshop.tricentis.com/src/test/java/Features/RegistrationFeature.feature:13)
... Removed 1 stack frames</pre></div><a href='#' onClick='toggleBox("stack-trace85583486", this, "Click to show all stack frames", "Click to hide stack frames")'>Click to show all stack frames</a>
<div class='stack-trace' id='stack-trace85583486'><pre>java.lang.AssertionError: Failure got to catch block
	at org.testng.Assert.fail(Assert.java:110)
	at Steps.Registration.the_user_clicks_on_register(Registration.java:123)
	at ✽.the user clicks on register(file:///D:/demowebshop.tricentis.com/src/test/java/Features/RegistrationFeature.feature:13)
</pre></div></td>
<td>13</td>
<td>Runner.Registration@33990a0c</td></tr>
<tr>
<td title='Runner.Login.runScenario()'><b>runScenario</b><br>Test class: Runner.Login<br>Test method: Runs Cucumber Scenarios<br>Parameters: "User login with different credentials", "To Test DemoWebShop Login functionality"</td>
<td><div><pre>org.openqa.selenium.InvalidElementStateException: invalid element state
  (Session info: chrome=122.0.6261.70)
Build info: version: &apos;4.11.0&apos;, revision: &apos;040bc5406b&apos;
System info: os.name: &apos;Windows 11&apos;, os.arch: &apos;amd64&apos;, os.version: &apos;10.0&apos;, java.version: &apos;21.0.1&apos;
Driver info: org.openqa.selenium.chrome.ChromeDriver
Command: [4d9440faff325f727691c89bb33d468f, clearElement {id=f.C9D0128D87A147048015B3A50950B79D.d.65C8D07ABCC8905061E98F553D6B8A6A.e.78}]
Capabilities {acceptInsecureCerts: false, browserName: chrome, browserVersion: 122.0.6261.70, chrome: {chromedriverVersion: 122.0.6261.94 (880dbf29479c..., userDataDir: C:\Users\shiva\AppData\Loca...}, fedcm:accounts: true, goog:chromeOptions: {debuggerAddress: localhost:61603}, networkConnectionEnabled: false, pageLoadStrategy: normal, platformName: windows, proxy: Proxy(), se:cdp: ws://localhost:61603/devtoo..., se:cdpVersion: 122.0.6261.70, setWindowRect: true, strictFileInteractability: false, timeouts: {implicit: 0, pageLoad: 300000, script: 30000}, unhandledPromptBehavior: dismiss and notify, webauthn:extension:credBlob: true, webauthn:extension:largeBlob: true, webauthn:extension:minPinLength: true, webauthn:extension:prf: true, webauthn:virtualAuthenticators: true}
Element: [[ChromeDriver: chrome on windows (4d9440faff325f727691c89bb33d468f)] -&gt; xpath: //a[@href=&apos;/login&apos;]]
Session ID: 4d9440faff325f727691c89bb33d468f
	at org.openqa.selenium.remote.codec.w3c.W3CHttpResponseCodec.createException(W3CHttpResponseCodec.java:200)
	at org.openqa.selenium.remote.codec.w3c.W3CHttpResponseCodec.decode(W3CHttpResponseCodec.java:133)
	at org.openqa.selenium.remote.codec.w3c.W3CHttpResponseCodec.decode(W3CHttpResponseCodec.java:52)
	at org.openqa.selenium.remote.HttpCommandExecutor.execute(HttpCommandExecutor.java:191)
	at org.openqa.selenium.remote.service.DriverCommandExecutor.invokeExecute(DriverCommandExecutor.java:196)
	at org.openqa.selenium.remote.service.DriverCommandExecutor.execute(DriverCommandExecutor.java:171)
	at org.openqa.selenium.remote.RemoteWebDriver.execute(RemoteWebDriver.java:518)
	at org.openqa.selenium.remote.RemoteWebElement.execute(RemoteWebElement.java:224)
	at org.openqa.selenium.remote.RemoteWebElement.clear(RemoteWebElement.java:130)
	at Steps.Login.messageShouldBeDisplayed(Login.java:77)
	at ✽.Message Should Be Displayed &apos;incorrect email or Password&apos;(file:///D:/demowebshop.tricentis.com/src/test/java/Features/LoginFeature.feature:8)
... Removed 3 stack frames</pre></div><a href='#' onClick='toggleBox("stack-trace493726346", this, "Click to show all stack frames", "Click to hide stack frames")'>Click to show all stack frames</a>
<div class='stack-trace' id='stack-trace493726346'><pre>org.openqa.selenium.InvalidElementStateException: invalid element state
  (Session info: chrome=122.0.6261.70)
Build info: version: &apos;4.11.0&apos;, revision: &apos;040bc5406b&apos;
System info: os.name: &apos;Windows 11&apos;, os.arch: &apos;amd64&apos;, os.version: &apos;10.0&apos;, java.version: &apos;21.0.1&apos;
Driver info: org.openqa.selenium.chrome.ChromeDriver
Command: [4d9440faff325f727691c89bb33d468f, clearElement {id=f.C9D0128D87A147048015B3A50950B79D.d.65C8D07ABCC8905061E98F553D6B8A6A.e.78}]
Capabilities {acceptInsecureCerts: false, browserName: chrome, browserVersion: 122.0.6261.70, chrome: {chromedriverVersion: 122.0.6261.94 (880dbf29479c..., userDataDir: C:\Users\shiva\AppData\Loca...}, fedcm:accounts: true, goog:chromeOptions: {debuggerAddress: localhost:61603}, networkConnectionEnabled: false, pageLoadStrategy: normal, platformName: windows, proxy: Proxy(), se:cdp: ws://localhost:61603/devtoo..., se:cdpVersion: 122.0.6261.70, setWindowRect: true, strictFileInteractability: false, timeouts: {implicit: 0, pageLoad: 300000, script: 30000}, unhandledPromptBehavior: dismiss and notify, webauthn:extension:credBlob: true, webauthn:extension:largeBlob: true, webauthn:extension:minPinLength: true, webauthn:extension:prf: true, webauthn:virtualAuthenticators: true}
Element: [[ChromeDriver: chrome on windows (4d9440faff325f727691c89bb33d468f)] -&gt; xpath: //a[@href=&apos;/login&apos;]]
Session ID: 4d9440faff325f727691c89bb33d468f
	at java.base/jdk.internal.reflect.DirectConstructorHandleAccessor.newInstance(DirectConstructorHandleAccessor.java:62)
	at java.base/java.lang.reflect.Constructor.newInstanceWithCaller(Constructor.java:502)
	at java.base/java.lang.reflect.Constructor.newInstance(Constructor.java:486)
	at org.openqa.selenium.remote.codec.w3c.W3CHttpResponseCodec.createException(W3CHttpResponseCodec.java:200)
	at org.openqa.selenium.remote.codec.w3c.W3CHttpResponseCodec.decode(W3CHttpResponseCodec.java:133)
	at org.openqa.selenium.remote.codec.w3c.W3CHttpResponseCodec.decode(W3CHttpResponseCodec.java:52)
	at org.openqa.selenium.remote.HttpCommandExecutor.execute(HttpCommandExecutor.java:191)
	at org.openqa.selenium.remote.service.DriverCommandExecutor.invokeExecute(DriverCommandExecutor.java:196)
	at org.openqa.selenium.remote.service.DriverCommandExecutor.execute(DriverCommandExecutor.java:171)
	at org.openqa.selenium.remote.RemoteWebDriver.execute(RemoteWebDriver.java:518)
	at org.openqa.selenium.remote.RemoteWebElement.execute(RemoteWebElement.java:224)
	at org.openqa.selenium.remote.RemoteWebElement.clear(RemoteWebElement.java:130)
	at Steps.Login.messageShouldBeDisplayed(Login.java:77)
	at ✽.Message Should Be Displayed &apos;incorrect email or Password&apos;(file:///D:/demowebshop.tricentis.com/src/test/java/Features/LoginFeature.feature:8)
</pre></div></td>
<td>19</td>
<td>Runner.Login@4d02f94e</td></tr>
<tr>
<td title='Runner.Subscription.runScenario()'><b>runScenario</b><br>Test class: Runner.Subscription<br>Test method: Runs Cucumber Scenarios<br>Parameters: "Testing of News Letter Subscription Page", "To Test DemoWebshop NewsLetter Subscription Functionality"</td>
<td><div><pre>org.openqa.selenium.NoSuchSessionException: Session ID is null. Using WebDriver after calling quit()?
Build info: version: &apos;4.11.0&apos;, revision: &apos;040bc5406b&apos;
System info: os.name: &apos;Windows 11&apos;, os.arch: &apos;amd64&apos;, os.version: &apos;10.0&apos;, java.version: &apos;21.0.1&apos;
Driver info: org.openqa.selenium.chrome.ChromeDriver
Command: [null, findElement {using=xpath, value=//a[@class=&apos;ico-logout&apos;]}]
Capabilities {acceptInsecureCerts: false, browserName: chrome, browserVersion: 122.0.6261.70, chrome: {chromedriverVersion: 122.0.6261.94 (880dbf29479c..., userDataDir: C:\Users\shiva\AppData\Loca...}, fedcm:accounts: true, goog:chromeOptions: {debuggerAddress: localhost:63532}, networkConnectionEnabled: false, pageLoadStrategy: normal, platformName: windows, proxy: Proxy(), se:cdp: ws://localhost:63532/devtoo..., se:cdpVersion: 122.0.6261.70, setWindowRect: true, strictFileInteractability: false, timeouts: {implicit: 0, pageLoad: 300000, script: 30000}, unhandledPromptBehavior: dismiss and notify, webauthn:extension:credBlob: true, webauthn:extension:largeBlob: true, webauthn:extension:minPinLength: true, webauthn:extension:prf: true, webauthn:virtualAuthenticators: true}
	at org.openqa.selenium.remote.HttpCommandExecutor.execute(HttpCommandExecutor.java:152)
	at org.openqa.selenium.remote.service.DriverCommandExecutor.invokeExecute(DriverCommandExecutor.java:196)
	at org.openqa.selenium.remote.service.DriverCommandExecutor.execute(DriverCommandExecutor.java:171)
	at org.openqa.selenium.remote.RemoteWebDriver.execute(RemoteWebDriver.java:518)
	at org.openqa.selenium.remote.ElementLocation$ElementFinder$2.findElement(ElementLocation.java:165)
	at org.openqa.selenium.remote.ElementLocation.findElement(ElementLocation.java:59)
	at org.openqa.selenium.remote.RemoteWebDriver.findElement(RemoteWebDriver.java:355)
	at org.openqa.selenium.remote.RemoteWebDriver.findElement(RemoteWebDriver.java:349)
	at org.openqa.selenium.support.pagefactory.DefaultElementLocator.findElement(DefaultElementLocator.java:68)
	at org.openqa.selenium.support.pagefactory.internal.LocatingElementHandler.invoke(LocatingElementHandler.java:38)
	at jdk.proxy2/jdk.proxy2.$Proxy48.click(Unknown Source)
	at Pages.SubscriptionPage.Click_Logout(SubscriptionPage.java:87)
	at Steps.Subscription.i_logout(Subscription.java:107)
	at ✽.I logout(file:///D:/demowebshop.tricentis.com/src/test/java/Features/SubscriptionFeature.feature:14)
</pre></div><a href='#' onClick='toggleBox("stack-trace339843880", this, "Click to show all stack frames", "Click to hide stack frames")'>Click to show all stack frames</a>
<div class='stack-trace' id='stack-trace339843880'><pre>org.openqa.selenium.NoSuchSessionException: Session ID is null. Using WebDriver after calling quit()?
Build info: version: &apos;4.11.0&apos;, revision: &apos;040bc5406b&apos;
System info: os.name: &apos;Windows 11&apos;, os.arch: &apos;amd64&apos;, os.version: &apos;10.0&apos;, java.version: &apos;21.0.1&apos;
Driver info: org.openqa.selenium.chrome.ChromeDriver
Command: [null, findElement {using=xpath, value=//a[@class=&apos;ico-logout&apos;]}]
Capabilities {acceptInsecureCerts: false, browserName: chrome, browserVersion: 122.0.6261.70, chrome: {chromedriverVersion: 122.0.6261.94 (880dbf29479c..., userDataDir: C:\Users\shiva\AppData\Loca...}, fedcm:accounts: true, goog:chromeOptions: {debuggerAddress: localhost:63532}, networkConnectionEnabled: false, pageLoadStrategy: normal, platformName: windows, proxy: Proxy(), se:cdp: ws://localhost:63532/devtoo..., se:cdpVersion: 122.0.6261.70, setWindowRect: true, strictFileInteractability: false, timeouts: {implicit: 0, pageLoad: 300000, script: 30000}, unhandledPromptBehavior: dismiss and notify, webauthn:extension:credBlob: true, webauthn:extension:largeBlob: true, webauthn:extension:minPinLength: true, webauthn:extension:prf: true, webauthn:virtualAuthenticators: true}
	at org.openqa.selenium.remote.HttpCommandExecutor.execute(HttpCommandExecutor.java:152)
	at org.openqa.selenium.remote.service.DriverCommandExecutor.invokeExecute(DriverCommandExecutor.java:196)
	at org.openqa.selenium.remote.service.DriverCommandExecutor.execute(DriverCommandExecutor.java:171)
	at org.openqa.selenium.remote.RemoteWebDriver.execute(RemoteWebDriver.java:518)
	at org.openqa.selenium.remote.ElementLocation$ElementFinder$2.findElement(ElementLocation.java:165)
	at org.openqa.selenium.remote.ElementLocation.findElement(ElementLocation.java:59)
	at org.openqa.selenium.remote.RemoteWebDriver.findElement(RemoteWebDriver.java:355)
	at org.openqa.selenium.remote.RemoteWebDriver.findElement(RemoteWebDriver.java:349)
	at org.openqa.selenium.support.pagefactory.DefaultElementLocator.findElement(DefaultElementLocator.java:68)
	at org.openqa.selenium.support.pagefactory.internal.LocatingElementHandler.invoke(LocatingElementHandler.java:38)
	at jdk.proxy2/jdk.proxy2.$Proxy48.click(Unknown Source)
	at Pages.SubscriptionPage.Click_Logout(SubscriptionPage.java:87)
	at Steps.Subscription.i_logout(Subscription.java:107)
	at ✽.I logout(file:///D:/demowebshop.tricentis.com/src/test/java/Features/SubscriptionFeature.feature:14)
</pre></div></td>
<td>39</td>
<td>Runner.Subscription@4bb33f74</td></tr>
<tr>
<td title='Runner.Poll.runScenario()'><b>runScenario</b><br>Test class: Runner.Poll<br>Test method: Runs Cucumber Scenarios<br>Parameters: "User to poll without Login", "To Test DemoWebshop Community Poll Functionality"</td>
<td><div><pre>java.lang.AssertionError: Only registered users can vote.
	at org.junit.Assert.fail(Assert.java:89)
	at org.junit.Assert.assertTrue(Assert.java:42)
	at org.junit.Assert.assertFalse(Assert.java:65)
	at Steps.Poll.click_on_vote_button(Poll.java:66)
	at ✽.Click on vote button(file:///D:/demowebshop.tricentis.com/src/test/java/Features/PollFeature.feature:11)
</pre></div><a href='#' onClick='toggleBox("stack-trace1959926521", this, "Click to show all stack frames", "Click to hide stack frames")'>Click to show all stack frames</a>
<div class='stack-trace' id='stack-trace1959926521'><pre>java.lang.AssertionError: Only registered users can vote.
	at org.junit.Assert.fail(Assert.java:89)
	at org.junit.Assert.assertTrue(Assert.java:42)
	at org.junit.Assert.assertFalse(Assert.java:65)
	at Steps.Poll.click_on_vote_button(Poll.java:66)
	at ✽.Click on vote button(file:///D:/demowebshop.tricentis.com/src/test/java/Features/PollFeature.feature:11)
</pre></div></td>
<td>15</td>
<td>Runner.Poll@14555e0a</td></tr>
<tr>
<td title='Runner.Registration.runScenario()'><b>runScenario</b><br>Test class: Runner.Registration<br>Test method: Runs Cucumber Scenarios<br>Parameters: "Register user with different data", "To Test the DemoWebShop Register functionality"</td>
<td><div><pre>java.lang.AssertionError: Failure got to catch block
	at Steps.Registration.the_user_clicks_on_register(Registration.java:123)
	at ✽.the user clicks on register(file:///D:/demowebshop.tricentis.com/src/test/java/Features/RegistrationFeature.feature:13)
... Removed 1 stack frames</pre></div><a href='#' onClick='toggleBox("stack-trace24651926", this, "Click to show all stack frames", "Click to hide stack frames")'>Click to show all stack frames</a>
<div class='stack-trace' id='stack-trace24651926'><pre>java.lang.AssertionError: Failure got to catch block
	at org.testng.Assert.fail(Assert.java:110)
	at Steps.Registration.the_user_clicks_on_register(Registration.java:123)
	at ✽.the user clicks on register(file:///D:/demowebshop.tricentis.com/src/test/java/Features/RegistrationFeature.feature:13)
</pre></div></td>
<td>14</td>
<td>Runner.Registration@33990a0c</td></tr>
<tr>
<td title='Runner.Registration.runScenario()'><b>runScenario</b><br>Test class: Runner.Registration<br>Test method: Runs Cucumber Scenarios<br>Parameters: "Register user with different data", "To Test the DemoWebShop Register functionality"</td>
<td><div><pre>java.lang.AssertionError: Failure got to catch block
	at Steps.Registration.the_user_clicks_on_register(Registration.java:123)
	at ✽.the user clicks on register(file:///D:/demowebshop.tricentis.com/src/test/java/Features/RegistrationFeature.feature:13)
... Removed 1 stack frames</pre></div><a href='#' onClick='toggleBox("stack-trace127635147", this, "Click to show all stack frames", "Click to hide stack frames")'>Click to show all stack frames</a>
<div class='stack-trace' id='stack-trace127635147'><pre>java.lang.AssertionError: Failure got to catch block
	at org.testng.Assert.fail(Assert.java:110)
	at Steps.Registration.the_user_clicks_on_register(Registration.java:123)
	at ✽.the user clicks on register(file:///D:/demowebshop.tricentis.com/src/test/java/Features/RegistrationFeature.feature:13)
</pre></div></td>
<td>22</td>
<td>Runner.Registration@33990a0c</td></tr>
<tr>
<td title='Runner.Login.runScenario()'><b>runScenario</b><br>Test class: Runner.Login<br>Test method: Runs Cucumber Scenarios<br>Parameters: "User login with different credentials", "To Test DemoWebShop Login functionality"</td>
<td><div><pre>org.openqa.selenium.InvalidElementStateException: invalid element state
  (Session info: chrome=122.0.6261.70)
Build info: version: &apos;4.11.0&apos;, revision: &apos;040bc5406b&apos;
System info: os.name: &apos;Windows 11&apos;, os.arch: &apos;amd64&apos;, os.version: &apos;10.0&apos;, java.version: &apos;21.0.1&apos;
Driver info: org.openqa.selenium.chrome.ChromeDriver
Command: [9feda1a0795e249fcaf1f06b357b09a6, clearElement {id=f.C264B5DC0E57BE58753FB020177C4219.d.3FEE2C4A2C8630FFDBCEA67CA5055F36.e.78}]
Capabilities {acceptInsecureCerts: false, browserName: chrome, browserVersion: 122.0.6261.70, chrome: {chromedriverVersion: 122.0.6261.94 (880dbf29479c..., userDataDir: C:\Users\shiva\AppData\Loca...}, fedcm:accounts: true, goog:chromeOptions: {debuggerAddress: localhost:61953}, networkConnectionEnabled: false, pageLoadStrategy: normal, platformName: windows, proxy: Proxy(), se:cdp: ws://localhost:61953/devtoo..., se:cdpVersion: 122.0.6261.70, setWindowRect: true, strictFileInteractability: false, timeouts: {implicit: 0, pageLoad: 300000, script: 30000}, unhandledPromptBehavior: dismiss and notify, webauthn:extension:credBlob: true, webauthn:extension:largeBlob: true, webauthn:extension:minPinLength: true, webauthn:extension:prf: true, webauthn:virtualAuthenticators: true}
Element: [[ChromeDriver: chrome on windows (9feda1a0795e249fcaf1f06b357b09a6)] -&gt; xpath: //a[@href=&apos;/login&apos;]]
Session ID: 9feda1a0795e249fcaf1f06b357b09a6
	at org.openqa.selenium.remote.codec.w3c.W3CHttpResponseCodec.createException(W3CHttpResponseCodec.java:200)
	at org.openqa.selenium.remote.codec.w3c.W3CHttpResponseCodec.decode(W3CHttpResponseCodec.java:133)
	at org.openqa.selenium.remote.codec.w3c.W3CHttpResponseCodec.decode(W3CHttpResponseCodec.java:52)
	at org.openqa.selenium.remote.HttpCommandExecutor.execute(HttpCommandExecutor.java:191)
	at org.openqa.selenium.remote.service.DriverCommandExecutor.invokeExecute(DriverCommandExecutor.java:196)
	at org.openqa.selenium.remote.service.DriverCommandExecutor.execute(DriverCommandExecutor.java:171)
	at org.openqa.selenium.remote.RemoteWebDriver.execute(RemoteWebDriver.java:518)
	at org.openqa.selenium.remote.RemoteWebElement.execute(RemoteWebElement.java:224)
	at org.openqa.selenium.remote.RemoteWebElement.clear(RemoteWebElement.java:130)
	at Steps.Login.messageShouldBeDisplayed(Login.java:77)
	at ✽.Message Should Be Displayed &apos;incorrect email or Password&apos;(file:///D:/demowebshop.tricentis.com/src/test/java/Features/LoginFeature.feature:8)
... Removed 3 stack frames</pre></div><a href='#' onClick='toggleBox("stack-trace51079645", this, "Click to show all stack frames", "Click to hide stack frames")'>Click to show all stack frames</a>
<div class='stack-trace' id='stack-trace51079645'><pre>org.openqa.selenium.InvalidElementStateException: invalid element state
  (Session info: chrome=122.0.6261.70)
Build info: version: &apos;4.11.0&apos;, revision: &apos;040bc5406b&apos;
System info: os.name: &apos;Windows 11&apos;, os.arch: &apos;amd64&apos;, os.version: &apos;10.0&apos;, java.version: &apos;21.0.1&apos;
Driver info: org.openqa.selenium.chrome.ChromeDriver
Command: [9feda1a0795e249fcaf1f06b357b09a6, clearElement {id=f.C264B5DC0E57BE58753FB020177C4219.d.3FEE2C4A2C8630FFDBCEA67CA5055F36.e.78}]
Capabilities {acceptInsecureCerts: false, browserName: chrome, browserVersion: 122.0.6261.70, chrome: {chromedriverVersion: 122.0.6261.94 (880dbf29479c..., userDataDir: C:\Users\shiva\AppData\Loca...}, fedcm:accounts: true, goog:chromeOptions: {debuggerAddress: localhost:61953}, networkConnectionEnabled: false, pageLoadStrategy: normal, platformName: windows, proxy: Proxy(), se:cdp: ws://localhost:61953/devtoo..., se:cdpVersion: 122.0.6261.70, setWindowRect: true, strictFileInteractability: false, timeouts: {implicit: 0, pageLoad: 300000, script: 30000}, unhandledPromptBehavior: dismiss and notify, webauthn:extension:credBlob: true, webauthn:extension:largeBlob: true, webauthn:extension:minPinLength: true, webauthn:extension:prf: true, webauthn:virtualAuthenticators: true}
Element: [[ChromeDriver: chrome on windows (9feda1a0795e249fcaf1f06b357b09a6)] -&gt; xpath: //a[@href=&apos;/login&apos;]]
Session ID: 9feda1a0795e249fcaf1f06b357b09a6
	at java.base/jdk.internal.reflect.DirectConstructorHandleAccessor.newInstance(DirectConstructorHandleAccessor.java:62)
	at java.base/java.lang.reflect.Constructor.newInstanceWithCaller(Constructor.java:502)
	at java.base/java.lang.reflect.Constructor.newInstance(Constructor.java:486)
	at org.openqa.selenium.remote.codec.w3c.W3CHttpResponseCodec.createException(W3CHttpResponseCodec.java:200)
	at org.openqa.selenium.remote.codec.w3c.W3CHttpResponseCodec.decode(W3CHttpResponseCodec.java:133)
	at org.openqa.selenium.remote.codec.w3c.W3CHttpResponseCodec.decode(W3CHttpResponseCodec.java:52)
	at org.openqa.selenium.remote.HttpCommandExecutor.execute(HttpCommandExecutor.java:191)
	at org.openqa.selenium.remote.service.DriverCommandExecutor.invokeExecute(DriverCommandExecutor.java:196)
	at org.openqa.selenium.remote.service.DriverCommandExecutor.execute(DriverCommandExecutor.java:171)
	at org.openqa.selenium.remote.RemoteWebDriver.execute(RemoteWebDriver.java:518)
	at org.openqa.selenium.remote.RemoteWebElement.execute(RemoteWebElement.java:224)
	at org.openqa.selenium.remote.RemoteWebElement.clear(RemoteWebElement.java:130)
	at Steps.Login.messageShouldBeDisplayed(Login.java:77)
	at ✽.Message Should Be Displayed &apos;incorrect email or Password&apos;(file:///D:/demowebshop.tricentis.com/src/test/java/Features/LoginFeature.feature:8)
</pre></div></td>
<td>20</td>
<td>Runner.Login@4d02f94e</td></tr>
<tr>
<td title='Runner.Login.runScenario()'><b>runScenario</b><br>Test class: Runner.Login<br>Test method: Runs Cucumber Scenarios<br>Parameters: "User login with different credentials", "To Test DemoWebShop Login functionality"</td>
<td><div><pre>org.openqa.selenium.InvalidElementStateException: invalid element state
  (Session info: chrome=122.0.6261.70)
Build info: version: &apos;4.11.0&apos;, revision: &apos;040bc5406b&apos;
System info: os.name: &apos;Windows 11&apos;, os.arch: &apos;amd64&apos;, os.version: &apos;10.0&apos;, java.version: &apos;21.0.1&apos;
Driver info: org.openqa.selenium.chrome.ChromeDriver
Command: [263f4a6da882bfa9a51e4cca071c233f, clearElement {id=f.9D6928CB61D19EEFD9212048B11D022F.d.F8FF5FE1BB24692911D9355DCAF07265.e.75}]
Capabilities {acceptInsecureCerts: false, browserName: chrome, browserVersion: 122.0.6261.70, chrome: {chromedriverVersion: 122.0.6261.94 (880dbf29479c..., userDataDir: C:\Users\shiva\AppData\Loca...}, fedcm:accounts: true, goog:chromeOptions: {debuggerAddress: localhost:61777}, networkConnectionEnabled: false, pageLoadStrategy: normal, platformName: windows, proxy: Proxy(), se:cdp: ws://localhost:61777/devtoo..., se:cdpVersion: 122.0.6261.70, setWindowRect: true, strictFileInteractability: false, timeouts: {implicit: 0, pageLoad: 300000, script: 30000}, unhandledPromptBehavior: dismiss and notify, webauthn:extension:credBlob: true, webauthn:extension:largeBlob: true, webauthn:extension:minPinLength: true, webauthn:extension:prf: true, webauthn:virtualAuthenticators: true}
Element: [[ChromeDriver: chrome on windows (263f4a6da882bfa9a51e4cca071c233f)] -&gt; xpath: //a[@href=&apos;/login&apos;]]
Session ID: 263f4a6da882bfa9a51e4cca071c233f
	at org.openqa.selenium.remote.codec.w3c.W3CHttpResponseCodec.createException(W3CHttpResponseCodec.java:200)
	at org.openqa.selenium.remote.codec.w3c.W3CHttpResponseCodec.decode(W3CHttpResponseCodec.java:133)
	at org.openqa.selenium.remote.codec.w3c.W3CHttpResponseCodec.decode(W3CHttpResponseCodec.java:52)
	at org.openqa.selenium.remote.HttpCommandExecutor.execute(HttpCommandExecutor.java:191)
	at org.openqa.selenium.remote.service.DriverCommandExecutor.invokeExecute(DriverCommandExecutor.java:196)
	at org.openqa.selenium.remote.service.DriverCommandExecutor.execute(DriverCommandExecutor.java:171)
	at org.openqa.selenium.remote.RemoteWebDriver.execute(RemoteWebDriver.java:518)
	at org.openqa.selenium.remote.RemoteWebElement.execute(RemoteWebElement.java:224)
	at org.openqa.selenium.remote.RemoteWebElement.clear(RemoteWebElement.java:130)
	at Steps.Login.messageShouldBeDisplayed(Login.java:77)
	at ✽.Message Should Be Displayed &apos;incorrect email or Password&apos;(file:///D:/demowebshop.tricentis.com/src/test/java/Features/LoginFeature.feature:8)
... Removed 3 stack frames</pre></div><a href='#' onClick='toggleBox("stack-trace724334993", this, "Click to show all stack frames", "Click to hide stack frames")'>Click to show all stack frames</a>
<div class='stack-trace' id='stack-trace724334993'><pre>org.openqa.selenium.InvalidElementStateException: invalid element state
  (Session info: chrome=122.0.6261.70)
Build info: version: &apos;4.11.0&apos;, revision: &apos;040bc5406b&apos;
System info: os.name: &apos;Windows 11&apos;, os.arch: &apos;amd64&apos;, os.version: &apos;10.0&apos;, java.version: &apos;21.0.1&apos;
Driver info: org.openqa.selenium.chrome.ChromeDriver
Command: [263f4a6da882bfa9a51e4cca071c233f, clearElement {id=f.9D6928CB61D19EEFD9212048B11D022F.d.F8FF5FE1BB24692911D9355DCAF07265.e.75}]
Capabilities {acceptInsecureCerts: false, browserName: chrome, browserVersion: 122.0.6261.70, chrome: {chromedriverVersion: 122.0.6261.94 (880dbf29479c..., userDataDir: C:\Users\shiva\AppData\Loca...}, fedcm:accounts: true, goog:chromeOptions: {debuggerAddress: localhost:61777}, networkConnectionEnabled: false, pageLoadStrategy: normal, platformName: windows, proxy: Proxy(), se:cdp: ws://localhost:61777/devtoo..., se:cdpVersion: 122.0.6261.70, setWindowRect: true, strictFileInteractability: false, timeouts: {implicit: 0, pageLoad: 300000, script: 30000}, unhandledPromptBehavior: dismiss and notify, webauthn:extension:credBlob: true, webauthn:extension:largeBlob: true, webauthn:extension:minPinLength: true, webauthn:extension:prf: true, webauthn:virtualAuthenticators: true}
Element: [[ChromeDriver: chrome on windows (263f4a6da882bfa9a51e4cca071c233f)] -&gt; xpath: //a[@href=&apos;/login&apos;]]
Session ID: 263f4a6da882bfa9a51e4cca071c233f
	at java.base/jdk.internal.reflect.DirectConstructorHandleAccessor.newInstance(DirectConstructorHandleAccessor.java:62)
	at java.base/java.lang.reflect.Constructor.newInstanceWithCaller(Constructor.java:502)
	at java.base/java.lang.reflect.Constructor.newInstance(Constructor.java:486)
	at org.openqa.selenium.remote.codec.w3c.W3CHttpResponseCodec.createException(W3CHttpResponseCodec.java:200)
	at org.openqa.selenium.remote.codec.w3c.W3CHttpResponseCodec.decode(W3CHttpResponseCodec.java:133)
	at org.openqa.selenium.remote.codec.w3c.W3CHttpResponseCodec.decode(W3CHttpResponseCodec.java:52)
	at org.openqa.selenium.remote.HttpCommandExecutor.execute(HttpCommandExecutor.java:191)
	at org.openqa.selenium.remote.service.DriverCommandExecutor.invokeExecute(DriverCommandExecutor.java:196)
	at org.openqa.selenium.remote.service.DriverCommandExecutor.execute(DriverCommandExecutor.java:171)
	at org.openqa.selenium.remote.RemoteWebDriver.execute(RemoteWebDriver.java:518)
	at org.openqa.selenium.remote.RemoteWebElement.execute(RemoteWebElement.java:224)
	at org.openqa.selenium.remote.RemoteWebElement.clear(RemoteWebElement.java:130)
	at Steps.Login.messageShouldBeDisplayed(Login.java:77)
	at ✽.Message Should Be Displayed &apos;incorrect email or Password&apos;(file:///D:/demowebshop.tricentis.com/src/test/java/Features/LoginFeature.feature:8)
</pre></div></td>
<td>18</td>
<td>Runner.Login@4d02f94e</td></tr>
</table><p>
</body>
</html>