<?xml version="1.0" encoding="UTF-8"?>
<!-- Generated by org.testng.reporters.JUnitReportReporter -->
<testsuite hostname="iamPoatan" failures="2" tests="6" name="Runner.Poll" time="107.731" errors="0" timestamp="2024-03-01T09:45:21 IST" skipped="2">
  <testcase classname="Runner.Poll" name="runScenario" time="20.108"/>
  <system-out/>
  <testcase classname="Runner.Poll" name="runScenario" time="14.364">
    <skipped/>
  </testcase> <!-- runScenario -->
  <system-out/>
  <testcase classname="Runner.Poll" name="runScenario" time="15.265">
    <failure message="7525 vote(s)..." type="java.lang.AssertionError">
      <![CDATA[java.lang.AssertionError: 7525 vote(s)...
at org.junit.Assert.fail(Assert.java:89)
at org.junit.Assert.assertTrue(Assert.java:42)
at org.junit.Assert.assertFalse(Assert.java:65)
at Steps.Poll.user_select_one_option_from_poll_and_vote(Poll.java:90)
at ✽.User select one option from poll and vote(file:///D:/demowebshop.tricentis.com/src/test/java/Features/PollFeature.feature:15)
]]>
    </failure>
  </testcase> <!-- runScenario -->
  <system-out/>
  <testcase classname="Runner.Poll" name="runScenario" time="27.863">
    <failure message="Only registered users can vote." type="java.lang.AssertionError">
      <![CDATA[java.lang.AssertionError: Only registered users can vote.
at org.junit.Assert.fail(Assert.java:89)
at org.junit.Assert.assertTrue(Assert.java:42)
at org.junit.Assert.assertFalse(Assert.java:65)
at Steps.Poll.click_on_vote_button(Poll.java:66)
at ✽.Click on vote button(file:///D:/demowebshop.tricentis.com/src/test/java/Features/PollFeature.feature:11)
]]>
    </failure>
  </testcase> <!-- runScenario -->
  <system-out/>
  <testcase classname="Runner.Poll" name="runScenario" time="14.310"/>
  <system-out/>
  <testcase classname="Runner.Poll" name="runScenario" time="15.821">
    <skipped/>
  </testcase> <!-- runScenario -->
  <system-out/>
</testsuite> <!-- Runner.Poll -->
