<?xml version="1.0" encoding="UTF-8"?>
<!-- Generated by org.testng.reporters.JUnitReportReporter -->
<testsuite hostname="iamPoatan" failures="1" tests="3" name="Runner.Cart" time="89.197" errors="0" timestamp="2024-03-01T10:51:48 IST" skipped="0">
  <testcase classname="Runner.Cart" name="runScenario" time="27.994"/>
  <system-out/>
  <testcase classname="Runner.Cart" name="runScenario" time="36.538">
    <failure message="Scenario failed - Some products do not have the &#039;Add to Cart&#039; button." type="java.lang.AssertionError">
      <![CDATA[java.lang.AssertionError: Scenario failed - Some products do not have the 'Add to Cart' button.
at org.testng.Assert.fail(Assert.java:110)
at Steps.Cart.validateCartButtonForAllBooks(Cart.java:89)
at âœ½.User validates whether all books have addtocart button(file:///D:/demowebshop.tricentis.com/src/test/java/Features/CartFeature.feature:10)
]]>
    </failure>
  </testcase> <!-- runScenario -->
  <system-out/>
  <testcase classname="Runner.Cart" name="runScenario" time="24.665"/>
  <system-out/>
</testsuite> <!-- Runner.Cart -->
